#
# A fatal error has been detected by the Java Runtime Environment:
#
#  SIGSEGV (0xb) at pc=0x000078c02fd4f8d5, pid=4739, tid=4757
#
# JRE version: OpenJDK Runtime Environment (21.0.6+7) (build 21.0.6+7-Ubuntu-124.04.1)
# Java VM: OpenJDK 64-Bit Server VM (21.0.6+7-Ubuntu-124.04.1, mixed mode, sharing, tiered, compressed oops, compressed class ptrs, g1 gc, linux-amd64)
# Problematic frame:
# j  org.eclipse.sisu.bean.BeanPropertyField.set(Ljava/lang/Object;Ljava/lang/Object;)V+4
#
# Core dump will be written. Default location: Core dumps may be processed with "/usr/lib/systemd/systemd-coredump %P %u %g %s %t 9223372036854775808 %h" (or dumping to /home/edu/IPC2-2025/Hyrule-events/HyruleEvents/core.4739)
#
# If you would like to submit a bug report, please visit:
#   https://bugs.launchpad.net/ubuntu/+source/openjdk-21
#

---------------  S U M M A R Y ------------

Command Line: -Dclassworlds.conf=/usr/lib/apache-netbeans/java/maven/bin/m2.conf -Dmaven.home=/usr/lib/apache-netbeans/java/maven -Dlibrary.jansi.path=/usr/lib/apache-netbeans/java/maven/lib/jansi-native -Dmaven.multiModuleProjectDirectory=/home/edu/IPC2-2025/Hyrule-events/HyruleEvents org.codehaus.plexus.classworlds.launcher.Launcher -Dexec.vmArgs= -Dexec.args=${exec.vmArgs} -classpath %classpath ${exec.mainClass} ${exec.appArgs} -Dexec.appArgs= -Dexec.mainClass=com.mycompany.hyruleevents.HyruleEvents -Dexec.executable=/usr/lib/jvm/java-21-openjdk-amd64/bin/java -Dmaven.ext.class.path=/usr/lib/apache-netbeans/java/maven-nblib/netbeans-eventspy.jar --no-transfer-progress process-classes org.codehaus.mojo:exec-maven-plugin:3.1.0:exec

Host: Intel(R) Core(TM) i5-10400 CPU @ 2.90GHz, 12 cores, 7G, Linux Mint 22.1 Xia
Time: Fri Aug  8 10:56:37 2025 CST elapsed time: 0.983886 seconds (0d 0h 0m 0s)

---------------  T H R E A D  ---------------

Current thread (0x000078c0400197b0):  JavaThread "main"             [_thread_in_Java, id=4757, stack(0x000078c045100000,0x000078c045200000) (1024K)]

Stack: [0x000078c045100000,0x000078c045200000],  sp=0x000078c0451fc4a8,  free space=1009k
Native frames: (J=compiled Java code, j=interpreted, Vv=VM code, C=native code)
j  org.eclipse.sisu.bean.BeanPropertyField.set(Ljava/lang/Object;Ljava/lang/Object;)V+4
j  org.eclipse.sisu.plexus.ProvidedPropertyBinding.injectProperty(Ljava/lang/Object;)V+14
j  org.eclipse.sisu.bean.BeanInjector.injectMembers(Ljava/lang/Object;)V+26
j  com.google.inject.internal.MembersInjectorImpl.injectMembers(Ljava/lang/Object;Lcom/google/inject/internal/InternalContext;Z)V+115
j  com.google.inject.internal.ConstructorInjector.provision(Lcom/google/inject/internal/InternalContext;Lcom/google/inject/internal/ConstructionContext;)Ljava/lang/Object;+59
j  com.google.inject.internal.ConstructorInjector.access$000(Lcom/google/inject/internal/ConstructorInjector;Lcom/google/inject/internal/InternalContext;Lcom/google/inject/internal/ConstructionContext;)Ljava/lang/Object;+3
j  com.google.inject.internal.ConstructorInjector$1.call()Ljava/lang/Object;+12
j  com.google.inject.internal.ProvisionListenerStackCallback$Provision.provision()Ljava/lang/Object;+30
j  com.google.inject.internal.ProvisionListenerStackCallback$Provision.provision()Ljava/lang/Object;+118
j  com.google.inject.internal.ProvisionListenerStackCallback.provision(Lcom/google/inject/internal/InternalContext;Lcom/google/inject/internal/ProvisionListenerStackCallback$ProvisionCallback;)Ljava/lang/Object;+14
j  com.google.inject.internal.ConstructorInjector.construct(Lcom/google/inject/internal/InternalContext;Lcom/google/inject/spi/Dependency;Lcom/google/inject/internal/ProvisionListenerStackCallback;)Ljava/lang/Object;+113
j  com.google.inject.internal.ConstructorBindingImpl$Factory.get(Lcom/google/inject/internal/InternalContext;Lcom/google/inject/spi/Dependency;Z)Ljava/lang/Object;+48
j  com.google.inject.internal.InjectorImpl$1.get()Ljava/lang/Object;+18
j  com.google.inject.internal.InjectorImpl.getInstance(Ljava/lang/Class;)Ljava/lang/Object;+5
j  org.eclipse.sisu.space.AbstractDeferredClass.get()Ljava/lang/Object;+8
j  com.google.inject.internal.ProviderInternalFactory.provision(Ljavax/inject/Provider;Lcom/google/inject/spi/Dependency;Lcom/google/inject/internal/ConstructionContext;)Ljava/lang/Object;+1
j  com.google.inject.internal.InternalFactoryToInitializableAdapter.provision(Ljavax/inject/Provider;Lcom/google/inject/spi/Dependency;Lcom/google/inject/internal/ConstructionContext;)Ljava/lang/Object;+4
j  com.google.inject.internal.ProviderInternalFactory$1.call()Ljava/lang/Object;+16
j  com.google.inject.internal.ProvisionListenerStackCallback$Provision.provision()Ljava/lang/Object;+30
j  com.google.inject.internal.ProvisionListenerStackCallback$Provision.provision()Ljava/lang/Object;+118
j  com.google.inject.internal.ProvisionListenerStackCallback.provision(Lcom/google/inject/internal/InternalContext;Lcom/google/inject/internal/ProvisionListenerStackCallback$ProvisionCallback;)Ljava/lang/Object;+14
j  com.google.inject.internal.ProviderInternalFactory.circularGet(Ljavax/inject/Provider;Lcom/google/inject/internal/InternalContext;Lcom/google/inject/spi/Dependency;Lcom/google/inject/internal/ProvisionListenerStackCallback;)Ljava/lang/Object;+91
j  com.google.inject.internal.InternalFactoryToInitializableAdapter.get(Lcom/google/inject/internal/InternalContext;Lcom/google/inject/spi/Dependency;Z)Ljava/lang/Object;+19
j  com.google.inject.internal.ProviderToInternalFactoryAdapter.get()Ljava/lang/Object;+18
j  com.google.inject.internal.SingletonScope$1.get()Ljava/lang/Object;+58
j  com.google.inject.internal.InternalFactoryToProviderAdapter.get(Lcom/google/inject/internal/InternalContext;Lcom/google/inject/spi/Dependency;Z)Ljava/lang/Object;+9
j  com.google.inject.internal.InjectorImpl$1.get()Ljava/lang/Object;+18
j  org.eclipse.sisu.inject.LazyBeanEntry.getValue()Ljava/lang/Object;+4
j  org.eclipse.sisu.plexus.LazyPlexusBean.getValue()Ljava/lang/Object;+4
j  org.eclipse.sisu.plexus.PlexusRequirements$RequirementProvider.get()Ljava/lang/Object;+28
j  org.eclipse.sisu.plexus.ProvidedPropertyBinding.injectProperty(Ljava/lang/Object;)V+9
j  org.eclipse.sisu.bean.BeanInjector.injectMembers(Ljava/lang/Object;)V+26
j  com.google.inject.internal.MembersInjectorImpl.injectMembers(Ljava/lang/Object;Lcom/google/inject/internal/InternalContext;Z)V+115
j  com.google.inject.internal.ConstructorInjector.provision(Lcom/google/inject/internal/InternalContext;Lcom/google/inject/internal/ConstructionContext;)Ljava/lang/Object;+59
j  com.google.inject.internal.ConstructorInjector.access$000(Lcom/google/inject/internal/ConstructorInjector;Lcom/google/inject/internal/InternalContext;Lcom/google/inject/internal/ConstructionContext;)Ljava/lang/Object;+3
j  com.google.inject.internal.ConstructorInjector$1.call()Ljava/lang/Object;+12
j  com.google.inject.internal.ProvisionListenerStackCallback$Provision.provision()Ljava/lang/Object;+30
j  com.google.inject.internal.ProvisionListenerStackCallback$Provision.provision()Ljava/lang/Object;+118
j  com.google.inject.internal.ProvisionListenerStackCallback.provision(Lcom/google/inject/internal/InternalContext;Lcom/google/inject/internal/ProvisionListenerStackCallback$ProvisionCallback;)Ljava/lang/Object;+14
j  com.google.inject.internal.ConstructorInjector.construct(Lcom/google/inject/internal/InternalContext;Lcom/google/inject/spi/Dependency;Lcom/google/inject/internal/ProvisionListenerStackCallback;)Ljava/lang/Object;+113
j  com.google.inject.internal.ConstructorBindingImpl$Factory.get(Lcom/google/inject/internal/InternalContext;Lcom/google/inject/spi/Dependency;Z)Ljava/lang/Object;+48
j  com.google.inject.internal.InjectorImpl$1.get()Ljava/lang/Object;+18
j  com.google.inject.internal.InjectorImpl.getInstance(Ljava/lang/Class;)Ljava/lang/Object;+5
j  org.eclipse.sisu.space.AbstractDeferredClass.get()Ljava/lang/Object;+8
j  com.google.inject.internal.ProviderInternalFactory.provision(Ljavax/inject/Provider;Lcom/google/inject/spi/Dependency;Lcom/google/inject/internal/ConstructionContext;)Ljava/lang/Object;+1
j  com.google.inject.internal.InternalFactoryToInitializableAdapter.provision(Ljavax/inject/Provider;Lcom/google/inject/spi/Dependency;Lcom/google/inject/internal/ConstructionContext;)Ljava/lang/Object;+4
j  com.google.inject.internal.ProviderInternalFactory$1.call()Ljava/lang/Object;+16
j  com.google.inject.internal.ProvisionListenerStackCallback$Provision.provision()Ljava/lang/Object;+30
j  org.eclipse.sisu.bean.BeanScheduler$CycleActivator.onProvision(Lcom/google/inject/spi/ProvisionListener$ProvisionInvocation;)V+62
j  com.google.inject.internal.ProvisionListenerStackCallback$Provision.provision()Ljava/lang/Object;+85
j  com.google.inject.internal.ProvisionListenerStackCallback.provision(Lcom/google/inject/internal/InternalContext;Lcom/google/inject/internal/ProvisionListenerStackCallback$ProvisionCallback;)Ljava/lang/Object;+14
j  com.google.inject.internal.ProviderInternalFactory.circularGet(Ljavax/inject/Provider;Lcom/google/inject/internal/InternalContext;Lcom/google/inject/spi/Dependency;Lcom/google/inject/internal/ProvisionListenerStackCallback;)Ljava/lang/Object;+91
j  com.google.inject.internal.InternalFactoryToInitializableAdapter.get(Lcom/google/inject/internal/InternalContext;Lcom/google/inject/spi/Dependency;Z)Ljava/lang/Object;+19
j  com.google.inject.internal.ProviderToInternalFactoryAdapter.get()Ljava/lang/Object;+18
j  com.google.inject.internal.SingletonScope$1.get()Ljava/lang/Object;+58
j  com.google.inject.internal.InternalFactoryToProviderAdapter.get(Lcom/google/inject/internal/InternalContext;Lcom/google/inject/spi/Dependency;Z)Ljava/lang/Object;+9
j  com.google.inject.internal.InjectorImpl$1.get()Ljava/lang/Object;+18
j  org.eclipse.sisu.inject.LazyBeanEntry.getValue()Ljava/lang/Object;+4
j  org.eclipse.sisu.plexus.LazyPlexusBean.getValue()Ljava/lang/Object;+4
j  org.codehaus.plexus.DefaultPlexusContainer.lookup(Ljava/lang/Class;Ljava/lang/String;Ljava/lang/String;)Ljava/lang/Object;+27
j  org.codehaus.plexus.DefaultPlexusContainer.lookup(Ljava/lang/Class;Ljava/lang/String;)Ljava/lang/Object;+4
j  org.codehaus.plexus.DefaultPlexusContainer.lookup(Ljava/lang/Class;)Ljava/lang/Object;+4
j  org.apache.maven.cli.MavenCli.container(Lorg/apache/maven/cli/CliRequest;)Lorg/codehaus/plexus/PlexusContainer;+547
j  org.apache.maven.cli.MavenCli.doMain(Lorg/apache/maven/cli/CliRequest;)I+34
j  org.apache.maven.cli.MavenCli.main([Ljava/lang/String;Lorg/codehaus/plexus/classworlds/ClassWorld;)I+24
j  java.lang.invoke.DirectMethodHandle$Holder.invokeStatic(Ljava/lang/Object;Ljava/lang/Object;Ljava/lang/Object;)I+11 java.base@21.0.6
j  java.lang.invoke.LambdaForm$MH+0x000078bfc8009400.invoke(Ljava/lang/Object;Ljava/lang/Object;Ljava/lang/Object;Ljava/lang/Object;)Ljava/lang/Object;+54 java.base@21.0.6
j  java.lang.invoke.LambdaForm$MH+0x000078bfc8009800.invokeExact_MT(Ljava/lang/Object;Ljava/lang/Object;Ljava/lang/Object;Ljava/lang/Object;Ljava/lang/Object;)Ljava/lang/Object;+22 java.base@21.0.6
j  jdk.internal.reflect.DirectMethodHandleAccessor.invokeImpl(Ljava/lang/Object;[Ljava/lang/Object;)Ljava/lang/Object;+72 java.base@21.0.6
j  jdk.internal.reflect.DirectMethodHandleAccessor.invoke(Ljava/lang/Object;[Ljava/lang/Object;)Ljava/lang/Object;+23 java.base@21.0.6
j  java.lang.reflect.Method.invoke(Ljava/lang/Object;[Ljava/lang/Object;)Ljava/lang/Object;+102 java.base@21.0.6
j  org.codehaus.plexus.classworlds.launcher.Launcher.launchEnhanced([Ljava/lang/String;)V+45
j  org.codehaus.plexus.classworlds.launcher.Launcher.launch([Ljava/lang/String;)V+2
j  org.codehaus.plexus.classworlds.launcher.Launcher.mainWithExitCode([Ljava/lang/String;)I+108
j  org.codehaus.plexus.classworlds.launcher.Launcher.main([Ljava/lang/String;)V+1
v  ~StubRoutines::call_stub 0x000078c02fd37cc6
V  [libjvm.so+0x90d3fa]  JavaCalls::call_helper(JavaValue*, methodHandle const&, JavaCallArguments*, JavaThread*)+0x2da
V  [libjvm.so+0x9b31cd]  jni_invoke_static(JNIEnv_*, JavaValue*, _jobject*, JNICallType, _jmethodID*, JNI_ArgumentPusher*, JavaThread*) [clone .constprop.1]+0x35d
V  [libjvm.so+0x9c6732]  jni_CallStaticVoidMethod+0x252
C  [libjli.so+0x55be]  JavaMain+0xfde
C  [libjli.so+0x846d]  ThreadJavaMain+0xd
C  [libc.so.6+0x9ca94]

siginfo: si_signo: 11 (SIGSEGV), si_code: 128 (SI_KERNEL), si_addr: 0x0000000000000000

Registers:
RAX=0x000078bfc7000002, RBX=0x6480000078c045a4, RCX=0x000000008b38c950, RDX=0x0000000000000000
RSP=0x000078c0451fc4a8, RBP=0x000078c0451fc500, RSI=0x000078c0451fc4b8, RDI=0x000000000000008c
R8 =0x0000000000000000, R9 =0x000000008b3fad50, R10=0x000078bfc7000000, R11=0x000000008b372ec0
R12=0x0000000000000000, R13=0x000078c0451fc4b0, R14=0x0000000000000000, R15=0x000078c0400197b0
RIP=0x000078c02fd4f8d5, EFLAGS=0x0000000000010246, CSGSFS=0x002b000000000033, ERR=0x0000000000000000
  TRAPNO=0x000000000000000d

XMM[0]=0x0000000000000000 0x0000000000000000
XMM[1]=0x0000000000000000 0x0000000000000000
XMM[2]=0x000078c02fd45421 0x000078c0451fc250
XMM[3]=0x0000000000000000 0x000078c02fd3ea90
XMM[4]=0x000078c0451fc298 0x0000780000000000
XMM[5]=0x0000000000000000 0x000078c0400197b0
XMM[6]=0x000078c0400197b0 0x000078bfbcc1c980
XMM[7]=0x0000000000000000 0x000078c02fd3f2f2
XMM[8]=0x0000000000000000 0x000078bfbc96dd20
XMM[9]=0x0000000000000000 0x8d63adae2fae0bd5
XMM[10]=0x0000000000000000 0x00000000a24a5e27
XMM[11]=0x0000000000000000 0xa814c441d7c2d016
XMM[12]=0x0000000000000000 0x000000002fae0bd5
XMM[13]=0x0000000000000000 0x8f2541aeecdf44d0
XMM[14]=0x0000000000000000 0x000000005dba0322
XMM[15]=0x0000000000000000 0x0000000000000000
  MXCSR=0x00001fa0


Register to memory mapping:

RAX=0x000078bfc7000002 is pointing into metadata
RBX=0x6480000078c045a4 is an unknown value
RCX=
[error occurred during error reporting (printing register info), id 0xb, SIGSEGV (0xb) at pc=0x000078c045dc1ca7]
RDX=0x0 is null
RSP=0x000078c0451fc4a8 is pointing into the stack for thread: 0x000078c0400197b0
RBP=0x000078c0451fc500 is pointing into the stack for thread: 0x000078c0400197b0
RSI=0x000078c0451fc4b8 is pointing into the stack for thread: 0x000078c0400197b0
RDI=0x000000000000008c is an unknown value
R8 =0x0 is null
R9 =0x000000008b3fad50 is an oop: com.google.inject.spi.Dependency 
{0x000000008b3fad50} - klass: 'com/google/inject/spi/Dependency'
 - ---- fields (total size 4 words):
 - private final 'parameterIndex' 'I' @12  -1 (0xffffffff)
 - private final 'nullable' 'Z' @16  true (0x01)
 - private final 'injectionPoint' 'Lcom/google/inject/spi/InjectionPoint;' @20  null (0x00000000)
 - private final 'key' 'Lcom/google/inject/Key;' @24  a 'com/google/inject/Key'{0x000000008da8ba48} (0x8da8ba48)
R10=0x000078bfc7000000 is pointing into metadata
R11=
[error occurred during error reporting (printing register info, attempt 2), id 0xb, SIGSEGV (0xb) at pc=0x000078c045dc1d03]
R12=0x0 is null
R13=0x000078c0451fc4b0 is pointing into the stack for thread: 0x000078c0400197b0
R14=0x0 is null
R15=0x000078c0400197b0 is a thread

Top of Stack: (sp=0x000078c0451fc4a8)
0x000078c0451fc4a8:   000078c02fd3f2a8 000000008b38c950
0x000078c0451fc4b8:   000078c0451fc4b8 000078bfbcb54024
0x000078c0451fc4c8:   0000000000000005 000078bfbcb54550
0x000078c0451fc4d8:   0000000000000000 000000008b92d4c8
0x000078c0451fc4e8:   000078bfbcb540e8 000078c0451fc4b0
0x000078c0451fc4f8:   000078c0451fc518 000078c0451fc578
0x000078c0451fc508:   000078c02fd3f626 0000000000000000
0x000078c0451fc518:   000000008b3faf40 000000008b3a08a8
0x000078c0451fc528:   000000008b395a90 000078c0451fc530
0x000078c0451fc538:   000078bfbcb55ade 0000000000000003
0x000078c0451fc548:   000078bfbcb55bc0 0000000000000000
0x000078c0451fc558:   000000008b9368e8 000078bfbcb55b08
0x000078c0451fc568:   000078c0451fc518 000078c0451fc588
0x000078c0451fc578:   000078c0451fc5e0 000078c02fd3f626
0x000078c0451fc588:   000000008b3a08a8 000000008b397240
0x000078c0451fc598:   000078c0451fc598 000078bfbcb571d2
0x000078c0451fc5a8:   0000000000000007 000078bfbcb572d8
0x000078c0451fc5b8:   0000000000000000 000000008b9429f8
0x000078c0451fc5c8:   000078bfbcb57210 000078c0451fc588
0x000078c0451fc5d8:   000078c0451fc610 000078c0451fc668
0x000078c0451fc5e8:   000078c02fd3f626 000000008b397240
0x000078c0451fc5f8:   0000000000000002 0000000000000009
0x000078c0451fc608:   000000008b398a90 000000008b3a08a8
0x000078c0451fc618:   000000008b398a80 000078c0451fc620
0x000078c0451fc628:   000078bfbcb5876b 000000000000000a
0x000078c0451fc638:   000078bfbcb58c30 0000000000000000
0x000078c0451fc648:   000000008b94ba00 000078bfbcb58850
0x000078c0451fc658:   000078c0451fc610 000078c0451fc6a0
0x000078c0451fc668:   000078c0451fc708 000078c02fd3f180
0x000078c0451fc678:   0000000000000000 000000008b398a80
0x000078c0451fc688:   0000000000000000 000000008b398b90
0x000078c0451fc698:   0000000000000000 0000000000000000 

Instructions: (pc=0x000078c02fd4f8d5)
0x000078c02fd4f7d5:   eb 50 45 8b 6d 08 49 ba 00 00 00 c7 bf 78 00 00
0x000078c02fd4f7e5:   4d 03 ea 4d 8b d5 4c 33 6a 08 49 f7 c5 fc ff ff
0x000078c02fd4f7f5:   ff 74 2f 41 f6 c5 02 75 29 48 83 7a 08 00 74 1e
0x000078c02fd4f805:   48 83 7a 08 01 74 17 4d 8b ea 4c 33 6a 08 49 f7
0x000078c02fd4f815:   c5 fc ff ff ff 74 0b 48 83 4a 08 02 eb 04 4c 89
0x000078c02fd4f825:   6a 08 48 83 c2 10 4c 8b 6a e8 41 83 ed 02 41 83
0x000078c02fd4f835:   fd 02 0f 8c 84 00 00 00 4c 8b 6b 08 45 0f b7 6d
0x000078c02fd4f845:   2e 4c 2b 2a 41 83 ed 01 4e 8b 6c ec 08 4d 85 ed
0x000078c02fd4f855:   75 0e f6 42 08 01 75 58 f0 48 83 4a 08 01 eb 50
0x000078c02fd4f865:   45 8b 6d 08 49 ba 00 00 00 c7 bf 78 00 00 4d 03
0x000078c02fd4f875:   ea 4d 8b d5 4c 33 6a 08 49 f7 c5 fc ff ff ff 74
0x000078c02fd4f885:   2f 41 f6 c5 02 75 29 48 83 7a 08 00 74 1e 48 83
0x000078c02fd4f895:   7a 08 01 74 17 4d 8b ea 4c 33 6a 08 49 f7 c5 fc
0x000078c02fd4f8a5:   ff ff ff 74 0b 48 83 4a 08 02 eb 04 4c 89 6a 08
0x000078c02fd4f8b5:   48 83 c2 10 4c 8b 6a d8 41 83 ed 04 41 c1 e5 03
0x000078c02fd4f8c5:   49 03 d5 48 89 55 d8 4c 8d 6c 24 08 4c 89 6d f0
0x000078c02fd4f8d5:   ff 63 50 0a 5a 71 46 c0 78 00 00 c0 02 00 00 b7
0x000078c02fd4f8e5:   00 00 00 00 00 00 00 00 00 00 00 00 00 00 00 00
0x000078c02fd4f8f5:   00 00 00 00 00 00 00 00 00 00 00 48 83 ec 08 c5
0x000078c02fd4f905:   fa 11 04 24 eb 1f 48 83 ec 10 c5 fb 11 04 24 eb
0x000078c02fd4f915:   14 48 83 ec 10 48 89 04 24 48 c7 44 24 08 00 00
0x000078c02fd4f925:   00 00 eb 01 50 4c 89 6d c0 41 0f b7 55 01 48 8b
0x000078c02fd4f935:   4d d0 c1 e2 02 8b 5c d1 38 c1 eb 10 81 e3 ff 00
0x000078c02fd4f945:   00 00 81 fb b7 00 00 00 0f 84 9e 00 00 00 bb b7
0x000078c02fd4f955:   00 00 00 e8 05 00 00 00 e9 83 00 00 00 48 8b f3
0x000078c02fd4f965:   48 8d 44 24 08 4c 89 6d c0 49 8b ff c5 f8 77 49
0x000078c02fd4f975:   89 af a8 03 00 00 49 89 87 98 03 00 00 40 f6 c4
0x000078c02fd4f985:   0f 0f 84 12 00 00 00 48 83 ec 08 e8 bb 5c 1b 16
0x000078c02fd4f995:   48 83 c4 08 e9 05 00 00 00 e8 ad 5c 1b 16 49 c7
0x000078c02fd4f9a5:   87 98 03 00 00 00 00 00 00 49 c7 87 a8 03 00 00
0x000078c02fd4f9b5:   00 00 00 00 49 c7 87 a0 03 00 00 00 00 00 00 c5
0x000078c02fd4f9c5:   f8 77 49 83 7f 08 00 0f 84 05 00 00 00 e9 29 82 


Stack slot to memory mapping:

stack at sp + 0 slots: 0x000078c02fd3f2a8 is at code_begin+1480 in an Interpreter codelet
return entry points  [0x000078c02fd3ece0, 0x000078c02fd3f880]  2976 bytes
stack at sp + 1 slots: 
[error occurred during error reporting (inspecting top of stack), id 0xb, SIGSEGV (0xb) at pc=0x000078c045dc1ca7]
stack at sp + 2 slots: 0x000078c0451fc4b8 is pointing into the stack for thread: 0x000078c0400197b0
stack at sp + 3 slots: 0x000078bfbcb54024 is pointing into metadata
stack at sp + 4 slots: 0x0000000000000005 is an unknown value
stack at sp + 5 slots: 0x000078bfbcb54550 is pointing into metadata
stack at sp + 6 slots: 0x0 is null
stack at sp + 7 slots: 0x000000008b92d4c8 is an oop: java.lang.Class 
{0x000000008b92d4c8} - klass: 'java/lang/Class'
 - ---- fields (total size 14 words):
 - private volatile transient 'classRedefinedCount' 'I' @12  0 (0x00000000)
 - injected 'klass' 'J' @16  132765091002224 (0x000078bfc8167770)
 - injected 'array_klass' 'J' @24  0 (0x0000000000000000)
 - injected 'oop_size' 'I' @32  14 (0x0000000e)
 - injected 'static_oop_field_count' 'I' @36  0 (0x00000000)
 - private volatile transient 'cachedConstructor' 'Ljava/lang/reflect/Constructor;' @40  null (0x00000000)
 - private transient 'name' 'Ljava/lang/String;' @44  "org.eclipse.sisu.bean.BeanPropertyField"{0x000000008b92d548} (0x8b92d548)
 - private transient 'module' 'Ljava/lang/Module;' @48  a 'java/lang/Module'{0x000000008c801448} (0x8c801448)
 - private final 'classLoader' 'Ljava/lang/ClassLoader;' @52  a 'org/codehaus/plexus/classworlds/realm/ClassRealm'{0x000000008c8280b8} (0x8c8280b8)
 - private transient 'classData' 'Ljava/lang/Object;' @56  null (0x00000000)
 - private transient 'packageName' 'Ljava/lang/String;' @60  "org.eclipse.sisu.bean"{0x000000008c819a48} (0x8c819a48)
 - private final 'componentType' 'Ljava/lang/Class;' @64  null (0x00000000)
 - private volatile transient 'reflectionData' 'Ljava/lang/ref/SoftReference;' @68  null (0x00000000)
 - private volatile transient 'genericInfo' 'Lsun/reflect/generics/repository/ClassRepository;' @72  null (0x00000000)
 - private volatile transient 'enumConstants' '[Ljava/lang/Object;' @76  null (0x00000000)
 - private volatile transient 'enumConstantDirectory' 'Ljava/util/Map;' @80  null (0x00000000)
 - private volatile transient 'annotationData' 'Ljava/lang/Class$AnnotationData;' @84  null (0x00000000)
 - private volatile transient 'annotationType' 'Lsun/reflect/annotation/AnnotationType;' @88  null (0x00000000)
 - transient 'classValueMap' 'Ljava/lang/ClassValue$ClassValueMap;' @92  null (0x00000000)
 - injected 'protection_domain' 'Ljava/lang/Object;' @96  a 'java/security/ProtectionDomain'{0x000000008c811440} (0x8c811440)
 - injected 'signers_name' 'Ljava/lang/Object;' @100  null (0x00000000)
 - injected 'source_file' 'Ljava/lang/Object;' @104  null (0x00000000)
 - injected '<init_lock>' 'Ljava/lang/Object;' @108  null (0x00000000)
 - signature: Lorg/eclipse/sisu/bean/BeanPropertyField;
 - ---- static fields (0):

invokevirtual  182 invokevirtual  [0x000078c02fd4f420, 0x000078c02fd4f8d8]  1208 bytes
[MachCode]
  0x000078c02fd4f420: 4883 ec08 | c5fa 1104 | 24eb 1f48 | 83ec 10c5 | fb11 0424 | eb14 4883 | ec10 4889 | 0424 48c7 
  0x000078c02fd4f440: 4424 0800 | 0000 00eb | 0150 4c89 | 6dc0 410f | b755 0148 | 8b4d d0c1 | e202 8b5c | d138 c1eb 
  0x000078c02fd4f460: 1881 e3ff | 0000 0081 | fbb6 0000 | 000f 849e | 0000 00bb | b600 0000 | e805 0000 | 00e9 8300 
  0x000078c02fd4f480: 0000 488b | f348 8d44 | 2408 4c89 | 6dc0 498b | ffc5 f877 | 4989 afa8 | 0300 0049 | 8987 9803 
  0x000078c02fd4f4a0: 0000 40f6 | c40f 0f84 | 1200 0000 | 4883 ec08 | e89b 611b | 1648 83c4 | 08e9 0500 | 0000 e88d 
  0x000078c02fd4f4c0: 611b 1649 | c787 9803 | 0000 0000 | 0000 49c7 | 87a8 0300 | 0000 0000 | 0049 c787 | a003 0000 
  0x000078c02fd4f4e0: 0000 0000 | c5f8 7749 | 837f 0800 | 0f84 0500 | 0000 e909 | 87fe ff4c | 8b6d c04c | 8b75 c84e 
  0x000078c02fd4f500: 8d74 f500 | c341 0fb7 | 5501 488b | 4dd0 c1e2 | 0248 8b5c | d148 8b54 | d150 8bca | 81e1 ff00 
  0x000078c02fd4f520: 0000 488b | 4ccc f844 | 8bea c1ea | 1c49 bac0 | b9b3 46c0 | 7800 0049 | 8b14 d252 | 418b d54c 
  0x000078c02fd4f540: 8b6d c08b | c225 0000 | 1000 0f84 | 7801 0000 | 483b 0148 | 8b45 d848 | 85c0 0f84 | 1200 0000 
  0x000078c02fd4f560: 4883 4008 | 0148 8358 | 0800 4883 | c038 4889 | 45d8 488b | 45d8 4885 | c00f 843d | 0100 0080 
  0x000078c02fd4f580: 78c8 0b0f | 8533 0100 | 0048 83c0 | 084c 8b68 | f841 83ed | 0041 83fd | 020f 8c12 | 0100 004c 
  0x000078c02fd4f5a0: 8b6b 0845 | 0fb7 6d2e | 4c2b 2841 | 83ed 014e | 8b6c ec08 | 4d85 ed75 | 0ef6 4008 | 0175 58f0 
  0x000078c02fd4f5c0: 4883 4808 | 01eb 5045 | 8b6d 0849 | ba00 0000 | c7bf 7800 | 004d 03ea | 4d8b d54c | 3368 0849 
  0x000078c02fd4f5e0: f7c5 fcff | ffff 742f | 41f6 c502 | 7529 4883 | 7808 0074 | 1e48 8378 | 0801 7417 | 4d8b ea4c 
  0x000078c02fd4f600: 3368 0849 | f7c5 fcff | ffff 740b | 4883 4808 | 02eb 044c | 8968 0848 | 83c0 104c | 8b68 e841 
  0x000078c02fd4f620: 83ed 0241 | 83fd 020f | 8c84 0000 | 004c 8b6b | 0845 0fb7 | 6d2e 4c2b | 2841 83ed | 014e 8b6c 
  0x000078c02fd4f640: ec08 4d85 | ed75 0ef6 | 4008 0175 | 58f0 4883 | 4808 01eb | 5045 8b6d | 0849 ba00 | 0000 c7bf 
  0x000078c02fd4f660: 7800 004d | 03ea 4d8b | d54c 3368 | 0849 f7c5 | fcff ffff | 742f 41f6 | c502 7529 | 4883 7808 
  0x000078c02fd4f680: 0074 1e48 | 8378 0801 | 7417 4d8b | ea4c 3368 | 0849 f7c5 | fcff ffff | 740b 4883 | 4808 02eb 
  0x000078c02fd4f6a0: 044c 8968 | 0848 83c0 | 104c 8b68 | d841 83ed | 0441 c1e5 | 0349 03c5 | 4889 45d8 | 4c8d 6c24 
  0x000078c02fd4f6c0: 084c 896d | f0ff 6350 | 8b41 0849 | ba00 0000 | c7bf 7800 | 0049 03c2 | 4c8b 75d8 | 4d85 f60f 
  0x000078c02fd4f6e0: 8495 0000 | 0049 8b56 | 1848 3bd0 | 0f85 0f00 | 0000 4983 | 4620 0149 | 835e 2000 | e971 0000 
  0x000078c02fd4f700: 0048 85d2 | 0f84 4200 | 0000 498b | 5628 483b | d00f 850f | 0000 0049 | 8346 3001 | 4983 5e30 
  0x000078c02fd4f720: 00e9 4c00 | 0000 4885 | d274 0f49 | 8346 0801 | 4983 5e08 | 00e9 3800 | 0000 4989 | 4628 ba01 
  0x000078c02fd4f740: 0000 0049 | 8956 30e9 | 2600 0000 | 493b 4628 | 0f85 0f00 | 0000 4983 | 4630 0149 | 835e 3000 
  0x000078c02fd4f760: e90d 0000 | 0049 8946 | 18ba 0100 | 0000 4989 | 5620 4983 | c638 4c89 | 75d8 488b | 9cd8 c001 
  0x000078c02fd4f780: 0000 488b | 55d8 4885 | d20f 843d | 0100 0080 | 7ac8 0b0f | 8533 0100 | 0048 83c2 | 084c 8b6a 
  0x000078c02fd4f7a0: f841 83ed | 0041 83fd | 020f 8c12 | 0100 004c | 8b6b 0845 | 0fb7 6d2e | 4c2b 2a41 | 83ed 014e 
  0x000078c02fd4f7c0: 8b6c ec08 | 4d85 ed75 | 0ef6 4208 | 0175 58f0 | 4883 4a08 | 01eb 5045 | 8b6d 0849 | ba00 0000 
  0x000078c02fd4f7e0: c7bf 7800 | 004d 03ea | 4d8b d54c | 336a 0849 | f7c5 fcff | ffff 742f | 41f6 c502 | 7529 4883 
  0x000078c02fd4f800: 7a08 0074 | 1e48 837a | 0801 7417 | 4d8b ea4c | 336a 0849 | f7c5 fcff | ffff 740b | 4883 4a08 
  0x000078c02fd4f820: 02eb 044c | 896a 0848 | 83c2 104c | 8b6a e841 | 83ed 0241 | 83fd 020f | 8c84 0000 | 004c 8b6b 
  0x000078c02fd4f840: 0845 0fb7 | 6d2e 4c2b | 2a41 83ed | 014e 8b6c | ec08 4d85 | ed75 0ef6 | 4208 0175 | 58f0 4883 
  0x000078c02fd4f860: 4a08 01eb | 5045 8b6d | 0849 ba00 | 0000 c7bf | 7800 004d | 03ea 4d8b | d54c 336a | 0849 f7c5 
  0x000078c02fd4f880: fcff ffff | 742f 41f6 | c502 7529 | 4883 7a08 | 0074 1e48 | 837a 0801 | 7417 4d8b | ea4c 336a 
  0x000078c02fd4f8a0: 0849 f7c5 | fcff ffff | 740b 4883 | 4a08 02eb | 044c 896a | 0848 83c2 | 104c 8b6a | d841 83ed 
  0x000078c02fd4f8c0: 0441 c1e5 | 0349 03d5 | 4889 55d8 | 4c8d 6c24 | 084c 896d | f0ff 6350 
[/MachCode]

---------------  P R O C E S S  ---------------

Threads class SMR info:
_java_thread_list=0x000078bf8c279060, length=12, elements={
0x000078c0400197b0, 0x000078c040153250, 0x000078c0401548e0, 0x000078c040156080,
0x000078c0401576c0, 0x000078c040158c60, 0x000078c04015a7a0, 0x000078c04015be60,
0x000078c040167d00, 0x000078c04016b030, 0x000078bf8c14ffd0, 0x000078bf8c277ee0
}

Java Threads: ( => current thread )
=>0x000078c0400197b0 JavaThread "main"                              [_thread_in_Java, id=4757, stack(0x000078c045100000,0x000078c045200000) (1024K)]
  0x000078c040153250 JavaThread "Reference Handler"          daemon [_thread_blocked, id=4765, stack(0x000078c0254f6000,0x000078c0255f6000) (1024K)]
  0x000078c0401548e0 JavaThread "Finalizer"                  daemon [_thread_blocked, id=4766, stack(0x000078c024b00000,0x000078c024c00000) (1024K)]
  0x000078c040156080 JavaThread "Signal Dispatcher"          daemon [_thread_blocked, id=4767, stack(0x000078c024a00000,0x000078c024b00000) (1024K)]
  0x000078c0401576c0 JavaThread "Service Thread"             daemon [_thread_blocked, id=4768, stack(0x000078c024900000,0x000078c024a00000) (1024K)]
  0x000078c040158c60 JavaThread "Monitor Deflation Thread"   daemon [_thread_blocked, id=4769, stack(0x000078c024800000,0x000078c024900000) (1024K)]
  0x000078c04015a7a0 JavaThread "C2 CompilerThread0"         daemon [_thread_blocked, id=4770, stack(0x000078c024700000,0x000078c024800000) (1024K)]
  0x000078c04015be60 JavaThread "C1 CompilerThread0"         daemon [_thread_blocked, id=4771, stack(0x000078c024600000,0x000078c024700000) (1024K)]
  0x000078c040167d00 JavaThread "Notification Thread"        daemon [_thread_blocked, id=4772, stack(0x000078c024500000,0x000078c024600000) (1024K)]
  0x000078c04016b030 JavaThread "Common-Cleaner"             daemon [_thread_blocked, id=4773, stack(0x000078c024400000,0x000078c024500000) (1024K)]
  0x000078bf8c14ffd0 JavaThread "C2 CompilerThread1"         daemon [_thread_blocked, id=4775, stack(0x000078c024300000,0x000078c024400000) (1024K)]
  0x000078bf8c277ee0 JavaThread "C2 CompilerThread2"         daemon [_thread_blocked, id=4776, stack(0x000078c024200000,0x000078c024300000) (1024K)]
Total: 12

Other Threads:
  0x000078c04014a130 VMThread "VM Thread"                           [id=4764, stack(0x000078c0255f7000,0x000078c0256f7000) (1024K)]
  0x000078c040138280 WatcherThread "VM Periodic Task Thread"        [id=4763, stack(0x000078c0256f8000,0x000078c0257f8000) (1024K)]
  0x000078c040071060 WorkerThread "GC Thread#0"                     [id=4758, stack(0x000078c044420000,0x000078c044520000) (1024K)]
  0x000078bfb4008400 WorkerThread "GC Thread#1"                     [id=4777, stack(0x000078c024100000,0x000078c024200000) (1024K)]
  0x000078bfb4010e70 WorkerThread "GC Thread#2"                     [id=4778, stack(0x000078c01df00000,0x000078c01e000000) (1024K)]
  0x000078c0400819d0 ConcurrentGCThread "G1 Main Marker"            [id=4759, stack(0x000078c04431f000,0x000078c04441f000) (1024K)]
  0x000078c040082980 WorkerThread "G1 Conc#0"                       [id=4760, stack(0x000078c04421e000,0x000078c04431e000) (1024K)]
  0x000078c04011c940 ConcurrentGCThread "G1 Refine#0"               [id=4761, stack(0x000078c0258fa000,0x000078c0259fa000) (1024K)]
  0x000078c04011d900 ConcurrentGCThread "G1 Service"                [id=4762, stack(0x000078c0257f9000,0x000078c0258f9000) (1024K)]
Total: 9

Threads with active compile tasks:
Total: 0

VM state: not at safepoint (normal execution)

VM Mutex/Monitor currently owned by a thread: None

Heap address: 0x0000000086600000, size: 1946 MB, Compressed Oops mode: 32-bit

CDS archive(s) mapped at: [0x000078bfc7000000-0x000078bfc7c97000-0x000078bfc7c97000), size 13201408, SharedBaseAddress: 0x000078bfc7000000, ArchiveRelocationMode: 1.
Compressed class space mapped at: 0x000078bfc8000000-0x000078c008000000, reserved size: 1073741824
Narrow klass base: 0x000078bfc7000000, Narrow klass shift: 0, Narrow klass range: 0x100000000

GC Precious Log:
 CardTable entry size: 512
 Card Set container configuration: InlinePtr #cards 5 size 8 Array Of Cards #cards 12 size 40 Howl #buckets 4 coarsen threshold 1843 Howl Bitmap #cards 512 size 80 coarsen threshold 460 Card regions per heap region 1 cards per card region 2048
 CPUs: 12 total, 12 available
 Memory: 7776M
 Large Page Support: Disabled
 NUMA Support: Disabled
 Compressed Oops: Enabled (32-bit)
 Heap Region Size: 1M
 Heap Min Capacity: 8M
 Heap Initial Capacity: 122M
 Heap Max Capacity: 1946M
 Pre-touch: Disabled
 Parallel Workers: 10
 Concurrent Workers: 3
 Concurrent Refinement Workers: 10
 Periodic GC: Disabled

Heap:
 garbage-first heap   total 126976K, used 47153K [0x0000000086600000, 0x0000000100000000)
  region size 1024K, 46 young (47104K), 3 survivors (3072K)
 Metaspace       used 12838K, committed 13056K, reserved 1114112K
  class space    used 1538K, committed 1664K, reserved 1048576K

Heap Regions: E=young(eden), S=young(survivor), O=old, HS=humongous(starts), HC=humongous(continues), CS=collection set, F=free, TAMS=top-at-mark-start, PB=parsable bottom
|   0|0x0000000086600000, 0x0000000086600000, 0x0000000086700000|  0%| F|  |TAMS 0x0000000086600000| PB 0x0000000086600000| Untracked 
|   1|0x0000000086700000, 0x0000000086700000, 0x0000000086800000|  0%| F|  |TAMS 0x0000000086700000| PB 0x0000000086700000| Untracked 
|   2|0x0000000086800000, 0x0000000086800000, 0x0000000086900000|  0%| F|  |TAMS 0x0000000086800000| PB 0x0000000086800000| Untracked 
|   3|0x0000000086900000, 0x0000000086900000, 0x0000000086a00000|  0%| F|  |TAMS 0x0000000086900000| PB 0x0000000086900000| Untracked 
|   4|0x0000000086a00000, 0x0000000086a00000, 0x0000000086b00000|  0%| F|  |TAMS 0x0000000086a00000| PB 0x0000000086a00000| Untracked 
|   5|0x0000000086b00000, 0x0000000086b00000, 0x0000000086c00000|  0%| F|  |TAMS 0x0000000086b00000| PB 0x0000000086b00000| Untracked 
|   6|0x0000000086c00000, 0x0000000086c00000, 0x0000000086d00000|  0%| F|  |TAMS 0x0000000086c00000| PB 0x0000000086c00000| Untracked 
|   7|0x0000000086d00000, 0x0000000086d00000, 0x0000000086e00000|  0%| F|  |TAMS 0x0000000086d00000| PB 0x0000000086d00000| Untracked 
|   8|0x0000000086e00000, 0x0000000086e00000, 0x0000000086f00000|  0%| F|  |TAMS 0x0000000086e00000| PB 0x0000000086e00000| Untracked 
|   9|0x0000000086f00000, 0x0000000086f00000, 0x0000000087000000|  0%| F|  |TAMS 0x0000000086f00000| PB 0x0000000086f00000| Untracked 
|  10|0x0000000087000000, 0x0000000087000000, 0x0000000087100000|  0%| F|  |TAMS 0x0000000087000000| PB 0x0000000087000000| Untracked 
|  11|0x0000000087100000, 0x0000000087100000, 0x0000000087200000|  0%| F|  |TAMS 0x0000000087100000| PB 0x0000000087100000| Untracked 
|  12|0x0000000087200000, 0x0000000087200000, 0x0000000087300000|  0%| F|  |TAMS 0x0000000087200000| PB 0x0000000087200000| Untracked 
|  13|0x0000000087300000, 0x0000000087300000, 0x0000000087400000|  0%| F|  |TAMS 0x0000000087300000| PB 0x0000000087300000| Untracked 
|  14|0x0000000087400000, 0x0000000087400000, 0x0000000087500000|  0%| F|  |TAMS 0x0000000087400000| PB 0x0000000087400000| Untracked 
|  15|0x0000000087500000, 0x0000000087500000, 0x0000000087600000|  0%| F|  |TAMS 0x0000000087500000| PB 0x0000000087500000| Untracked 
|  16|0x0000000087600000, 0x0000000087600000, 0x0000000087700000|  0%| F|  |TAMS 0x0000000087600000| PB 0x0000000087600000| Untracked 
|  17|0x0000000087700000, 0x0000000087700000, 0x0000000087800000|  0%| F|  |TAMS 0x0000000087700000| PB 0x0000000087700000| Untracked 
|  18|0x0000000087800000, 0x0000000087800000, 0x0000000087900000|  0%| F|  |TAMS 0x0000000087800000| PB 0x0000000087800000| Untracked 
|  19|0x0000000087900000, 0x0000000087900000, 0x0000000087a00000|  0%| F|  |TAMS 0x0000000087900000| PB 0x0000000087900000| Untracked 
|  20|0x0000000087a00000, 0x0000000087a00000, 0x0000000087b00000|  0%| F|  |TAMS 0x0000000087a00000| PB 0x0000000087a00000| Untracked 
|  21|0x0000000087b00000, 0x0000000087b00000, 0x0000000087c00000|  0%| F|  |TAMS 0x0000000087b00000| PB 0x0000000087b00000| Untracked 
|  22|0x0000000087c00000, 0x0000000087c00000, 0x0000000087d00000|  0%| F|  |TAMS 0x0000000087c00000| PB 0x0000000087c00000| Untracked 
|  23|0x0000000087d00000, 0x0000000087d00000, 0x0000000087e00000|  0%| F|  |TAMS 0x0000000087d00000| PB 0x0000000087d00000| Untracked 
|  24|0x0000000087e00000, 0x0000000087e00000, 0x0000000087f00000|  0%| F|  |TAMS 0x0000000087e00000| PB 0x0000000087e00000| Untracked 
|  25|0x0000000087f00000, 0x0000000087f00000, 0x0000000088000000|  0%| F|  |TAMS 0x0000000087f00000| PB 0x0000000087f00000| Untracked 
|  26|0x0000000088000000, 0x0000000088000000, 0x0000000088100000|  0%| F|  |TAMS 0x0000000088000000| PB 0x0000000088000000| Untracked 
|  27|0x0000000088100000, 0x0000000088100000, 0x0000000088200000|  0%| F|  |TAMS 0x0000000088100000| PB 0x0000000088100000| Untracked 
|  28|0x0000000088200000, 0x0000000088200000, 0x0000000088300000|  0%| F|  |TAMS 0x0000000088200000| PB 0x0000000088200000| Untracked 
|  29|0x0000000088300000, 0x0000000088300000, 0x0000000088400000|  0%| F|  |TAMS 0x0000000088300000| PB 0x0000000088300000| Untracked 
|  30|0x0000000088400000, 0x0000000088400000, 0x0000000088500000|  0%| F|  |TAMS 0x0000000088400000| PB 0x0000000088400000| Untracked 
|  31|0x0000000088500000, 0x0000000088500000, 0x0000000088600000|  0%| F|  |TAMS 0x0000000088500000| PB 0x0000000088500000| Untracked 
|  32|0x0000000088600000, 0x0000000088600000, 0x0000000088700000|  0%| F|  |TAMS 0x0000000088600000| PB 0x0000000088600000| Untracked 
|  33|0x0000000088700000, 0x0000000088700000, 0x0000000088800000|  0%| F|  |TAMS 0x0000000088700000| PB 0x0000000088700000| Untracked 
|  34|0x0000000088800000, 0x0000000088800000, 0x0000000088900000|  0%| F|  |TAMS 0x0000000088800000| PB 0x0000000088800000| Untracked 
|  35|0x0000000088900000, 0x0000000088900000, 0x0000000088a00000|  0%| F|  |TAMS 0x0000000088900000| PB 0x0000000088900000| Untracked 
|  36|0x0000000088a00000, 0x0000000088a00000, 0x0000000088b00000|  0%| F|  |TAMS 0x0000000088a00000| PB 0x0000000088a00000| Untracked 
|  37|0x0000000088b00000, 0x0000000088b00000, 0x0000000088c00000|  0%| F|  |TAMS 0x0000000088b00000| PB 0x0000000088b00000| Untracked 
|  38|0x0000000088c00000, 0x0000000088c00000, 0x0000000088d00000|  0%| F|  |TAMS 0x0000000088c00000| PB 0x0000000088c00000| Untracked 
|  39|0x0000000088d00000, 0x0000000088d00000, 0x0000000088e00000|  0%| F|  |TAMS 0x0000000088d00000| PB 0x0000000088d00000| Untracked 
|  40|0x0000000088e00000, 0x0000000088e00000, 0x0000000088f00000|  0%| F|  |TAMS 0x0000000088e00000| PB 0x0000000088e00000| Untracked 
|  41|0x0000000088f00000, 0x0000000088f00000, 0x0000000089000000|  0%| F|  |TAMS 0x0000000088f00000| PB 0x0000000088f00000| Untracked 
|  42|0x0000000089000000, 0x0000000089000000, 0x0000000089100000|  0%| F|  |TAMS 0x0000000089000000| PB 0x0000000089000000| Untracked 
|  43|0x0000000089100000, 0x0000000089100000, 0x0000000089200000|  0%| F|  |TAMS 0x0000000089100000| PB 0x0000000089100000| Untracked 
|  44|0x0000000089200000, 0x0000000089200000, 0x0000000089300000|  0%| F|  |TAMS 0x0000000089200000| PB 0x0000000089200000| Untracked 
|  45|0x0000000089300000, 0x0000000089300000, 0x0000000089400000|  0%| F|  |TAMS 0x0000000089300000| PB 0x0000000089300000| Untracked 
|  46|0x0000000089400000, 0x0000000089400000, 0x0000000089500000|  0%| F|  |TAMS 0x0000000089400000| PB 0x0000000089400000| Untracked 
|  47|0x0000000089500000, 0x0000000089500000, 0x0000000089600000|  0%| F|  |TAMS 0x0000000089500000| PB 0x0000000089500000| Untracked 
|  48|0x0000000089600000, 0x0000000089600000, 0x0000000089700000|  0%| F|  |TAMS 0x0000000089600000| PB 0x0000000089600000| Untracked 
|  49|0x0000000089700000, 0x0000000089700000, 0x0000000089800000|  0%| F|  |TAMS 0x0000000089700000| PB 0x0000000089700000| Untracked 
|  50|0x0000000089800000, 0x0000000089800000, 0x0000000089900000|  0%| F|  |TAMS 0x0000000089800000| PB 0x0000000089800000| Untracked 
|  51|0x0000000089900000, 0x0000000089900000, 0x0000000089a00000|  0%| F|  |TAMS 0x0000000089900000| PB 0x0000000089900000| Untracked 
|  52|0x0000000089a00000, 0x0000000089a00000, 0x0000000089b00000|  0%| F|  |TAMS 0x0000000089a00000| PB 0x0000000089a00000| Untracked 
|  53|0x0000000089b00000, 0x0000000089b00000, 0x0000000089c00000|  0%| F|  |TAMS 0x0000000089b00000| PB 0x0000000089b00000| Untracked 
|  54|0x0000000089c00000, 0x0000000089c00000, 0x0000000089d00000|  0%| F|  |TAMS 0x0000000089c00000| PB 0x0000000089c00000| Untracked 
|  55|0x0000000089d00000, 0x0000000089d00000, 0x0000000089e00000|  0%| F|  |TAMS 0x0000000089d00000| PB 0x0000000089d00000| Untracked 
|  56|0x0000000089e00000, 0x0000000089e00000, 0x0000000089f00000|  0%| F|  |TAMS 0x0000000089e00000| PB 0x0000000089e00000| Untracked 
|  57|0x0000000089f00000, 0x0000000089f00000, 0x000000008a000000|  0%| F|  |TAMS 0x0000000089f00000| PB 0x0000000089f00000| Untracked 
|  58|0x000000008a000000, 0x000000008a000000, 0x000000008a100000|  0%| F|  |TAMS 0x000000008a000000| PB 0x000000008a000000| Untracked 
|  59|0x000000008a100000, 0x000000008a100000, 0x000000008a200000|  0%| F|  |TAMS 0x000000008a100000| PB 0x000000008a100000| Untracked 
|  60|0x000000008a200000, 0x000000008a200000, 0x000000008a300000|  0%| F|  |TAMS 0x000000008a200000| PB 0x000000008a200000| Untracked 
|  61|0x000000008a300000, 0x000000008a300000, 0x000000008a400000|  0%| F|  |TAMS 0x000000008a300000| PB 0x000000008a300000| Untracked 
|  62|0x000000008a400000, 0x000000008a400000, 0x000000008a500000|  0%| F|  |TAMS 0x000000008a400000| PB 0x000000008a400000| Untracked 
|  63|0x000000008a500000, 0x000000008a500000, 0x000000008a600000|  0%| F|  |TAMS 0x000000008a500000| PB 0x000000008a500000| Untracked 
|  64|0x000000008a600000, 0x000000008a600000, 0x000000008a700000|  0%| F|  |TAMS 0x000000008a600000| PB 0x000000008a600000| Untracked 
|  65|0x000000008a700000, 0x000000008a700000, 0x000000008a800000|  0%| F|  |TAMS 0x000000008a700000| PB 0x000000008a700000| Untracked 
|  66|0x000000008a800000, 0x000000008a800000, 0x000000008a900000|  0%| F|  |TAMS 0x000000008a800000| PB 0x000000008a800000| Untracked 
|  67|0x000000008a900000, 0x000000008a900000, 0x000000008aa00000|  0%| F|  |TAMS 0x000000008a900000| PB 0x000000008a900000| Untracked 
|  68|0x000000008aa00000, 0x000000008aa00000, 0x000000008ab00000|  0%| F|  |TAMS 0x000000008aa00000| PB 0x000000008aa00000| Untracked 
|  69|0x000000008ab00000, 0x000000008ab00000, 0x000000008ac00000|  0%| F|  |TAMS 0x000000008ab00000| PB 0x000000008ab00000| Untracked 
|  70|0x000000008ac00000, 0x000000008ac00000, 0x000000008ad00000|  0%| F|  |TAMS 0x000000008ac00000| PB 0x000000008ac00000| Untracked 
|  71|0x000000008ad00000, 0x000000008ad00000, 0x000000008ae00000|  0%| F|  |TAMS 0x000000008ad00000| PB 0x000000008ad00000| Untracked 
|  72|0x000000008ae00000, 0x000000008ae00000, 0x000000008af00000|  0%| F|  |TAMS 0x000000008ae00000| PB 0x000000008ae00000| Untracked 
|  73|0x000000008af00000, 0x000000008af00000, 0x000000008b000000|  0%| F|  |TAMS 0x000000008af00000| PB 0x000000008af00000| Untracked 
|  74|0x000000008b000000, 0x000000008b000000, 0x000000008b100000|  0%| F|  |TAMS 0x000000008b000000| PB 0x000000008b000000| Untracked 
|  75|0x000000008b100000, 0x000000008b100000, 0x000000008b200000|  0%| F|  |TAMS 0x000000008b100000| PB 0x000000008b100000| Untracked 
|  76|0x000000008b200000, 0x000000008b261ef0, 0x000000008b300000| 38%| E|  |TAMS 0x000000008b200000| PB 0x000000008b200000| Complete 
|  77|0x000000008b300000, 0x000000008b400000, 0x000000008b400000|100%| E|CS|TAMS 0x000000008b300000| PB 0x000000008b300000| Complete 
|  78|0x000000008b400000, 0x000000008b500000, 0x000000008b500000|100%| E|CS|TAMS 0x000000008b400000| PB 0x000000008b400000| Complete 
|  79|0x000000008b500000, 0x000000008b600000, 0x000000008b600000|100%| E|CS|TAMS 0x000000008b500000| PB 0x000000008b500000| Complete 
|  80|0x000000008b600000, 0x000000008b700000, 0x000000008b700000|100%| E|CS|TAMS 0x000000008b600000| PB 0x000000008b600000| Complete 
|  81|0x000000008b700000, 0x000000008b800000, 0x000000008b800000|100%| E|CS|TAMS 0x000000008b700000| PB 0x000000008b700000| Complete 
|  82|0x000000008b800000, 0x000000008b900000, 0x000000008b900000|100%| E|CS|TAMS 0x000000008b800000| PB 0x000000008b800000| Complete 
|  83|0x000000008b900000, 0x000000008ba00000, 0x000000008ba00000|100%| E|CS|TAMS 0x000000008b900000| PB 0x000000008b900000| Complete 
|  84|0x000000008ba00000, 0x000000008bb00000, 0x000000008bb00000|100%| E|CS|TAMS 0x000000008ba00000| PB 0x000000008ba00000| Complete 
|  85|0x000000008bb00000, 0x000000008bc00000, 0x000000008bc00000|100%| E|CS|TAMS 0x000000008bb00000| PB 0x000000008bb00000| Complete 
|  86|0x000000008bc00000, 0x000000008bd00000, 0x000000008bd00000|100%| E|CS|TAMS 0x000000008bc00000| PB 0x000000008bc00000| Complete 
|  87|0x000000008bd00000, 0x000000008be00000, 0x000000008be00000|100%| E|CS|TAMS 0x000000008bd00000| PB 0x000000008bd00000| Complete 
|  88|0x000000008be00000, 0x000000008bf00000, 0x000000008bf00000|100%| E|CS|TAMS 0x000000008be00000| PB 0x000000008be00000| Complete 
|  89|0x000000008bf00000, 0x000000008c000000, 0x000000008c000000|100%| E|CS|TAMS 0x000000008bf00000| PB 0x000000008bf00000| Complete 
|  90|0x000000008c000000, 0x000000008c100000, 0x000000008c100000|100%| E|CS|TAMS 0x000000008c000000| PB 0x000000008c000000| Complete 
|  91|0x000000008c100000, 0x000000008c200000, 0x000000008c200000|100%| E|CS|TAMS 0x000000008c100000| PB 0x000000008c100000| Complete 
|  92|0x000000008c200000, 0x000000008c300000, 0x000000008c300000|100%| E|CS|TAMS 0x000000008c200000| PB 0x000000008c200000| Complete 
|  93|0x000000008c300000, 0x000000008c400000, 0x000000008c400000|100%| E|CS|TAMS 0x000000008c300000| PB 0x000000008c300000| Complete 
|  94|0x000000008c400000, 0x000000008c500000, 0x000000008c500000|100%| E|CS|TAMS 0x000000008c400000| PB 0x000000008c400000| Complete 
|  95|0x000000008c500000, 0x000000008c600000, 0x000000008c600000|100%| E|CS|TAMS 0x000000008c500000| PB 0x000000008c500000| Complete 
|  96|0x000000008c600000, 0x000000008c700000, 0x000000008c700000|100%| S|CS|TAMS 0x000000008c600000| PB 0x000000008c600000| Complete 
|  97|0x000000008c700000, 0x000000008c800000, 0x000000008c800000|100%| S|CS|TAMS 0x000000008c700000| PB 0x000000008c700000| Complete 
|  98|0x000000008c800000, 0x000000008c900000, 0x000000008c900000|100%| S|CS|TAMS 0x000000008c800000| PB 0x000000008c800000| Complete 
|  99|0x000000008c900000, 0x000000008ca00000, 0x000000008ca00000|100%| E|CS|TAMS 0x000000008c900000| PB 0x000000008c900000| Complete 
| 100|0x000000008ca00000, 0x000000008cb00000, 0x000000008cb00000|100%| E|CS|TAMS 0x000000008ca00000| PB 0x000000008ca00000| Complete 
| 101|0x000000008cb00000, 0x000000008cc00000, 0x000000008cc00000|100%| E|CS|TAMS 0x000000008cb00000| PB 0x000000008cb00000| Complete 
| 102|0x000000008cc00000, 0x000000008cd00000, 0x000000008cd00000|100%| E|CS|TAMS 0x000000008cc00000| PB 0x000000008cc00000| Complete 
| 103|0x000000008cd00000, 0x000000008ce00000, 0x000000008ce00000|100%| E|CS|TAMS 0x000000008cd00000| PB 0x000000008cd00000| Complete 
| 104|0x000000008ce00000, 0x000000008cf00000, 0x000000008cf00000|100%| E|CS|TAMS 0x000000008ce00000| PB 0x000000008ce00000| Complete 
| 105|0x000000008cf00000, 0x000000008d000000, 0x000000008d000000|100%| E|CS|TAMS 0x000000008cf00000| PB 0x000000008cf00000| Complete 
| 106|0x000000008d000000, 0x000000008d100000, 0x000000008d100000|100%| E|CS|TAMS 0x000000008d000000| PB 0x000000008d000000| Complete 
| 107|0x000000008d100000, 0x000000008d200000, 0x000000008d200000|100%| E|CS|TAMS 0x000000008d100000| PB 0x000000008d100000| Complete 
| 108|0x000000008d200000, 0x000000008d300000, 0x000000008d300000|100%| E|CS|TAMS 0x000000008d200000| PB 0x000000008d200000| Complete 
| 109|0x000000008d300000, 0x000000008d400000, 0x000000008d400000|100%| E|CS|TAMS 0x000000008d300000| PB 0x000000008d300000| Complete 
| 110|0x000000008d400000, 0x000000008d500000, 0x000000008d500000|100%| E|CS|TAMS 0x000000008d400000| PB 0x000000008d400000| Complete 
| 111|0x000000008d500000, 0x000000008d600000, 0x000000008d600000|100%| E|CS|TAMS 0x000000008d500000| PB 0x000000008d500000| Complete 
| 112|0x000000008d600000, 0x000000008d700000, 0x000000008d700000|100%| E|CS|TAMS 0x000000008d600000| PB 0x000000008d600000| Complete 
| 113|0x000000008d700000, 0x000000008d800000, 0x000000008d800000|100%| E|CS|TAMS 0x000000008d700000| PB 0x000000008d700000| Complete 
| 114|0x000000008d800000, 0x000000008d900000, 0x000000008d900000|100%| E|CS|TAMS 0x000000008d800000| PB 0x000000008d800000| Complete 
| 115|0x000000008d900000, 0x000000008da00000, 0x000000008da00000|100%| E|CS|TAMS 0x000000008d900000| PB 0x000000008d900000| Complete 
| 116|0x000000008da00000, 0x000000008db00000, 0x000000008db00000|100%| E|CS|TAMS 0x000000008da00000| PB 0x000000008da00000| Complete 
| 117|0x000000008db00000, 0x000000008dc00000, 0x000000008dc00000|100%| E|CS|TAMS 0x000000008db00000| PB 0x000000008db00000| Complete 
| 118|0x000000008dc00000, 0x000000008dd00000, 0x000000008dd00000|100%| E|CS|TAMS 0x000000008dc00000| PB 0x000000008dc00000| Complete 
| 119|0x000000008dd00000, 0x000000008de00000, 0x000000008de00000|100%| E|CS|TAMS 0x000000008dd00000| PB 0x000000008dd00000| Complete 
| 120|0x000000008de00000, 0x000000008df00000, 0x000000008df00000|100%| E|CS|TAMS 0x000000008de00000| PB 0x000000008de00000| Complete 
| 121|0x000000008df00000, 0x000000008e000000, 0x000000008e000000|100%| E|CS|TAMS 0x000000008df00000| PB 0x000000008df00000| Complete 
|1944|0x00000000ffe00000, 0x00000000fff00000, 0x00000000fff00000|100%| O|  |TAMS 0x00000000ffe00000| PB 0x00000000ffe00000| Untracked 
|1945|0x00000000fff00000, 0x00000000fff0c710, 0x0000000100000000|  4%| O|  |TAMS 0x00000000fff00000| PB 0x00000000fff00000| Untracked 

Card table byte_map: [0x000078c028000000,0x000078c0283cd000] _byte_map_base: 0x000078c027bcd000

Marking Bits: (CMBitMap*) 0x000078c040071b90
 Bits: [0x000078c026000000, 0x000078c027e68000)

Polling page: 0x000078c046f01000

Metaspace:

Usage:
  Non-class:     11.04 MB used.
      Class:      1.50 MB used.
       Both:     12.54 MB used.

Virtual space:
  Non-class space:       64.00 MB reserved,      11.12 MB ( 17%) committed,  1 nodes.
      Class space:        1.00 GB reserved,       1.62 MB ( <1%) committed,  1 nodes.
             Both:        1.06 GB reserved,      12.75 MB (  1%) committed. 

Chunk freelists:
   Non-Class:  3.77 MB
       Class:  14.42 MB
        Both:  18.19 MB

MaxMetaspaceSize: unlimited
CompressedClassSpaceSize: 1.00 GB
Initial GC threshold: 21.00 MB
Current GC threshold: 21.00 MB
CDS: on
 - commit_granule_bytes: 65536.
 - commit_granule_words: 8192.
 - virtual_space_node_default_size: 8388608.
 - enlarge_chunks_in_place: 1.
 - use_allocation_guard: 0.


Internal statistics:

num_allocs_failed_limit: 0.
num_arena_births: 126.
num_arena_deaths: 0.
num_vsnodes_births: 2.
num_vsnodes_deaths: 0.
num_space_committed: 204.
num_space_uncommitted: 0.
num_chunks_returned_to_freelist: 0.
num_chunks_taken_from_freelist: 547.
num_chunk_merges: 0.
num_chunk_splits: 391.
num_chunks_enlarged: 320.
num_inconsistent_stats: 0.

CodeHeap 'non-profiled nmethods': size=120028Kb used=1027Kb max_used=1027Kb free=119001Kb
 bounds [0x000078c0302c9000, 0x000078c030539000, 0x000078c037800000]
CodeHeap 'profiled nmethods': size=120028Kb used=4509Kb max_used=4509Kb free=115518Kb
 bounds [0x000078c028800000, 0x000078c028c70000, 0x000078c02fd37000]
CodeHeap 'non-nmethods': size=5704Kb used=1358Kb max_used=1397Kb free=4345Kb
 bounds [0x000078c02fd37000, 0x000078c02ffa7000, 0x000078c0302c9000]
 total_blobs=2870 nmethods=2398 adapters=377
 compilation: enabled
              stopped_count=0, restarted_count=0
 full_count=0

Compilation events (20 events):
Event: 0.980 Thread 0x000078c04015be60 2379       3       java.lang.Number::<init> (5 bytes)
Event: 0.980 Thread 0x000078c04015be60 nmethod 2379 0x000078c028c58710 code [0x000078c028c588a0, 0x000078c028c58a00]
Event: 0.980 Thread 0x000078c04015be60 2383       3       java.lang.invoke.BoundMethodHandle$Species_L::<init> (12 bytes)
Event: 0.980 Thread 0x000078c04015be60 nmethod 2383 0x000078c028c58a90 code [0x000078c028c58c40, 0x000078c028c58e58]
Event: 0.980 Thread 0x000078c04015be60 2384       3       java.lang.invoke.BoundMethodHandle$Species_L::make (11 bytes)
Event: 0.980 Thread 0x000078c04015be60 nmethod 2384 0x000078c028c58f90 code [0x000078c028c59140, 0x000078c028c59398]
Event: 0.981 Thread 0x000078c04015be60 2385       3       com.google.common.collect.AbstractMapBasedMultimap$WrappedCollection::size (14 bytes)
Event: 0.981 Thread 0x000078c04015be60 nmethod 2385 0x000078c028c59490 code [0x000078c028c59640, 0x000078c028c598d8]
Event: 0.981 Thread 0x000078c04015be60 2386       3       com.google.common.collect.LinkedHashMultimap::get (6 bytes)
Event: 0.981 Thread 0x000078c04015be60 nmethod 2386 0x000078c028c59a10 code [0x000078c028c59c00, 0x000078c028c5a1f8]
Event: 0.981 Thread 0x000078c04015be60 2387       3       com.google.common.collect.AbstractSetMultimap::get (9 bytes)
Event: 0.981 Thread 0x000078c04015be60 nmethod 2387 0x000078c028c5a390 code [0x000078c028c5a580, 0x000078c028c5aba0]
Event: 0.981 Thread 0x000078c04015be60 2388       3       com.google.common.collect.LinkedHashMultimap$ValueEntry::getSuccessorInValueSet (11 bytes)
Event: 0.981 Thread 0x000078c04015be60 nmethod 2388 0x000078c028c5ad10 code [0x000078c028c5aee0, 0x000078c028c5b250]
Event: 0.982 Thread 0x000078c04015be60 2389       3       java.lang.invoke.BoundMethodHandle$SpeciesData::extendWith (64 bytes)
Event: 0.982 Thread 0x000078c04015be60 nmethod 2389 0x000078c028c5b390 code [0x000078c028c5b5e0, 0x000078c028c5bf50]
Event: 0.982 Thread 0x000078c04015be60 2391       3       java.lang.invoke.MethodHandleImpl::computeValueConversions (121 bytes)
Event: 0.982 Thread 0x000078bf8c277ee0 nmethod 2382 0x000078c0303c9110 code [0x000078c0303c9300, 0x000078c0303c99c0]
Event: 0.982 Thread 0x000078c04015be60 nmethod 2391 0x000078c028c5c290 code [0x000078c028c5c4a0, 0x000078c028c5cc70]
Event: 0.982 Thread 0x000078c04015be60 2394       3       java.lang.invoke.MethodHandleImpl::makePairwiseConvertByEditor (617 bytes)

GC Heap History (2 events):
Event: 0.415 GC heap before
{Heap before GC invocations=0 (full 0):
 garbage-first heap   total 126976K, used 23601K [0x0000000086600000, 0x0000000100000000)
  region size 1024K, 23 young (23552K), 0 survivors (0K)
 Metaspace       used 5767K, committed 5952K, reserved 1114112K
  class space    used 665K, committed 768K, reserved 1048576K
}
Event: 0.419 GC heap after
{Heap after GC invocations=1 (full 0):
 garbage-first heap   total 126976K, used 4145K [0x0000000086600000, 0x0000000100000000)
  region size 1024K, 3 young (3072K), 3 survivors (3072K)
 Metaspace       used 5767K, committed 5952K, reserved 1114112K
  class space    used 665K, committed 768K, reserved 1048576K
}

Dll operation events (8 events):
Event: 0.001 Loaded shared library /usr/lib/jvm/java-21-openjdk-amd64/lib/libjava.so
Event: 0.016 Loaded shared library /usr/lib/jvm/java-21-openjdk-amd64/lib/libjsvml.so
Event: 0.021 Loaded shared library /usr/lib/jvm/java-21-openjdk-amd64/lib/libnio.so
Event: 0.022 Loaded shared library /usr/lib/jvm/java-21-openjdk-amd64/lib/libzip.so
Event: 0.028 Loaded shared library /usr/lib/jvm/java-21-openjdk-amd64/lib/libnet.so
Event: 0.095 Loaded shared library /usr/lib/jvm/java-21-openjdk-amd64/lib/libjimage.so
Event: 0.099 Loaded shared library /tmp/jansi-2.4.1-d493da2b27dfc0f9-libjansi.so
Event: 0.106 Loaded shared library /usr/lib/jvm/java-21-openjdk-amd64/lib/libverify.so

Deoptimization events (20 events):
Event: 0.951 Thread 0x000078c0400197b0 Uncommon trap: trap_request=0xffffffbe fr.pc=0x000078c0303c0cd0 relative=0x0000000000000370
Event: 0.951 Thread 0x000078c0400197b0 Uncommon trap: reason=profile_predicate action=maybe_recompile pc=0x000078c0303c0cd0 method=com.google.inject.internal.aop.ImmutableStringTrie.nextPivotColumn([Ljava/lang/String;III)I @ 21 c2
Event: 0.951 Thread 0x000078c0400197b0 DEOPT PACKING pc=0x000078c0303c0cd0 sp=0x000078c0451fcc70
Event: 0.951 Thread 0x000078c0400197b0 DEOPT UNPACKING pc=0x000078c02fd8af99 sp=0x000078c0451fcc20 mode 2
Event: 0.952 Thread 0x000078c0400197b0 Uncommon trap: trap_request=0xffffffc6 fr.pc=0x000078c030381394 relative=0x0000000000001854
Event: 0.952 Thread 0x000078c0400197b0 Uncommon trap: reason=bimorphic_or_optimized_type_check action=maybe_recompile pc=0x000078c030381394 method=java.util.HashMap.putVal(ILjava/lang/Object;Ljava/lang/Object;ZZ)Ljava/lang/Object; @ 91 c2
Event: 0.952 Thread 0x000078c0400197b0 DEOPT PACKING pc=0x000078c030381394 sp=0x000078c0451fda00
Event: 0.952 Thread 0x000078c0400197b0 DEOPT UNPACKING pc=0x000078c02fd8af99 sp=0x000078c0451fd9b0 mode 2
Event: 0.952 Thread 0x000078c0400197b0 Uncommon trap: trap_request=0xffffffc6 fr.pc=0x000078c030381394 relative=0x0000000000001854
Event: 0.952 Thread 0x000078c0400197b0 Uncommon trap: reason=bimorphic_or_optimized_type_check action=maybe_recompile pc=0x000078c030381394 method=java.util.HashMap.putVal(ILjava/lang/Object;Ljava/lang/Object;ZZ)Ljava/lang/Object; @ 91 c2
Event: 0.952 Thread 0x000078c0400197b0 DEOPT PACKING pc=0x000078c030381394 sp=0x000078c0451fda00
Event: 0.952 Thread 0x000078c0400197b0 DEOPT UNPACKING pc=0x000078c02fd8af99 sp=0x000078c0451fd9b0 mode 2
Event: 0.952 Thread 0x000078c0400197b0 Uncommon trap: trap_request=0xffffffc6 fr.pc=0x000078c030381394 relative=0x0000000000001854
Event: 0.952 Thread 0x000078c0400197b0 Uncommon trap: reason=bimorphic_or_optimized_type_check action=maybe_recompile pc=0x000078c030381394 method=java.util.HashMap.putVal(ILjava/lang/Object;Ljava/lang/Object;ZZ)Ljava/lang/Object; @ 91 c2
Event: 0.952 Thread 0x000078c0400197b0 DEOPT PACKING pc=0x000078c030381394 sp=0x000078c0451fda00
Event: 0.952 Thread 0x000078c0400197b0 DEOPT UNPACKING pc=0x000078c02fd8af99 sp=0x000078c0451fd9b0 mode 2
Event: 0.952 Thread 0x000078c0400197b0 Uncommon trap: trap_request=0xffffffc6 fr.pc=0x000078c030381394 relative=0x0000000000001854
Event: 0.952 Thread 0x000078c0400197b0 Uncommon trap: reason=bimorphic_or_optimized_type_check action=maybe_recompile pc=0x000078c030381394 method=java.util.HashMap.putVal(ILjava/lang/Object;Ljava/lang/Object;ZZ)Ljava/lang/Object; @ 91 c2
Event: 0.952 Thread 0x000078c0400197b0 DEOPT PACKING pc=0x000078c030381394 sp=0x000078c0451fda00
Event: 0.952 Thread 0x000078c0400197b0 DEOPT UNPACKING pc=0x000078c02fd8af99 sp=0x000078c0451fd9b0 mode 2

Classes loaded (20 events):
Event: 0.829 Loading class jdk/internal/vm/annotation/ForceInline
Event: 0.829 Loading class jdk/internal/vm/annotation/ForceInline done
Event: 0.842 Loading class sun/invoke/util/ValueConversions$1
Event: 0.842 Loading class sun/invoke/util/ValueConversions$1 done
Event: 0.843 Loading class java/lang/invoke/BoundMethodHandle$Species_LI
Event: 0.843 Loading class java/lang/invoke/BoundMethodHandle$Species_LI done
Event: 0.846 Loading class jdk/internal/org/objectweb/asm/ClassReader
Event: 0.847 Loading class jdk/internal/org/objectweb/asm/ClassReader done
Event: 0.893 Loading class sun/reflect/generics/scope/MethodScope
Event: 0.893 Loading class sun/reflect/generics/scope/MethodScope done
Event: 0.893 Loading class sun/reflect/generics/repository/MethodRepository
Event: 0.894 Loading class sun/reflect/generics/repository/MethodRepository done
Event: 0.957 Loading class java/util/ConcurrentModificationException
Event: 0.957 Loading class java/util/ConcurrentModificationException done
Event: 0.969 Loading class java/lang/ClassFormatError
Event: 0.969 Loading class java/lang/ClassFormatError done
Event: 0.971 Loading class java/lang/invoke/VarHandleInts$FieldInstanceReadWrite
Event: 0.971 Loading class java/lang/invoke/VarHandleInts$FieldInstanceReadOnly
Event: 0.971 Loading class java/lang/invoke/VarHandleInts$FieldInstanceReadOnly done
Event: 0.971 Loading class java/lang/invoke/VarHandleInts$FieldInstanceReadWrite done

Classes unloaded (0 events):
No events

Classes redefined (0 events):
No events

Internal exceptions (20 events):
Event: 0.158 Thread 0x000078c0400197b0 Exception <a 'java/lang/NoSuchMethodError'{0x000000008d858ed8}: 'java.lang.Object java.lang.invoke.DirectMethodHandle$Holder.invokeSpecialIFC(java.lang.Object, java.lang.Object, java.lang.Object, java.lang.Object)'> (0x000000008d858ed8) 
thrown [./src/hotspot/share/interpreter/linkResolver.cpp, line 772]
Event: 0.290 Thread 0x000078c0400197b0 Exception <a 'java/lang/NoSuchMethodError'{0x000000008d3cde68}: 'void java.lang.invoke.DirectMethodHandle$Holder.invokeSpecial(java.lang.Object, java.lang.Object, java.lang.Object)'> (0x000000008d3cde68) 
thrown [./src/hotspot/share/interpreter/linkResolver.cpp, line 772]
Event: 0.310 Thread 0x000078c0400197b0 Exception <a 'java/lang/NoSuchMethodError'{0x000000008d122308}: 'java.lang.Object java.lang.invoke.DirectMethodHandle$Holder.invokeInterface(java.lang.Object, java.lang.Object)'> (0x000000008d122308) 
thrown [./src/hotspot/share/interpreter/linkResolver.cpp, line 772]
Event: 0.321 Thread 0x000078c0400197b0 Exception <a 'java/lang/NoSuchMethodError'{0x000000008d1bf218}: 'int java.lang.invoke.DirectMethodHandle$Holder.invokeStatic(java.lang.Object, java.lang.Object, java.lang.Object, java.lang.Object)'> (0x000000008d1bf218) 
thrown [./src/hotspot/share/interpreter/linkResolver.cpp, line 772]
Event: 0.321 Thread 0x000078c0400197b0 Exception <a 'java/lang/NoSuchMethodError'{0x000000008d1c28e8}: 'java.lang.Object java.lang.invoke.Invokers$Holder.invokeExact_MT(java.lang.Object, java.lang.Object, java.lang.Object, java.lang.Object, java.lang.Object, java.lang.Object)'> (0x000000008d1c28e8) 
thrown [./src/hotspot/share/interpreter/linkResolver.cpp, line 772]
Event: 0.323 Thread 0x000078c0400197b0 Exception <a 'java/lang/NoSuchMethodError'{0x000000008d1d1388}: 'int java.lang.invoke.DirectMethodHandle$Holder.invokeSpecialIFC(java.lang.Object, java.lang.Object, java.lang.Object, java.lang.Object, java.lang.Object)'> (0x000000008d1d1388) 
thrown [./src/hotspot/share/interpreter/linkResolver.cpp, line 772]
Event: 0.352 Thread 0x000078c0400197b0 Exception <a 'java/lang/NoSuchMethodError'{0x000000008cf592e8}: 'java.lang.Object java.lang.invoke.DirectMethodHandle$Holder.newInvokeSpecial(java.lang.Object, java.lang.Object, java.lang.Object, java.lang.Object, java.lang.Object)'> (0x000000008cf592e8) 
thrown [./src/hotspot/share/interpreter/linkResolver.cpp, line 772]
Event: 0.369 Thread 0x000078c0400197b0 Exception <a 'java/lang/NoSuchMethodError'{0x000000008ce59468}: 'int java.lang.invoke.DirectMethodHandle$Holder.invokeStaticInit(java.lang.Object, java.lang.Object)'> (0x000000008ce59468) 
thrown [./src/hotspot/share/interpreter/linkResolver.cpp, line 772]
Event: 0.373 Thread 0x000078c0400197b0 Exception <a 'java/lang/NoClassDefFoundError'{0x000000008ce8eef0}: javax/enterprise/inject/Typed> (0x000000008ce8eef0) 
thrown [./src/hotspot/share/classfile/systemDictionary.cpp, line 301]
Event: 0.827 Thread 0x000078c0400197b0 Exception <a 'java/lang/NoSuchMethodError'{0x000000008beded60}: 'void java.lang.invoke.DirectMethodHandle$Holder.invokeStaticInit(java.lang.Object, java.lang.Object, java.lang.Object)'> (0x000000008beded60) 
thrown [./src/hotspot/share/interpreter/linkResolver.cpp, line 772]
Event: 0.829 Thread 0x000078c0400197b0 Exception <a 'java/lang/ExceptionInInitializerError'{0x000000008bd07880}> (0x000000008bd07880) 
thrown [./src/hotspot/share/oops/instanceKlass.cpp, line 1220]
Event: 0.842 Thread 0x000078c0400197b0 Exception <a 'java/lang/NoSuchMethodError'{0x000000008bc12c90}: 'long java.lang.invoke.DirectMethodHandle$Holder.invokeStatic(java.lang.Object, java.lang.Object, int)'> (0x000000008bc12c90) 
thrown [./src/hotspot/share/interpreter/linkResolver.cpp, line 772]
Event: 0.843 Thread 0x000078c0400197b0 Exception <a 'java/lang/NoSuchMethodError'{0x000000008bc26048}: 'java.lang.Object java.lang.invoke.DirectMethodHandle$Holder.invokeStatic(java.lang.Object, java.lang.Object, java.lang.Object, java.lang.Object, int)'> (0x000000008bc26048) 
thrown [./src/hotspot/share/interpreter/linkResolver.cpp, line 772]
Event: 0.844 Thread 0x000078c0400197b0 Exception <a 'java/lang/NoSuchMethodError'{0x000000008bc2e220}: 'java.lang.Object java.lang.invoke.DirectMethodHandle$Holder.invokeSpecial(java.lang.Object, java.lang.Object, java.lang.Object, java.lang.Object, long)'> (0x000000008bc2e220) 
thrown [./src/hotspot/share/interpreter/linkResolver.cpp, line 772]
Event: 0.845 Thread 0x000078c0400197b0 Exception <a 'java/lang/NoSuchMethodError'{0x000000008bc39d98}: 'java.lang.Object java.lang.invoke.DirectMethodHandle$Holder.invokeSpecial(java.lang.Object, java.lang.Object, java.lang.Object, int, java.lang.Object)'> (0x000000008bc39d98) 
thrown [./src/hotspot/share/interpreter/linkResolver.cpp, line 772]
Event: 0.845 Thread 0x000078c0400197b0 Exception <a 'java/lang/NoSuchMethodError'{0x000000008bc420e8}: 'int java.lang.invoke.DirectMethodHandle$Holder.invokeSpecial(java.lang.Object, java.lang.Object, java.lang.Object, int)'> (0x000000008bc420e8) 
thrown [./src/hotspot/share/interpreter/linkResolver.cpp, line 772]
Event: 0.847 Thread 0x000078c0400197b0 Implicit null exception at 0x000078c0303715c0 to 0x000078c0303717b4
Event: 0.848 Thread 0x000078c0400197b0 Exception <a 'java/lang/NoSuchMethodError'{0x000000008bc676d8}: 'java.lang.Object java.lang.invoke.Invokers$Holder.invokeExact_MT(java.lang.Object, int, java.lang.Object)'> (0x000000008bc676d8) 
thrown [./src/hotspot/share/interpreter/linkResolver.cpp, line 772]
Event: 0.959 Thread 0x000078c0400197b0 Exception <a 'java/lang/NoSuchMethodError'{0x000000008b4a8080}: 'void java.lang.invoke.Invokers$Holder.invokeExact_MT(java.lang.Object, java.lang.Object, java.lang.Object, java.lang.Object)'> (0x000000008b4a8080) 
thrown [./src/hotspot/share/interpreter/linkResolver.cpp, line 772]
Event: 0.969 Thread 0x000078c0400197b0 Exception <a 'java/lang/NoClassDefFoundError'{0x000000008b341678}: com/google/inject/servlet/ServletModuleTargetVisitor> (0x000000008b341678) 
thrown [./src/hotspot/share/classfile/systemDictionary.cpp, line 301]

ZGC Phase Switch (0 events):
No events

VM Operations (20 events):
Event: 0.415 Executing VM operation: G1CollectForAllocation (G1 Evacuation Pause)
Event: 0.419 Executing VM operation: G1CollectForAllocation (G1 Evacuation Pause) done
Event: 0.652 Executing VM operation: HandshakeAllThreads (Deoptimize)
Event: 0.652 Executing VM operation: HandshakeAllThreads (Deoptimize) done
Event: 0.715 Executing VM operation: HandshakeAllThreads (Deoptimize)
Event: 0.715 Executing VM operation: HandshakeAllThreads (Deoptimize) done
Event: 0.767 Executing VM operation: ICBufferFull
Event: 0.767 Executing VM operation: ICBufferFull done
Event: 0.833 Executing VM operation: HandshakeAllThreads (Deoptimize)
Event: 0.833 Executing VM operation: HandshakeAllThreads (Deoptimize) done
Event: 0.865 Executing VM operation: HandshakeAllThreads (Deoptimize)
Event: 0.865 Executing VM operation: HandshakeAllThreads (Deoptimize) done
Event: 0.866 Executing VM operation: HandshakeAllThreads (Deoptimize)
Event: 0.866 Executing VM operation: HandshakeAllThreads (Deoptimize) done
Event: 0.894 Executing VM operation: HandshakeAllThreads (Deoptimize)
Event: 0.894 Executing VM operation: HandshakeAllThreads (Deoptimize) done
Event: 0.895 Executing VM operation: ICBufferFull
Event: 0.896 Executing VM operation: ICBufferFull done
Event: 0.956 Executing VM operation: HandshakeAllThreads (Deoptimize)
Event: 0.956 Executing VM operation: HandshakeAllThreads (Deoptimize) done

Memory protections (13 events):
Event: 0.001 Protecting memory [0x000078c045100000,0x000078c045104000] with protection modes 0
Event: 0.014 Protecting memory [0x000078c0254f6000,0x000078c0254fa000] with protection modes 0
Event: 0.014 Protecting memory [0x000078c024b00000,0x000078c024b04000] with protection modes 0
Event: 0.015 Protecting memory [0x000078c024a00000,0x000078c024a04000] with protection modes 0
Event: 0.015 Protecting memory [0x000078c024900000,0x000078c024904000] with protection modes 0
Event: 0.015 Protecting memory [0x000078c024800000,0x000078c024804000] with protection modes 0
Event: 0.015 Protecting memory [0x000078c024700000,0x000078c024704000] with protection modes 0
Event: 0.015 Protecting memory [0x000078c024600000,0x000078c024604000] with protection modes 0
Event: 0.018 Protecting memory [0x000078c024500000,0x000078c024504000] with protection modes 0
Event: 0.020 Protecting memory [0x000078c024400000,0x000078c024404000] with protection modes 0
Event: 0.094 Protecting memory [0x000078c024300000,0x000078c024304000] with protection modes 0
Event: 0.192 Protecting memory [0x000078c024300000,0x000078c024304000] with protection modes 0
Event: 0.391 Protecting memory [0x000078c024200000,0x000078c024204000] with protection modes 0

Nmethod flushes (0 events):
No events

Events (14 events):
Event: 0.009 Thread 0x000078c0400197b0 Thread added: 0x000078c0400197b0
Event: 0.014 Thread 0x000078c0400197b0 Thread added: 0x000078c040153250
Event: 0.014 Thread 0x000078c0400197b0 Thread added: 0x000078c0401548e0
Event: 0.015 Thread 0x000078c0400197b0 Thread added: 0x000078c040156080
Event: 0.015 Thread 0x000078c0400197b0 Thread added: 0x000078c0401576c0
Event: 0.015 Thread 0x000078c0400197b0 Thread added: 0x000078c040158c60
Event: 0.015 Thread 0x000078c0400197b0 Thread added: 0x000078c04015a7a0
Event: 0.015 Thread 0x000078c0400197b0 Thread added: 0x000078c04015be60
Event: 0.018 Thread 0x000078c0400197b0 Thread added: 0x000078c040167d00
Event: 0.020 Thread 0x000078c0400197b0 Thread added: 0x000078c04016b030
Event: 0.094 Thread 0x000078c0400197b0 Thread added: 0x000078c04037e430
Event: 0.097 Thread 0x000078c04037e430 Thread exited: 0x000078c04037e430
Event: 0.192 Thread 0x000078c04015be60 Thread added: 0x000078bf8c14ffd0
Event: 0.391 Thread 0x000078c04015be60 Thread added: 0x000078bf8c277ee0


Dynamic libraries:
86600000-8e000000 rw-p 00000000 00:00 0 
8e000000-ffe00000 ---p 00000000 00:00 0 
ffe00000-fff0d000 rw-p 00cd6000 08:25 2543604                            /usr/lib/jvm/java-21-openjdk-amd64/lib/server/classes.jsa
fff0d000-100000000 rw-p 00000000 00:00 0 
574219689000-57421968a000 r--p 00000000 08:25 2148401                    /usr/lib/jvm/java-21-openjdk-amd64/bin/java
57421968a000-57421968b000 r-xp 00001000 08:25 2148401                    /usr/lib/jvm/java-21-openjdk-amd64/bin/java
57421968b000-57421968c000 r--p 00002000 08:25 2148401                    /usr/lib/jvm/java-21-openjdk-amd64/bin/java
57421968c000-57421968d000 r--p 00002000 08:25 2148401                    /usr/lib/jvm/java-21-openjdk-amd64/bin/java
57421968d000-57421968e000 rw-p 00003000 08:25 2148401                    /usr/lib/jvm/java-21-openjdk-amd64/bin/java
574243bc9000-574243c10000 rw-p 00000000 00:00 0                          [heap]
78bf68000000-78bf68021000 rw-p 00000000 00:00 0 
78bf68021000-78bf6c000000 ---p 00000000 00:00 0 
78bf6c000000-78bf6c021000 rw-p 00000000 00:00 0 
78bf6c021000-78bf70000000 ---p 00000000 00:00 0 
78bf74000000-78bf74544000 rw-p 00000000 00:00 0 
78bf74544000-78bf78000000 ---p 00000000 00:00 0 
78bf78000000-78bf786e8000 rw-p 00000000 00:00 0 
78bf786e8000-78bf7c000000 ---p 00000000 00:00 0 
78bf80000000-78bf80021000 rw-p 00000000 00:00 0 
78bf80021000-78bf84000000 ---p 00000000 00:00 0 
78bf84000000-78bf84021000 rw-p 00000000 00:00 0 
78bf84021000-78bf88000000 ---p 00000000 00:00 0 
78bf8c000000-78bf8c476000 rw-p 00000000 00:00 0 
78bf8c476000-78bf90000000 ---p 00000000 00:00 0 
78bf90000000-78bf90912000 rw-p 00000000 00:00 0 
78bf90912000-78bf94000000 ---p 00000000 00:00 0 
78bf98000000-78bf98021000 rw-p 00000000 00:00 0 
78bf98021000-78bf9c000000 ---p 00000000 00:00 0 
78bf9c000000-78bf9c021000 rw-p 00000000 00:00 0 
78bf9c021000-78bfa0000000 ---p 00000000 00:00 0 
78bfa4000000-78bfa4021000 rw-p 00000000 00:00 0 
78bfa4021000-78bfa8000000 ---p 00000000 00:00 0 
78bfa8000000-78bfa8021000 rw-p 00000000 00:00 0 
78bfa8021000-78bfac000000 ---p 00000000 00:00 0 
78bfb0000000-78bfb0021000 rw-p 00000000 00:00 0 
78bfb0021000-78bfb4000000 ---p 00000000 00:00 0 
78bfb4000000-78bfb4021000 rw-p 00000000 00:00 0 
78bfb4021000-78bfb8000000 ---p 00000000 00:00 0 
78bfbc000000-78bfbc2e0000 rw-p 00000000 00:00 0 
78bfbc2e0000-78bfbc400000 ---p 00000000 00:00 0 
78bfbc400000-78bfbcc40000 rw-p 00000000 00:00 0 
78bfbcc40000-78bfc0000000 ---p 00000000 00:00 0 
78bfc0000000-78bfc0021000 rw-p 00000000 00:00 0 
78bfc0021000-78bfc4000000 ---p 00000000 00:00 0 
78bfc7000000-78bfc7c97000 rw-p 00001000 08:25 2543604                    /usr/lib/jvm/java-21-openjdk-amd64/lib/server/classes.jsa
78bfc7c97000-78bfc8000000 ---p 00000000 00:00 0 
78bfc8000000-78bfc8030000 rw-p 00000000 00:00 0 
78bfc8030000-78bfc8070000 rw-p 00000000 00:00 0 
78bfc8070000-78bfc81a0000 rw-p 00000000 00:00 0 
78bfc81a0000-78c008000000 ---p 00000000 00:00 0 
78c008000000-78c008021000 rw-p 00000000 00:00 0 
78c008021000-78c00c000000 ---p 00000000 00:00 0 
78c00c000000-78c00c021000 rw-p 00000000 00:00 0 
78c00c021000-78c010000000 ---p 00000000 00:00 0 
78c014000000-78c014021000 rw-p 00000000 00:00 0 
78c014021000-78c018000000 ---p 00000000 00:00 0 
78c018000000-78c018021000 rw-p 00000000 00:00 0 
78c018021000-78c01c000000 ---p 00000000 00:00 0 
78c01d600000-78c01d8e2000 rw-p 00000000 00:00 0 
78c01da00000-78c01da03000 r-xp 00000000 08:25 2299376                    /tmp/jansi-2.4.1-d493da2b27dfc0f9-libjansi.so
78c01da03000-78c01dc02000 ---p 00003000 08:25 2299376                    /tmp/jansi-2.4.1-d493da2b27dfc0f9-libjansi.so
78c01dc02000-78c01dc03000 r--p 00002000 08:25 2299376                    /tmp/jansi-2.4.1-d493da2b27dfc0f9-libjansi.so
78c01dc03000-78c01dc04000 rw-p 00003000 08:25 2299376                    /tmp/jansi-2.4.1-d493da2b27dfc0f9-libjansi.so
78c01dd7f000-78c01deff000 rw-p 00000000 00:00 0 
78c01deff000-78c01df00000 ---p 00000000 00:00 0 
78c01df00000-78c01e000000 rw-p 00000000 00:00 0 
78c01e000000-78c020021000 rw-p 00000000 00:00 0 
78c020021000-78c024000000 ---p 00000000 00:00 0 
78c0240ff000-78c024100000 ---p 00000000 00:00 0 
78c024100000-78c024200000 rw-p 00000000 00:00 0 
78c024200000-78c024204000 ---p 00000000 00:00 0 
78c024204000-78c024300000 rw-p 00000000 00:00 0 
78c024300000-78c024304000 ---p 00000000 00:00 0 
78c024304000-78c024400000 rw-p 00000000 00:00 0 
78c024400000-78c024404000 ---p 00000000 00:00 0 
78c024404000-78c024500000 rw-p 00000000 00:00 0 
78c024500000-78c024504000 ---p 00000000 00:00 0 
78c024504000-78c024600000 rw-p 00000000 00:00 0 
78c024600000-78c024604000 ---p 00000000 00:00 0 
78c024604000-78c024700000 rw-p 00000000 00:00 0 
78c024700000-78c024704000 ---p 00000000 00:00 0 
78c024704000-78c024800000 rw-p 00000000 00:00 0 
78c024800000-78c024804000 ---p 00000000 00:00 0 
78c024804000-78c024900000 rw-p 00000000 00:00 0 
78c024900000-78c024904000 ---p 00000000 00:00 0 
78c024904000-78c024a00000 rw-p 00000000 00:00 0 
78c024a00000-78c024a04000 ---p 00000000 00:00 0 
78c024a04000-78c024b00000 rw-p 00000000 00:00 0 
78c024b00000-78c024b04000 ---p 00000000 00:00 0 
78c024b04000-78c024c00000 rw-p 00000000 00:00 0 
78c024c00000-78c025403000 r--p 00000000 08:25 1850347                    /usr/lib/locale/locale-archive
78c025425000-78c02542a000 r--p 00000000 08:25 2543585                    /usr/lib/jvm/java-21-openjdk-amd64/lib/libjsvml.so
78c02542a000-78c02546b000 r-xp 00005000 08:25 2543585                    /usr/lib/jvm/java-21-openjdk-amd64/lib/libjsvml.so
78c02546b000-78c0254f4000 r--p 00046000 08:25 2543585                    /usr/lib/jvm/java-21-openjdk-amd64/lib/libjsvml.so
78c0254f4000-78c0254f5000 r--p 000ce000 08:25 2543585                    /usr/lib/jvm/java-21-openjdk-amd64/lib/libjsvml.so
78c0254f5000-78c0254f6000 rw-p 000cf000 08:25 2543585                    /usr/lib/jvm/java-21-openjdk-amd64/lib/libjsvml.so
78c0254f6000-78c0254fa000 ---p 00000000 00:00 0 
78c0254fa000-78c0255f6000 rw-p 00000000 00:00 0 
78c0255f6000-78c0255f7000 ---p 00000000 00:00 0 
78c0255f7000-78c0256f7000 rw-p 00000000 00:00 0 
78c0256f7000-78c0256f8000 ---p 00000000 00:00 0 
78c0256f8000-78c0257f8000 rw-p 00000000 00:00 0 
78c0257f8000-78c0257f9000 ---p 00000000 00:00 0 
78c0257f9000-78c0258f9000 rw-p 00000000 00:00 0 
78c0258f9000-78c0258fa000 ---p 00000000 00:00 0 
78c0258fa000-78c0259fa000 rw-p 00000000 00:00 0 
78c0259fa000-78c0261e8000 rw-p 00000000 00:00 0 
78c0261e8000-78c027e60000 ---p 00000000 00:00 0 
78c027e60000-78c027e68000 rw-p 00000000 00:00 0 
78c027eff000-78c02803d000 rw-p 00000000 00:00 0 
78c02803d000-78c0283cc000 ---p 00000000 00:00 0 
78c0283cc000-78c0283cd000 rw-p 00000000 00:00 0 
78c028400000-78c02843d000 rw-p 00000000 00:00 0 
78c02843d000-78c0287cc000 ---p 00000000 00:00 0 
78c0287cc000-78c0287cd000 rw-p 00000000 00:00 0 
78c028800000-78c028c70000 rwxp 00000000 00:00 0 
78c028c70000-78c02fd37000 ---p 00000000 00:00 0 
78c02fd37000-78c02ffa7000 rwxp 00000000 00:00 0 
78c02ffa7000-78c0302c9000 ---p 00000000 00:00 0 
78c0302c9000-78c030539000 rwxp 00000000 00:00 0 
78c030539000-78c037800000 ---p 00000000 00:00 0 
78c037800000-78c03fe0d000 r--s 00000000 08:25 2543601                    /usr/lib/jvm/java-21-openjdk-amd64/lib/modules
78c03fe7e000-78c040a14000 rw-p 00000000 00:00 0 
78c040a14000-78c044000000 ---p 00000000 00:00 0 
78c04401b000-78c04421d000 rw-p 00000000 00:00 0 
78c04421d000-78c04421e000 ---p 00000000 00:00 0 
78c04421e000-78c04431e000 rw-p 00000000 00:00 0 
78c04431e000-78c04431f000 ---p 00000000 00:00 0 
78c04431f000-78c04441f000 rw-p 00000000 00:00 0 
78c04441f000-78c044420000 ---p 00000000 00:00 0 
78c044420000-78c044520000 rw-p 00000000 00:00 0 
78c044520000-78c044f2f000 rw-p 00000000 00:00 0 
78c044f2f000-78c045015000 ---p 00000000 00:00 0 
78c045015000-78c04501e000 rw-p 00000000 00:00 0 
78c04501e000-78c045100000 ---p 00000000 00:00 0 
78c045100000-78c045104000 ---p 00000000 00:00 0 
78c045104000-78c045200000 rw-p 00000000 00:00 0 
78c045200000-78c04529d000 r--p 00000000 08:25 1869011                    /usr/lib/x86_64-linux-gnu/libstdc++.so.6.0.33
78c04529d000-78c0453e5000 r-xp 0009d000 08:25 1869011                    /usr/lib/x86_64-linux-gnu/libstdc++.so.6.0.33
78c0453e5000-78c04546c000 r--p 001e5000 08:25 1869011                    /usr/lib/x86_64-linux-gnu/libstdc++.so.6.0.33
78c04546c000-78c045477000 r--p 0026b000 08:25 1869011                    /usr/lib/x86_64-linux-gnu/libstdc++.so.6.0.33
78c045477000-78c04547a000 rw-p 00276000 08:25 1869011                    /usr/lib/x86_64-linux-gnu/libstdc++.so.6.0.33
78c04547a000-78c04547e000 rw-p 00000000 00:00 0 
78c04549b000-78c0454bc000 r--p 00000000 08:25 2547013                    /usr/share/locale-langpack/es/LC_MESSAGES/libc.mo
78c0454bc000-78c045517000 rw-p 00000000 00:00 0 
78c045517000-78c045527000 r--p 00000000 08:25 1868504                    /usr/lib/x86_64-linux-gnu/libm.so.6
78c045527000-78c0455a6000 r-xp 00010000 08:25 1868504                    /usr/lib/x86_64-linux-gnu/libm.so.6
78c0455a6000-78c0455fe000 r--p 0008f000 08:25 1868504                    /usr/lib/x86_64-linux-gnu/libm.so.6
78c0455fe000-78c0455ff000 r--p 000e7000 08:25 1868504                    /usr/lib/x86_64-linux-gnu/libm.so.6
78c0455ff000-78c045600000 rw-p 000e8000 08:25 1868504                    /usr/lib/x86_64-linux-gnu/libm.so.6
78c045600000-78c0458a1000 r--p 00000000 08:25 2543607                    /usr/lib/jvm/java-21-openjdk-amd64/lib/server/libjvm.so
78c0458a1000-78c04670d000 r-xp 002a1000 08:25 2543607                    /usr/lib/jvm/java-21-openjdk-amd64/lib/server/libjvm.so
78c04670d000-78c0469e5000 r--p 0110d000 08:25 2543607                    /usr/lib/jvm/java-21-openjdk-amd64/lib/server/libjvm.so
78c0469e5000-78c046ab8000 r--p 013e5000 08:25 2543607                    /usr/lib/jvm/java-21-openjdk-amd64/lib/server/libjvm.so
78c046ab8000-78c046ae8000 rw-p 014b8000 08:25 2543607                    /usr/lib/jvm/java-21-openjdk-amd64/lib/server/libjvm.so
78c046ae8000-78c046b4e000 rw-p 00000000 00:00 0 
78c046b51000-78c046b58000 r--s 00000000 08:25 1870331                    /usr/lib/x86_64-linux-gnu/gconv/gconv-modules.cache
78c046b58000-78c046b5c000 r--p 00000000 08:25 2543599                    /usr/lib/jvm/java-21-openjdk-amd64/lib/libverify.so
78c046b5c000-78c046b63000 r-xp 00004000 08:25 2543599                    /usr/lib/jvm/java-21-openjdk-amd64/lib/libverify.so
78c046b63000-78c046b65000 r--p 0000b000 08:25 2543599                    /usr/lib/jvm/java-21-openjdk-amd64/lib/libverify.so
78c046b65000-78c046b67000 r--p 0000c000 08:25 2543599                    /usr/lib/jvm/java-21-openjdk-amd64/lib/libverify.so
78c046b67000-78c046b68000 rw-p 0000e000 08:25 2543599                    /usr/lib/jvm/java-21-openjdk-amd64/lib/libverify.so
78c046b68000-78c046b6a000 r--p 00000000 08:25 2543600                    /usr/lib/jvm/java-21-openjdk-amd64/lib/libzip.so
78c046b6a000-78c046b6f000 r-xp 00002000 08:25 2543600                    /usr/lib/jvm/java-21-openjdk-amd64/lib/libzip.so
78c046b6f000-78c046b71000 r--p 00007000 08:25 2543600                    /usr/lib/jvm/java-21-openjdk-amd64/lib/libzip.so
78c046b71000-78c046b72000 r--p 00008000 08:25 2543600                    /usr/lib/jvm/java-21-openjdk-amd64/lib/libzip.so
78c046b72000-78c046b73000 rw-p 00009000 08:25 2543600                    /usr/lib/jvm/java-21-openjdk-amd64/lib/libzip.so
78c046b73000-78c046b76000 r--p 00000000 08:25 2543592                    /usr/lib/jvm/java-21-openjdk-amd64/lib/libnet.so
78c046b76000-78c046b7e000 r-xp 00003000 08:25 2543592                    /usr/lib/jvm/java-21-openjdk-amd64/lib/libnet.so
78c046b7e000-78c046b80000 r--p 0000b000 08:25 2543592                    /usr/lib/jvm/java-21-openjdk-amd64/lib/libnet.so
78c046b80000-78c046b81000 r--p 0000c000 08:25 2543592                    /usr/lib/jvm/java-21-openjdk-amd64/lib/libnet.so
78c046b81000-78c046b82000 rw-p 0000d000 08:25 2543592                    /usr/lib/jvm/java-21-openjdk-amd64/lib/libnet.so
78c046b82000-78c046c00000 rw-p 00000000 00:00 0 
78c046c00000-78c046c28000 r--p 00000000 08:25 1867753                    /usr/lib/x86_64-linux-gnu/libc.so.6
78c046c28000-78c046db0000 r-xp 00028000 08:25 1867753                    /usr/lib/x86_64-linux-gnu/libc.so.6
78c046db0000-78c046dff000 r--p 001b0000 08:25 1867753                    /usr/lib/x86_64-linux-gnu/libc.so.6
78c046dff000-78c046e03000 r--p 001fe000 08:25 1867753                    /usr/lib/x86_64-linux-gnu/libc.so.6
78c046e03000-78c046e05000 rw-p 00202000 08:25 1867753                    /usr/lib/x86_64-linux-gnu/libc.so.6
78c046e05000-78c046e12000 rw-p 00000000 00:00 0 
78c046e15000-78c046e1c000 r--p 00000000 08:25 2543593                    /usr/lib/jvm/java-21-openjdk-amd64/lib/libnio.so
78c046e1c000-78c046e25000 r-xp 00007000 08:25 2543593                    /usr/lib/jvm/java-21-openjdk-amd64/lib/libnio.so
78c046e25000-78c046e29000 r--p 00010000 08:25 2543593                    /usr/lib/jvm/java-21-openjdk-amd64/lib/libnio.so
78c046e29000-78c046e2a000 r--p 00014000 08:25 2543593                    /usr/lib/jvm/java-21-openjdk-amd64/lib/libnio.so
78c046e2a000-78c046e2b000 rw-p 00015000 08:25 2543593                    /usr/lib/jvm/java-21-openjdk-amd64/lib/libnio.so
78c046e2b000-78c046e71000 rw-p 00000000 00:00 0 
78c046e71000-78c046e78000 ---p 00000000 00:00 0 
78c046e78000-78c046e85000 r--p 00000000 08:25 2543578                    /usr/lib/jvm/java-21-openjdk-amd64/lib/libjava.so
78c046e85000-78c046e94000 r-xp 0000d000 08:25 2543578                    /usr/lib/jvm/java-21-openjdk-amd64/lib/libjava.so
78c046e94000-78c046e99000 r--p 0001c000 08:25 2543578                    /usr/lib/jvm/java-21-openjdk-amd64/lib/libjava.so
78c046e99000-78c046e9a000 r--p 00021000 08:25 2543578                    /usr/lib/jvm/java-21-openjdk-amd64/lib/libjava.so
78c046e9a000-78c046e9b000 rw-p 00022000 08:25 2543578                    /usr/lib/jvm/java-21-openjdk-amd64/lib/libjava.so
78c046e9b000-78c046e9c000 rw-p 00000000 00:00 0 
78c046e9c000-78c046ea0000 r--p 00000000 08:25 1868124                    /usr/lib/x86_64-linux-gnu/libgcc_s.so.1
78c046ea0000-78c046ec4000 r-xp 00004000 08:25 1868124                    /usr/lib/x86_64-linux-gnu/libgcc_s.so.1
78c046ec4000-78c046ec8000 r--p 00028000 08:25 1868124                    /usr/lib/x86_64-linux-gnu/libgcc_s.so.1
78c046ec8000-78c046ec9000 r--p 0002b000 08:25 1868124                    /usr/lib/x86_64-linux-gnu/libgcc_s.so.1
78c046ec9000-78c046eca000 rw-p 0002c000 08:25 1868124                    /usr/lib/x86_64-linux-gnu/libgcc_s.so.1
78c046eca000-78c046ecc000 rw-p 00000000 00:00 0 
78c046ecc000-78c046ece000 r--p 00000000 08:25 2543582                    /usr/lib/jvm/java-21-openjdk-amd64/lib/libjli.so
78c046ece000-78c046ed8000 r-xp 00002000 08:25 2543582                    /usr/lib/jvm/java-21-openjdk-amd64/lib/libjli.so
78c046ed8000-78c046edb000 r--p 0000c000 08:25 2543582                    /usr/lib/jvm/java-21-openjdk-amd64/lib/libjli.so
78c046edb000-78c046edc000 r--p 0000f000 08:25 2543582                    /usr/lib/jvm/java-21-openjdk-amd64/lib/libjli.so
78c046edc000-78c046edd000 rw-p 00010000 08:25 2543582                    /usr/lib/jvm/java-21-openjdk-amd64/lib/libjli.so
78c046edd000-78c046edf000 r--p 00000000 08:25 1869333                    /usr/lib/x86_64-linux-gnu/libz.so.1.3
78c046edf000-78c046ef1000 r-xp 00002000 08:25 1869333                    /usr/lib/x86_64-linux-gnu/libz.so.1.3
78c046ef1000-78c046ef7000 r--p 00014000 08:25 1869333                    /usr/lib/x86_64-linux-gnu/libz.so.1.3
78c046ef7000-78c046ef8000 r--p 0001a000 08:25 1869333                    /usr/lib/x86_64-linux-gnu/libz.so.1.3
78c046ef8000-78c046ef9000 rw-p 0001b000 08:25 1869333                    /usr/lib/x86_64-linux-gnu/libz.so.1.3
78c046ef9000-78c046f01000 rw-s 00000000 08:25 2658447                    /tmp/hsperfdata_edu/4739
78c046f01000-78c046f02000 ---p 00000000 00:00 0 
78c046f02000-78c046f03000 r--p 00000000 00:00 0 
78c046f03000-78c046f04000 ---p 00000000 00:00 0 
78c046f04000-78c046f06000 r--p 00000000 08:25 2543581                    /usr/lib/jvm/java-21-openjdk-amd64/lib/libjimage.so
78c046f06000-78c046f09000 r-xp 00002000 08:25 2543581                    /usr/lib/jvm/java-21-openjdk-amd64/lib/libjimage.so
78c046f09000-78c046f0a000 r--p 00005000 08:25 2543581                    /usr/lib/jvm/java-21-openjdk-amd64/lib/libjimage.so
78c046f0a000-78c046f0b000 r--p 00006000 08:25 2543581                    /usr/lib/jvm/java-21-openjdk-amd64/lib/libjimage.so
78c046f0b000-78c046f0c000 rw-p 00007000 08:25 2543581                    /usr/lib/jvm/java-21-openjdk-amd64/lib/libjimage.so
78c046f0c000-78c046f0e000 rw-p 00000000 00:00 0 
78c046f0e000-78c046f0f000 r--p 00000000 08:25 1867323                    /usr/lib/x86_64-linux-gnu/ld-linux-x86-64.so.2
78c046f0f000-78c046f3a000 r-xp 00001000 08:25 1867323                    /usr/lib/x86_64-linux-gnu/ld-linux-x86-64.so.2
78c046f3a000-78c046f44000 r--p 0002c000 08:25 1867323                    /usr/lib/x86_64-linux-gnu/ld-linux-x86-64.so.2
78c046f44000-78c046f46000 r--p 00036000 08:25 1867323                    /usr/lib/x86_64-linux-gnu/ld-linux-x86-64.so.2
78c046f46000-78c046f48000 rw-p 00038000 08:25 1867323                    /usr/lib/x86_64-linux-gnu/ld-linux-x86-64.so.2
7fff88f14000-7fff88f35000 rw-p 00000000 00:00 0                          [stack]
7fff88ff3000-7fff88ff7000 r--p 00000000 00:00 0                          [vvar]
7fff88ff7000-7fff88ff9000 r-xp 00000000 00:00 0                          [vdso]
ffffffffff600000-ffffffffff601000 --xp 00000000 00:00 0                  [vsyscall]
Total number of mappings: 227


VM Arguments:
jvm_args: -Dclassworlds.conf=/usr/lib/apache-netbeans/java/maven/bin/m2.conf -Dmaven.home=/usr/lib/apache-netbeans/java/maven -Dlibrary.jansi.path=/usr/lib/apache-netbeans/java/maven/lib/jansi-native -Dmaven.multiModuleProjectDirectory=/home/edu/IPC2-2025/Hyrule-events/HyruleEvents 
java_command: org.codehaus.plexus.classworlds.launcher.Launcher -Dexec.vmArgs= -Dexec.args=${exec.vmArgs} -classpath %classpath ${exec.mainClass} ${exec.appArgs} -Dexec.appArgs= -Dexec.mainClass=com.mycompany.hyruleevents.HyruleEvents -Dexec.executable=/usr/lib/jvm/java-21-openjdk-amd64/bin/java -Dmaven.ext.class.path=/usr/lib/apache-netbeans/java/maven-nblib/netbeans-eventspy.jar --no-transfer-progress process-classes org.codehaus.mojo:exec-maven-plugin:3.1.0:exec
java_class_path (initial): /usr/lib/apache-netbeans/java/maven/boot/plexus-classworlds-2.8.0.jar
Launcher Type: SUN_STANDARD

[Global flags]
     intx CICompilerCount                          = 4                                         {product} {ergonomic}
     uint ConcGCThreads                            = 3                                         {product} {ergonomic}
     uint G1ConcRefinementThreads                  = 10                                        {product} {ergonomic}
   size_t G1HeapRegionSize                         = 1048576                                   {product} {ergonomic}
    uintx GCDrainStackTargetSize                   = 64                                        {product} {ergonomic}
   size_t InitialHeapSize                          = 127926272                                 {product} {ergonomic}
   size_t MarkStackSize                            = 4194304                                   {product} {ergonomic}
   size_t MaxHeapSize                              = 2040528896                                {product} {ergonomic}
   size_t MaxNewSize                               = 1223688192                                {product} {ergonomic}
   size_t MinHeapDeltaBytes                        = 1048576                                   {product} {ergonomic}
   size_t MinHeapSize                              = 8388608                                   {product} {ergonomic}
    uintx NonNMethodCodeHeapSize                   = 5839372                                {pd product} {ergonomic}
    uintx NonProfiledCodeHeapSize                  = 122909434                              {pd product} {ergonomic}
    uintx ProfiledCodeHeapSize                     = 122909434                              {pd product} {ergonomic}
    uintx ReservedCodeCacheSize                    = 251658240                              {pd product} {ergonomic}
     bool SegmentedCodeCache                       = true                                      {product} {ergonomic}
   size_t SoftMaxHeapSize                          = 2040528896                             {manageable} {ergonomic}
     bool UseCompressedOops                        = true                           {product lp64_product} {ergonomic}
     bool UseG1GC                                  = true                                      {product} {ergonomic}

Logging:
Log output configuration:
 #0: stdout all=warning uptime,level,tags foldmultilines=false
 #1: stderr all=off uptime,level,tags foldmultilines=false

Environment Variables:
JAVA_HOME=/usr/lib/jvm/java-21-openjdk-amd64
PATH=/usr/local/sbin:/usr/local/bin:/usr/sbin:/usr/bin:/sbin:/bin:/usr/games:/usr/local/games:/snap/bin
SHELL=/bin/bash
DISPLAY=:0
LANG=es_GT.UTF-8

Active Locale:
LC_ALL=es_GT.UTF-8
LC_COLLATE=es_GT.UTF-8
LC_CTYPE=es_GT.UTF-8
LC_MESSAGES=es_GT.UTF-8
LC_MONETARY=es_GT.UTF-8
LC_NUMERIC=es_GT.UTF-8
LC_TIME=es_GT.UTF-8

Signal Handlers:
   SIGSEGV: crash_handler in libjvm.so, mask=11100100010111111101111111111110, flags=SA_RESTART|SA_SIGINFO, unblocked
    SIGBUS: crash_handler in libjvm.so, mask=11100100010111111101111111111110, flags=SA_RESTART|SA_SIGINFO, unblocked
    SIGFPE: crash_handler in libjvm.so, mask=11100100010111111101111111111110, flags=SA_RESTART|SA_SIGINFO, unblocked
   SIGPIPE: javaSignalHandler in libjvm.so, mask=11100100010111111101111111111110, flags=SA_RESTART|SA_SIGINFO, blocked
   SIGXFSZ: javaSignalHandler in libjvm.so, mask=11100100010111111101111111111110, flags=SA_RESTART|SA_SIGINFO, blocked
    SIGILL: crash_handler in libjvm.so, mask=11100100010111111101111111111110, flags=SA_RESTART|SA_SIGINFO, unblocked
   SIGUSR2: SR_handler in libjvm.so, mask=00000000000000000000000000000000, flags=SA_RESTART|SA_SIGINFO, blocked
    SIGHUP: UserHandler in libjvm.so, mask=11100100010111111101111111111110, flags=SA_RESTART|SA_SIGINFO, blocked
    SIGINT: SIG_IGN, mask=00000000000000000000000000000000, flags=none, blocked
   SIGTERM: UserHandler in libjvm.so, mask=11100100010111111101111111111110, flags=SA_RESTART|SA_SIGINFO, blocked
   SIGQUIT: UserHandler in libjvm.so, mask=11100100010111111101111111111110, flags=SA_RESTART|SA_SIGINFO, blocked
   SIGTRAP: crash_handler in libjvm.so, mask=11100100010111111101111111111110, flags=SA_RESTART|SA_SIGINFO, unblocked


Periodic native trim disabled

---------------  S Y S T E M  ---------------

OS:
DISTRIB_ID=LinuxMint
DISTRIB_RELEASE=22.1
DISTRIB_CODENAME=xia
DISTRIB_DESCRIPTION="Linux Mint 22.1 Xia"
uname: Linux 6.8.0-51-generic #52-Ubuntu SMP PREEMPT_DYNAMIC Thu Dec  5 13:09:44 UTC 2024 x86_64
OS uptime: 0 days 0:31 hours
libc: glibc 2.39 NPTL 2.39 
rlimit (soft/hard): STACK 8192k/infinity , CORE 0k/infinity , NPROC 30798/30798 , NOFILE 1048576/1048576 , AS infinity/infinity , CPU infinity/infinity , DATA infinity/infinity , FSIZE infinity/infinity , MEMLOCK 995356k/995356k
load average: 0.66 0.61 0.50

/proc/meminfo:
MemTotal:        7962876 kB
MemFree:         2265700 kB
MemAvailable:    4010012 kB
Buffers:          119108 kB
Cached:          2191788 kB
SwapCached:            0 kB
Active:          3904112 kB
Inactive:         997696 kB
Active(anon):    2995680 kB
Inactive(anon):        0 kB
Active(file):     908432 kB
Inactive(file):   997696 kB
Unevictable:      336360 kB
Mlocked:              64 kB
SwapTotal:      15997944 kB
SwapFree:       15997944 kB
Zswap:                 0 kB
Zswapped:              0 kB
Dirty:               676 kB
Writeback:             0 kB
AnonPages:       2927616 kB
Mapped:           614532 kB
Shmem:            404696 kB
KReclaimable:     124092 kB
Slab:             262520 kB
SReclaimable:     124092 kB
SUnreclaim:       138428 kB
KernelStack:       15408 kB
PageTables:        40708 kB
SecPageTables:         0 kB
NFS_Unstable:          0 kB
Bounce:                0 kB
WritebackTmp:          0 kB
CommitLimit:    19979380 kB
Committed_AS:   15719108 kB
VmallocTotal:   34359738367 kB
VmallocUsed:       39840 kB
VmallocChunk:          0 kB
Percpu:             8064 kB
HardwareCorrupted:     0 kB
AnonHugePages:         0 kB
ShmemHugePages:        0 kB
ShmemPmdMapped:        0 kB
FileHugePages:         0 kB
FilePmdMapped:         0 kB
Unaccepted:            0 kB
HugePages_Total:       0
HugePages_Free:        0
HugePages_Rsvd:        0
HugePages_Surp:        0
Hugepagesize:       2048 kB
Hugetlb:               0 kB
DirectMap4k:      168484 kB
DirectMap2M:     4909056 kB
DirectMap1G:     3145728 kB

/sys/kernel/mm/transparent_hugepage/enabled: always [madvise] never
/sys/kernel/mm/transparent_hugepage/hpage_pmd_size: 2097152
/sys/kernel/mm/transparent_hugepage/defrag (defrag/compaction efforts parameter): always defer defer+madvise [madvise] never

Process Memory:
Virtual Size: 5044564K (peak: 5044640K)
Resident Set Size: 143132K (peak: 143132K) (anon: 118056K, file: 25076K, shmem: 0K)
Swapped out: 0K
C-Heap outstanding allocations: 52430K, retained: 11661K
glibc malloc tunables: (default)

/proc/sys/kernel/threads-max (system-wide limit on the number of threads): 61597
/proc/sys/vm/max_map_count (maximum number of memory map areas a process may have): 1048576
/proc/sys/vm/swappiness (control to define how aggressively the kernel swaps out anonymous memory): 60
/proc/sys/kernel/pid_max (system-wide limit on number of process identifiers): 4194304

container (cgroup) information:
container_type: cgroupv2
cpu_cpuset_cpus: not supported
cpu_memory_nodes: not supported
active_processor_count: 12
cpu_quota: no quota
cpu_period: 100000
cpu_shares: no shares
memory_limit_in_bytes: unlimited
memory_and_swap_limit_in_bytes: unlimited
memory_soft_limit_in_bytes: unlimited
memory_usage_in_bytes: 3654300 k
memory_max_usage_in_bytes: not supported
memory_swap_current_in_bytes: unlimited
memory_swap_max_limit_in_bytes: unlimited
maximum number of tasks: unlimited
current number of tasks: 478

Steal ticks since vm start: 0
Steal ticks percentage since vm start:  0.000

CPU: total 12 (initial active 12) (6 cores per cpu, 2 threads per core) family 6 model 165 stepping 3 microcode 0xfc, cx8, cmov, fxsr, ht, mmx, 3dnowpref, sse, sse2, sse3, ssse3, sse4.1, sse4.2, popcnt, lzcnt, tsc, tscinvbit, avx, avx2, aes, erms, clmul, bmi1, bmi2, adx, fma, vzeroupper, clflush, clflushopt, rdtscp, f16c
CPU Model and flags from /proc/cpuinfo:
model name	: Intel(R) Core(TM) i5-10400 CPU @ 2.90GHz
flags		: fpu vme de pse tsc msr pae mce cx8 apic sep mtrr pge mca cmov pat pse36 clflush dts acpi mmx fxsr sse sse2 ss ht tm pbe syscall nx pdpe1gb rdtscp lm constant_tsc art arch_perfmon pebs bts rep_good nopl xtopology nonstop_tsc cpuid aperfmperf pni pclmulqdq dtes64 monitor ds_cpl vmx est tm2 ssse3 sdbg fma cx16 xtpr pdcm pcid sse4_1 sse4_2 x2apic movbe popcnt tsc_deadline_timer aes xsave avx f16c rdrand lahf_lm abm 3dnowprefetch cpuid_fault epb ssbd ibrs ibpb stibp ibrs_enhanced tpr_shadow flexpriority ept vpid ept_ad fsgsbase tsc_adjust bmi1 avx2 smep bmi2 erms invpcid mpx rdseed adx smap clflushopt intel_pt xsaveopt xsavec xgetbv1 xsaves dtherm ida arat pln pts hwp hwp_notify hwp_act_window hwp_epp vnmi md_clear flush_l1d arch_capabilities

Online cpus: 0-11
Offline cpus: 
BIOS frequency limitation: <Not Available>
Frequency switch latency (ns): 0
Available cpu frequencies: <Not Available>
Current governor: powersave
Core performance/turbo boost: <Not Available>

Memory: 4k page, physical 7962876k(4010012k free), swap 15997944k(15997944k free)
Page Sizes: 4k

vm_info: OpenJDK 64-Bit Server VM (21.0.6+7-Ubuntu-124.04.1) for linux-amd64 JRE (21.0.6+7-Ubuntu-124.04.1), built on 2025-01-23T22:52:35Z by "buildd" with gcc 13.3.0

END.
