#
# A fatal error has been detected by the Java Runtime Environment:
#
#  SIGSEGV (0xb) at pc=0x00007370862cbf6b, pid=4800, tid=4831
#
# JRE version: OpenJDK Runtime Environment (21.0.6+7) (build 21.0.6+7-Ubuntu-124.04.1)
# Java VM: OpenJDK 64-Bit Server VM (21.0.6+7-Ubuntu-124.04.1, mixed mode, sharing, tiered, compressed oops, compressed class ptrs, g1 gc, linux-amd64)
# Problematic frame:
# V  [libjvm.so+0x8cbf6b]  PhaseChaitin::interfere_with_live(unsigned int, IndexSet*) [clone .part.0]+0x23b
#
# Core dump will be written. Default location: Core dumps may be processed with "/usr/lib/systemd/systemd-coredump %P %u %g %s %t 9223372036854775808 %h" (or dumping to /home/edu/IPC2-2025/Hyrule-events/HyruleEvents/core.4800)
#
# If you would like to submit a bug report, please visit:
#   https://bugs.launchpad.net/ubuntu/+source/openjdk-21
#

---------------  S U M M A R Y ------------

Command Line: -Dclassworlds.conf=/usr/lib/apache-netbeans/java/maven/bin/m2.conf -Dmaven.home=/usr/lib/apache-netbeans/java/maven -Dlibrary.jansi.path=/usr/lib/apache-netbeans/java/maven/lib/jansi-native -Dmaven.multiModuleProjectDirectory=/home/edu/IPC2-2025/Hyrule-events/HyruleEvents org.codehaus.plexus.classworlds.launcher.Launcher -Dexec.vmArgs= -Dexec.args=${exec.vmArgs} -classpath %classpath ${exec.mainClass} ${exec.appArgs} -Dexec.appArgs= -Dexec.mainClass=com.mycompany.hyruleevents.HyruleEvents -Dexec.executable=/usr/lib/jvm/java-21-openjdk-amd64/bin/java -Dmaven.ext.class.path=/usr/lib/apache-netbeans/java/maven-nblib/netbeans-eventspy.jar --no-transfer-progress process-classes org.codehaus.mojo:exec-maven-plugin:3.1.0:exec

Host: Intel(R) Core(TM) i5-10400 CPU @ 2.90GHz, 12 cores, 7G, Linux Mint 22.1 Xia
Time: Fri Aug  8 10:56:44 2025 CST elapsed time: 0.348095 seconds (0d 0h 0m 0s)

---------------  T H R E A D  ---------------

Current thread (0x000073708015a7a0):  JavaThread "C2 CompilerThread0" daemon [_thread_in_native, id=4831, stack(0x000073705ea00000,0x000073705eb00000) (1024K)]


Current CompileTask:
C2:348 1085   !   4       sun.nio.cs.StreamDecoder::read (78 bytes)

Stack: [0x000073705ea00000,0x000073705eb00000],  sp=0x000073705eafc060,  free space=1008k
Native frames: (J=compiled Java code, j=interpreted, Vv=VM code, C=native code)
V  [libjvm.so+0x8cbf6b]  PhaseChaitin::interfere_with_live(unsigned int, IndexSet*) [clone .part.0]+0x23b
V  [libjvm.so+0x8ce624]  PhaseChaitin::build_ifg_physical(ResourceArea*)+0x4d4
V  [libjvm.so+0x5b932c]  PhaseChaitin::Register_Allocate()+0x60c
V  [libjvm.so+0x6631c2]  Compile::Code_Gen()+0x332
V  [libjvm.so+0x666c06]  Compile::Compile(ciEnv*, ciMethod*, int, Options, DirectiveSet*)+0x1476
V  [libjvm.so+0x58ba7d]  C2Compiler::compile_method(ciEnv*, ciMethod*, int, bool, DirectiveSet*)+0x19d
V  [libjvm.so+0x66c9e3]  CompileBroker::invoke_compiler_on_method(CompileTask*)+0xc73
V  [libjvm.so+0x66fac8]  CompileBroker::compiler_thread_loop()+0x648
V  [libjvm.so+0x925536]  JavaThread::thread_main_inner()+0x1e6
V  [libjvm.so+0xf83ae7]  Thread::call_run()+0xa7
V  [libjvm.so+0xcfc025]  thread_native_entry(Thread*)+0xd5
C  [libc.so.6+0x9ca94]

siginfo: si_signo: 11 (SIGSEGV), si_code: 1 (SEGV_MAPERR), si_addr: 0x000073f086effb90

Registers:
RAX=0x000073f086effb80, RBX=0x00000000000003b7, RCX=0x000073f086effb90, RDX=0x0000736fd06d2fb0
RSP=0x000073705eafc060, RBP=0x000073705eafc0e0, RSI=0x0002000000000000, RDI=0x0002000000000000
R8 =0x0000000000000009, R9 =0x00000000000003b1, R10=0x000073705eafc3c0, R11=0x0000000000000ec4
R12=0x000073705eafc080, R13=0xffffffffffff0000, R14=0x000073705eafc6d0, R15=0x0000736fd0757dc8
RIP=0x00007370862cbf6b, EFLAGS=0x0000000000010202, CSGSFS=0x002b000000000033, ERR=0x0000000000000004
  TRAPNO=0x000000000000000e

XMM[0]=0x0000000000000000 0x0000000000000000
XMM[1]=0x0000000000000000 0x3e85585a9eeadb90
XMM[2]=0x0000000000000000 0x7fefffffffffffff
XMM[3]=0xffffffffffffffff 0xffffffffffffffff
XMM[4]=0x0000000000000000 0x00007fffffffffff
XMM[5]=0x0000000800000000 0x0000000000000000
XMM[6]=0x0000736fcc21f6b0 0x0000063000000000
XMM[7]=0x0000736fcc21f6b0 0x0000063000000000
XMM[8]=0x0000736fcc19be28 0x0000736fcc19bdb8
XMM[9]=0x0000736fb801f3c0 0x0000736fb801f360
XMM[10]=0x0000736fb801ed60 0x0000736fb801ee20
XMM[11]=0x0000736fb801edc0 0x0000736fb801ee80
XMM[12]=0x0000736fb801ed00 0x0000736fb801eca0
XMM[13]=0x550c7dc3243185be 0x12835b01d807aa98
XMM[14]=0xab1c5ed5923f82a4 0x59f111f13956c25b
XMM[15]=0x0000000000000000 0x0000000000000000
  MXCSR=0x00001fa2


Register to memory mapping:

RAX=0x000073f086effb80 is an unknown value
RBX=0x00000000000003b7 is an unknown value
RCX=0x000073f086effb90 is an unknown value
RDX=0x0000736fd06d2fb0 points into unknown readable memory: 0x0000000300000001 | 01 00 00 00 03 00 00 00
RSP=0x000073705eafc060 is pointing into the stack for thread: 0x000073708015a7a0
RBP=0x000073705eafc0e0 is pointing into the stack for thread: 0x000073708015a7a0
RSI=0x0002000000000000 is an unknown value
RDI=0x0002000000000000 is an unknown value
R8 =0x0000000000000009 is an unknown value
R9 =0x00000000000003b1 is an unknown value
R10=0x000073705eafc3c0 is pointing into the stack for thread: 0x000073708015a7a0
R11=0x0000000000000ec4 is an unknown value
R12=0x000073705eafc080 is pointing into the stack for thread: 0x000073708015a7a0
R13=0xffffffffffff0000 is an unknown value
R14=0x000073705eafc6d0 is pointing into the stack for thread: 0x000073708015a7a0
R15=0x0000736fd0757dc8 points into unknown readable memory: 0x3e85585a9eeadb99 | 99 db ea 9e 5a 58 85 3e

Top of Stack: (sp=0x000073705eafc060)
0x000073705eafc060:   000073705eafc0e0 00000075862cdfd0
0x000073705eafc070:   0000736fd06d2fb0 0000000000025260
0x000073705eafc080:   000000000000003e 00000003000003b1
0x000073705eafc090:   0000000400000004 0000736fcc2822a0
0x000073705eafc0a0:   000073705eafc210 000073705eafc200
0x000073705eafc0b0:   0000000000000000 00000000000003b7
0x000073705eafc0c0:   000000000000000d 0000736fb84705d0
0x000073705eafc0d0:   000000000000000c 0000736fb846a260
0x000073705eafc0e0:   000073705eafc2d0 00007370862ce624
0x000073705eafc0f0:   000073705eafc140 000073705eafc1a0
0x000073705eafc100:   000000135eafc130 000073705eafc6d0
0x000073705eafc110:   0000000000000000 0000000000000008
0x000073705eafc120:   0000000000000045 000073705eafc180
0x000073705eafc130:   000073705eafc6d0 000073705eafc200
0x000073705eafc140:   3ec00243f73024b3 000073705eafc6d0
0x000073705eafc150:   000073705eafc280 000000005eaff6c0
0x000073705eafc160:   0000001400000002 0000000d0000000c
0x000073705eafc170:   0000737000000000 000073708698400b
0x000073705eafc180:   0000001200000000 0000000e00000020
0x000073705eafc190:   0000736f00000000 0000736fd0067d70
0x000073705eafc1a0:   0000736fb82f0000 0000000000000000
0x000073705eafc1b0:   0000736fd006a0a0 0000736fb4282800
0x000073705eafc1c0:   0000737086effb80 0000737086b2029e
0x000073705eafc1d0:   0000000000000000 0000000000000000
0x000073705eafc1e0:   0000000000000000 0000737086b2029e
0x000073705eafc1f0:   0000736fb4282800 0000736fb42875d0
0x000073705eafc200:   000000040000000a 000073705eafc210
0x000073705eafc210:   0000736fcc2819a0 0000737086effb80
0x000073705eafc220:   0000737086effb80 0000736fcc2822a0
0x000073705eafc230:   0000737086effb80 0000737086effb80
0x000073705eafc240:   0000737086effb80 0000737086effb80
0x000073705eafc250:   0000737086effb80 0000737086effb80 

Instructions: (pc=0x00007370862cbf6b)
0x00007370862cbe6b:   44 8d 40 03 4c 09 ea 44 39 c6 0f 82 a9 00 00 00
0x00007370862cbe7b:   4e 8b 6c c7 38 4f 23 6c c7 38 44 8d 40 04 4c 09
0x00007370862cbe8b:   ea 44 39 c6 0f 82 8f 00 00 00 4e 8b 6c c7 38 4f
0x00007370862cbe9b:   23 6c c7 38 44 8d 40 05 4c 09 ea 44 39 c6 72 79
0x00007370862cbeab:   4e 8b 6c c7 38 4f 23 6c c7 38 44 8d 40 06 4c 09
0x00007370862cbebb:   ea 44 39 c6 72 63 4e 8b 6c c7 38 4f 23 6c c7 38
0x00007370862cbecb:   44 8d 40 07 4c 09 ea 44 39 c6 72 4d 4e 8b 6c c7
0x00007370862cbedb:   38 4f 23 6c c7 38 44 8d 40 08 4c 09 ea 44 39 c6
0x00007370862cbeeb:   72 37 4e 8b 6c c7 38 4f 23 6c c7 38 44 8d 40 09
0x00007370862cbefb:   4c 09 ea 44 39 c6 72 21 4e 8b 6c c7 38 83 c0 0a
0x00007370862cbf0b:   4f 23 6c c7 38 4c 09 ea 39 c6 72 0d 49 8b 74 c7
0x00007370862cbf1b:   38 48 23 74 c7 38 48 09 f2 48 85 d2 74 57 49 8b
0x00007370862cbf2b:   52 10 39 cb 0f 82 8b 00 00 00 48 8b 45 98 48 01
0x00007370862cbf3b:   c2 48 8b 72 08 89 c8 c1 e8 08 48 8b 04 c6 48 3b
0x00007370862cbf4b:   05 78 be be 00 0f 84 7f 00 00 00 be 01 00 00 00
0x00007370862cbf5b:   48 d3 e6 c1 e9 06 83 e1 03 48 89 f7 48 8d 0c c8
0x00007370862cbf6b:   48 8b 01 48 09 c7 48 89 39 48 85 c6 75 07 83 02
0x00007370862cbf7b:   01 0f 1f 40 00 48 8b 45 a0 48 85 c0 0f 85 33 fe
0x00007370862cbf8b:   ff ff 83 7d ac 03 76 08 8b 45 b4 39 45 b0 73 12
0x00007370862cbf9b:   4c 89 e7 e8 0d 9e 00 00 89 c1 85 c9 0f 85 33 fe
0x00007370862cbfab:   ff ff 48 83 c4 58 5b 41 5c 41 5d 41 5e 41 5f 5d
0x00007370862cbfbb:   c3 0f 1f 40 00 85 db 74 bc 4d 01 cb 89 d9 49 c1
0x00007370862cbfcb:   e3 05 4c 01 da e9 67 ff ff ff 89 ce 48 89 d7 89
0x00007370862cbfdb:   4d 8c 48 89 55 90 e8 3a 98 00 00 8b 4d 8c 48 8b
0x00007370862cbfeb:   55 90 e9 64 ff ff ff 66 66 2e 0f 1f 84 00 00 00
0x00007370862cbffb:   00 00 0f 1f 00 f3 0f 1e fa 55 48 89 e5 41 54 49
0x00007370862cc00b:   89 f4 be 0c 00 00 00 53 48 89 fb e8 f5 c6 47 00
0x00007370862cc01b:   4c 89 63 30 5b 41 5c 5d c3 66 66 2e 0f 1f 84 00
0x00007370862cc02b:   00 00 00 00 90 f3 0f 1e fa 55 48 89 e5 41 57 49
0x00007370862cc03b:   89 ff 41 56 41 55 41 54 53 89 f3 48 83 ec 08 89
0x00007370862cc04b:   77 28 48 8b 77 30 bf 20 00 00 00 e8 75 bb b5 ff
0x00007370862cc05b:   49 8b 77 30 48 89 c7 49 89 c4 e8 d6 70 71 00 49 


Stack slot to memory mapping:

stack at sp + 0 slots: 0x000073705eafc0e0 is pointing into the stack for thread: 0x000073708015a7a0
stack at sp + 1 slots: 0x00000075862cdfd0 is an unknown value
stack at sp + 2 slots: 0x0000736fd06d2fb0 points into unknown readable memory: 0x0000000300000001 | 01 00 00 00 03 00 00 00
stack at sp + 3 slots: 0x0000000000025260 is an unknown value
stack at sp + 4 slots: 0x000000000000003e is an unknown value
stack at sp + 5 slots: 0x00000003000003b1 is an unknown value
stack at sp + 6 slots: 0x0000000400000004 is an unknown value
stack at sp + 7 slots: 0x0000736fcc2822a0 points into unknown readable memory: 0x0000000000000000 | 00 00 00 00 00 00 00 00


---------------  P R O C E S S  ---------------

Threads class SMR info:
_java_thread_list=0x0000736fcc2d15c0, length=12, elements={
0x00007370800197b0, 0x0000737080153250, 0x00007370801548e0, 0x0000737080156080,
0x00007370801576c0, 0x0000737080158c60, 0x000073708015a7a0, 0x0000737080163e50,
0x000073708016fcf0, 0x0000737080173020, 0x0000736fd00d7ed0, 0x0000736fcc2d04b0
}

Java Threads: ( => current thread )
  0x00007370800197b0 JavaThread "main"                              [_thread_in_Java, id=4817, stack(0x0000737085900000,0x0000737085a00000) (1024K)]
  0x0000737080153250 JavaThread "Reference Handler"          daemon [_thread_blocked, id=4826, stack(0x000073705ef00000,0x000073705f000000) (1024K)]
  0x00007370801548e0 JavaThread "Finalizer"                  daemon [_thread_blocked, id=4827, stack(0x000073705ee00000,0x000073705ef00000) (1024K)]
  0x0000737080156080 JavaThread "Signal Dispatcher"          daemon [_thread_blocked, id=4828, stack(0x000073705ed00000,0x000073705ee00000) (1024K)]
  0x00007370801576c0 JavaThread "Service Thread"             daemon [_thread_blocked, id=4829, stack(0x000073705ec00000,0x000073705ed00000) (1024K)]
  0x0000737080158c60 JavaThread "Monitor Deflation Thread"   daemon [_thread_blocked, id=4830, stack(0x000073705eb00000,0x000073705ec00000) (1024K)]
=>0x000073708015a7a0 JavaThread "C2 CompilerThread0"         daemon [_thread_in_native, id=4831, stack(0x000073705ea00000,0x000073705eb00000) (1024K)]
  0x0000737080163e50 JavaThread "C1 CompilerThread0"         daemon [_thread_blocked, id=4832, stack(0x000073705e900000,0x000073705ea00000) (1024K)]
  0x000073708016fcf0 JavaThread "Notification Thread"        daemon [_thread_blocked, id=4833, stack(0x000073705e800000,0x000073705e900000) (1024K)]
  0x0000737080173020 JavaThread "Common-Cleaner"             daemon [_thread_blocked, id=4834, stack(0x000073705e700000,0x000073705e800000) (1024K)]
  0x0000736fd00d7ed0 JavaThread "C2 CompilerThread1"         daemon [_thread_in_native, id=4836, stack(0x000073705e600000,0x000073705e700000) (1024K)]
  0x0000736fcc2d04b0 JavaThread "C2 CompilerThread2"         daemon [_thread_in_native, id=4837, stack(0x000073705e500000,0x000073705e600000) (1024K)]
Total: 12

Other Threads:
  0x000073708014a130 VMThread "VM Thread"                           [id=4824, stack(0x000073705f8fa000,0x000073705f9fa000) (1024K)]
  0x0000737080138280 WatcherThread "VM Periodic Task Thread"        [id=4823, stack(0x000073705f9fb000,0x000073705fafb000) (1024K)]
  0x0000737080071060 WorkerThread "GC Thread#0"                     [id=4818, stack(0x0000737084100000,0x0000737084200000) (1024K)]
  0x0000736ff4008400 WorkerThread "GC Thread#1"                     [id=4838, stack(0x000073705e400000,0x000073705e500000) (1024K)]
  0x0000736ff4010e70 WorkerThread "GC Thread#2"                     [id=4839, stack(0x000073705e2ff000,0x000073705e3ff000) (1024K)]
  0x00007370800819d0 ConcurrentGCThread "G1 Main Marker"            [id=4819, stack(0x000073707ff00000,0x0000737080000000) (1024K)]
  0x0000737080082980 WorkerThread "G1 Conc#0"                       [id=4820, stack(0x0000737068700000,0x0000737068800000) (1024K)]
  0x000073708011c940 ConcurrentGCThread "G1 Refine#0"               [id=4821, stack(0x000073705fbfd000,0x000073705fcfd000) (1024K)]
  0x000073708011d900 ConcurrentGCThread "G1 Service"                [id=4822, stack(0x000073705fafc000,0x000073705fbfc000) (1024K)]
Total: 9

Threads with active compile tasks:
C2 CompilerThread0  351 1085   !   4       sun.nio.cs.StreamDecoder::read (78 bytes)
C2 CompilerThread1  351 1084       4       sun.nio.cs.StreamDecoder::lockedRead (189 bytes)
C2 CompilerThread2  351 1044   !   4       sun.nio.cs.StreamDecoder::read0 (59 bytes)
Total: 3

VM state: not at safepoint (normal execution)

VM Mutex/Monitor currently owned by a thread: None

Heap address: 0x0000000086600000, size: 1946 MB, Compressed Oops mode: 32-bit

CDS archive(s) mapped at: [0x0000737007000000-0x0000737007c97000-0x0000737007c97000), size 13201408, SharedBaseAddress: 0x0000737007000000, ArchiveRelocationMode: 1.
Compressed class space mapped at: 0x0000737008000000-0x0000737048000000, reserved size: 1073741824
Narrow klass base: 0x0000737007000000, Narrow klass shift: 0, Narrow klass range: 0x100000000

GC Precious Log:
 CardTable entry size: 512
 Card Set container configuration: InlinePtr #cards 5 size 8 Array Of Cards #cards 12 size 40 Howl #buckets 4 coarsen threshold 1843 Howl Bitmap #cards 512 size 80 coarsen threshold 460 Card regions per heap region 1 cards per card region 2048
 CPUs: 12 total, 12 available
 Memory: 7776M
 Large Page Support: Disabled
 NUMA Support: Disabled
 Compressed Oops: Enabled (32-bit)
 Heap Region Size: 1M
 Heap Min Capacity: 8M
 Heap Initial Capacity: 122M
 Heap Max Capacity: 1946M
 Pre-touch: Disabled
 Parallel Workers: 10
 Concurrent Workers: 3
 Concurrent Refinement Workers: 10
 Periodic GC: Disabled

Heap:
 garbage-first heap   total 126976K, used 8241K [0x0000000086600000, 0x0000000100000000)
  region size 1024K, 8 young (8192K), 3 survivors (3072K)
 Metaspace       used 6175K, committed 6400K, reserved 1114112K
  class space    used 709K, committed 832K, reserved 1048576K

Heap Regions: E=young(eden), S=young(survivor), O=old, HS=humongous(starts), HC=humongous(continues), CS=collection set, F=free, TAMS=top-at-mark-start, PB=parsable bottom
|   0|0x0000000086600000, 0x0000000086600000, 0x0000000086700000|  0%| F|  |TAMS 0x0000000086600000| PB 0x0000000086600000| Untracked 
|   1|0x0000000086700000, 0x0000000086700000, 0x0000000086800000|  0%| F|  |TAMS 0x0000000086700000| PB 0x0000000086700000| Untracked 
|   2|0x0000000086800000, 0x0000000086800000, 0x0000000086900000|  0%| F|  |TAMS 0x0000000086800000| PB 0x0000000086800000| Untracked 
|   3|0x0000000086900000, 0x0000000086900000, 0x0000000086a00000|  0%| F|  |TAMS 0x0000000086900000| PB 0x0000000086900000| Untracked 
|   4|0x0000000086a00000, 0x0000000086a00000, 0x0000000086b00000|  0%| F|  |TAMS 0x0000000086a00000| PB 0x0000000086a00000| Untracked 
|   5|0x0000000086b00000, 0x0000000086b00000, 0x0000000086c00000|  0%| F|  |TAMS 0x0000000086b00000| PB 0x0000000086b00000| Untracked 
|   6|0x0000000086c00000, 0x0000000086c00000, 0x0000000086d00000|  0%| F|  |TAMS 0x0000000086c00000| PB 0x0000000086c00000| Untracked 
|   7|0x0000000086d00000, 0x0000000086d00000, 0x0000000086e00000|  0%| F|  |TAMS 0x0000000086d00000| PB 0x0000000086d00000| Untracked 
|   8|0x0000000086e00000, 0x0000000086e00000, 0x0000000086f00000|  0%| F|  |TAMS 0x0000000086e00000| PB 0x0000000086e00000| Untracked 
|   9|0x0000000086f00000, 0x0000000086f00000, 0x0000000087000000|  0%| F|  |TAMS 0x0000000086f00000| PB 0x0000000086f00000| Untracked 
|  10|0x0000000087000000, 0x0000000087000000, 0x0000000087100000|  0%| F|  |TAMS 0x0000000087000000| PB 0x0000000087000000| Untracked 
|  11|0x0000000087100000, 0x0000000087100000, 0x0000000087200000|  0%| F|  |TAMS 0x0000000087100000| PB 0x0000000087100000| Untracked 
|  12|0x0000000087200000, 0x0000000087200000, 0x0000000087300000|  0%| F|  |TAMS 0x0000000087200000| PB 0x0000000087200000| Untracked 
|  13|0x0000000087300000, 0x0000000087300000, 0x0000000087400000|  0%| F|  |TAMS 0x0000000087300000| PB 0x0000000087300000| Untracked 
|  14|0x0000000087400000, 0x0000000087400000, 0x0000000087500000|  0%| F|  |TAMS 0x0000000087400000| PB 0x0000000087400000| Untracked 
|  15|0x0000000087500000, 0x0000000087500000, 0x0000000087600000|  0%| F|  |TAMS 0x0000000087500000| PB 0x0000000087500000| Untracked 
|  16|0x0000000087600000, 0x0000000087600000, 0x0000000087700000|  0%| F|  |TAMS 0x0000000087600000| PB 0x0000000087600000| Untracked 
|  17|0x0000000087700000, 0x0000000087700000, 0x0000000087800000|  0%| F|  |TAMS 0x0000000087700000| PB 0x0000000087700000| Untracked 
|  18|0x0000000087800000, 0x0000000087800000, 0x0000000087900000|  0%| F|  |TAMS 0x0000000087800000| PB 0x0000000087800000| Untracked 
|  19|0x0000000087900000, 0x0000000087900000, 0x0000000087a00000|  0%| F|  |TAMS 0x0000000087900000| PB 0x0000000087900000| Untracked 
|  20|0x0000000087a00000, 0x0000000087a00000, 0x0000000087b00000|  0%| F|  |TAMS 0x0000000087a00000| PB 0x0000000087a00000| Untracked 
|  21|0x0000000087b00000, 0x0000000087b00000, 0x0000000087c00000|  0%| F|  |TAMS 0x0000000087b00000| PB 0x0000000087b00000| Untracked 
|  22|0x0000000087c00000, 0x0000000087c00000, 0x0000000087d00000|  0%| F|  |TAMS 0x0000000087c00000| PB 0x0000000087c00000| Untracked 
|  23|0x0000000087d00000, 0x0000000087d00000, 0x0000000087e00000|  0%| F|  |TAMS 0x0000000087d00000| PB 0x0000000087d00000| Untracked 
|  24|0x0000000087e00000, 0x0000000087e00000, 0x0000000087f00000|  0%| F|  |TAMS 0x0000000087e00000| PB 0x0000000087e00000| Untracked 
|  25|0x0000000087f00000, 0x0000000087f00000, 0x0000000088000000|  0%| F|  |TAMS 0x0000000087f00000| PB 0x0000000087f00000| Untracked 
|  26|0x0000000088000000, 0x0000000088000000, 0x0000000088100000|  0%| F|  |TAMS 0x0000000088000000| PB 0x0000000088000000| Untracked 
|  27|0x0000000088100000, 0x0000000088100000, 0x0000000088200000|  0%| F|  |TAMS 0x0000000088100000| PB 0x0000000088100000| Untracked 
|  28|0x0000000088200000, 0x0000000088200000, 0x0000000088300000|  0%| F|  |TAMS 0x0000000088200000| PB 0x0000000088200000| Untracked 
|  29|0x0000000088300000, 0x0000000088300000, 0x0000000088400000|  0%| F|  |TAMS 0x0000000088300000| PB 0x0000000088300000| Untracked 
|  30|0x0000000088400000, 0x0000000088400000, 0x0000000088500000|  0%| F|  |TAMS 0x0000000088400000| PB 0x0000000088400000| Untracked 
|  31|0x0000000088500000, 0x0000000088500000, 0x0000000088600000|  0%| F|  |TAMS 0x0000000088500000| PB 0x0000000088500000| Untracked 
|  32|0x0000000088600000, 0x0000000088600000, 0x0000000088700000|  0%| F|  |TAMS 0x0000000088600000| PB 0x0000000088600000| Untracked 
|  33|0x0000000088700000, 0x0000000088700000, 0x0000000088800000|  0%| F|  |TAMS 0x0000000088700000| PB 0x0000000088700000| Untracked 
|  34|0x0000000088800000, 0x0000000088800000, 0x0000000088900000|  0%| F|  |TAMS 0x0000000088800000| PB 0x0000000088800000| Untracked 
|  35|0x0000000088900000, 0x0000000088900000, 0x0000000088a00000|  0%| F|  |TAMS 0x0000000088900000| PB 0x0000000088900000| Untracked 
|  36|0x0000000088a00000, 0x0000000088a00000, 0x0000000088b00000|  0%| F|  |TAMS 0x0000000088a00000| PB 0x0000000088a00000| Untracked 
|  37|0x0000000088b00000, 0x0000000088b00000, 0x0000000088c00000|  0%| F|  |TAMS 0x0000000088b00000| PB 0x0000000088b00000| Untracked 
|  38|0x0000000088c00000, 0x0000000088c00000, 0x0000000088d00000|  0%| F|  |TAMS 0x0000000088c00000| PB 0x0000000088c00000| Untracked 
|  39|0x0000000088d00000, 0x0000000088d00000, 0x0000000088e00000|  0%| F|  |TAMS 0x0000000088d00000| PB 0x0000000088d00000| Untracked 
|  40|0x0000000088e00000, 0x0000000088e00000, 0x0000000088f00000|  0%| F|  |TAMS 0x0000000088e00000| PB 0x0000000088e00000| Untracked 
|  41|0x0000000088f00000, 0x0000000088f00000, 0x0000000089000000|  0%| F|  |TAMS 0x0000000088f00000| PB 0x0000000088f00000| Untracked 
|  42|0x0000000089000000, 0x0000000089000000, 0x0000000089100000|  0%| F|  |TAMS 0x0000000089000000| PB 0x0000000089000000| Untracked 
|  43|0x0000000089100000, 0x0000000089100000, 0x0000000089200000|  0%| F|  |TAMS 0x0000000089100000| PB 0x0000000089100000| Untracked 
|  44|0x0000000089200000, 0x0000000089200000, 0x0000000089300000|  0%| F|  |TAMS 0x0000000089200000| PB 0x0000000089200000| Untracked 
|  45|0x0000000089300000, 0x0000000089300000, 0x0000000089400000|  0%| F|  |TAMS 0x0000000089300000| PB 0x0000000089300000| Untracked 
|  46|0x0000000089400000, 0x0000000089400000, 0x0000000089500000|  0%| F|  |TAMS 0x0000000089400000| PB 0x0000000089400000| Untracked 
|  47|0x0000000089500000, 0x0000000089500000, 0x0000000089600000|  0%| F|  |TAMS 0x0000000089500000| PB 0x0000000089500000| Untracked 
|  48|0x0000000089600000, 0x0000000089600000, 0x0000000089700000|  0%| F|  |TAMS 0x0000000089600000| PB 0x0000000089600000| Untracked 
|  49|0x0000000089700000, 0x0000000089700000, 0x0000000089800000|  0%| F|  |TAMS 0x0000000089700000| PB 0x0000000089700000| Untracked 
|  50|0x0000000089800000, 0x0000000089800000, 0x0000000089900000|  0%| F|  |TAMS 0x0000000089800000| PB 0x0000000089800000| Untracked 
|  51|0x0000000089900000, 0x0000000089900000, 0x0000000089a00000|  0%| F|  |TAMS 0x0000000089900000| PB 0x0000000089900000| Untracked 
|  52|0x0000000089a00000, 0x0000000089a00000, 0x0000000089b00000|  0%| F|  |TAMS 0x0000000089a00000| PB 0x0000000089a00000| Untracked 
|  53|0x0000000089b00000, 0x0000000089b00000, 0x0000000089c00000|  0%| F|  |TAMS 0x0000000089b00000| PB 0x0000000089b00000| Untracked 
|  54|0x0000000089c00000, 0x0000000089c00000, 0x0000000089d00000|  0%| F|  |TAMS 0x0000000089c00000| PB 0x0000000089c00000| Untracked 
|  55|0x0000000089d00000, 0x0000000089d00000, 0x0000000089e00000|  0%| F|  |TAMS 0x0000000089d00000| PB 0x0000000089d00000| Untracked 
|  56|0x0000000089e00000, 0x0000000089e00000, 0x0000000089f00000|  0%| F|  |TAMS 0x0000000089e00000| PB 0x0000000089e00000| Untracked 
|  57|0x0000000089f00000, 0x0000000089f00000, 0x000000008a000000|  0%| F|  |TAMS 0x0000000089f00000| PB 0x0000000089f00000| Untracked 
|  58|0x000000008a000000, 0x000000008a000000, 0x000000008a100000|  0%| F|  |TAMS 0x000000008a000000| PB 0x000000008a000000| Untracked 
|  59|0x000000008a100000, 0x000000008a100000, 0x000000008a200000|  0%| F|  |TAMS 0x000000008a100000| PB 0x000000008a100000| Untracked 
|  60|0x000000008a200000, 0x000000008a200000, 0x000000008a300000|  0%| F|  |TAMS 0x000000008a200000| PB 0x000000008a200000| Untracked 
|  61|0x000000008a300000, 0x000000008a300000, 0x000000008a400000|  0%| F|  |TAMS 0x000000008a300000| PB 0x000000008a300000| Untracked 
|  62|0x000000008a400000, 0x000000008a400000, 0x000000008a500000|  0%| F|  |TAMS 0x000000008a400000| PB 0x000000008a400000| Untracked 
|  63|0x000000008a500000, 0x000000008a500000, 0x000000008a600000|  0%| F|  |TAMS 0x000000008a500000| PB 0x000000008a500000| Untracked 
|  64|0x000000008a600000, 0x000000008a600000, 0x000000008a700000|  0%| F|  |TAMS 0x000000008a600000| PB 0x000000008a600000| Untracked 
|  65|0x000000008a700000, 0x000000008a700000, 0x000000008a800000|  0%| F|  |TAMS 0x000000008a700000| PB 0x000000008a700000| Untracked 
|  66|0x000000008a800000, 0x000000008a800000, 0x000000008a900000|  0%| F|  |TAMS 0x000000008a800000| PB 0x000000008a800000| Untracked 
|  67|0x000000008a900000, 0x000000008a900000, 0x000000008aa00000|  0%| F|  |TAMS 0x000000008a900000| PB 0x000000008a900000| Untracked 
|  68|0x000000008aa00000, 0x000000008aa00000, 0x000000008ab00000|  0%| F|  |TAMS 0x000000008aa00000| PB 0x000000008aa00000| Untracked 
|  69|0x000000008ab00000, 0x000000008ab00000, 0x000000008ac00000|  0%| F|  |TAMS 0x000000008ab00000| PB 0x000000008ab00000| Untracked 
|  70|0x000000008ac00000, 0x000000008ac00000, 0x000000008ad00000|  0%| F|  |TAMS 0x000000008ac00000| PB 0x000000008ac00000| Untracked 
|  71|0x000000008ad00000, 0x000000008ad00000, 0x000000008ae00000|  0%| F|  |TAMS 0x000000008ad00000| PB 0x000000008ad00000| Untracked 
|  72|0x000000008ae00000, 0x000000008ae00000, 0x000000008af00000|  0%| F|  |TAMS 0x000000008ae00000| PB 0x000000008ae00000| Untracked 
|  73|0x000000008af00000, 0x000000008af00000, 0x000000008b000000|  0%| F|  |TAMS 0x000000008af00000| PB 0x000000008af00000| Untracked 
|  74|0x000000008b000000, 0x000000008b000000, 0x000000008b100000|  0%| F|  |TAMS 0x000000008b000000| PB 0x000000008b000000| Untracked 
|  75|0x000000008b100000, 0x000000008b100000, 0x000000008b200000|  0%| F|  |TAMS 0x000000008b100000| PB 0x000000008b100000| Untracked 
|  76|0x000000008b200000, 0x000000008b200000, 0x000000008b300000|  0%| F|  |TAMS 0x000000008b200000| PB 0x000000008b200000| Untracked 
|  77|0x000000008b300000, 0x000000008b300000, 0x000000008b400000|  0%| F|  |TAMS 0x000000008b300000| PB 0x000000008b300000| Untracked 
|  78|0x000000008b400000, 0x000000008b400000, 0x000000008b500000|  0%| F|  |TAMS 0x000000008b400000| PB 0x000000008b400000| Untracked 
|  79|0x000000008b500000, 0x000000008b500000, 0x000000008b600000|  0%| F|  |TAMS 0x000000008b500000| PB 0x000000008b500000| Untracked 
|  80|0x000000008b600000, 0x000000008b600000, 0x000000008b700000|  0%| F|  |TAMS 0x000000008b600000| PB 0x000000008b600000| Untracked 
|  81|0x000000008b700000, 0x000000008b700000, 0x000000008b800000|  0%| F|  |TAMS 0x000000008b700000| PB 0x000000008b700000| Untracked 
|  82|0x000000008b800000, 0x000000008b800000, 0x000000008b900000|  0%| F|  |TAMS 0x000000008b800000| PB 0x000000008b800000| Untracked 
|  83|0x000000008b900000, 0x000000008b900000, 0x000000008ba00000|  0%| F|  |TAMS 0x000000008b900000| PB 0x000000008b900000| Untracked 
|  84|0x000000008ba00000, 0x000000008ba00000, 0x000000008bb00000|  0%| F|  |TAMS 0x000000008ba00000| PB 0x000000008ba00000| Untracked 
|  85|0x000000008bb00000, 0x000000008bb00000, 0x000000008bc00000|  0%| F|  |TAMS 0x000000008bb00000| PB 0x000000008bb00000| Untracked 
|  86|0x000000008bc00000, 0x000000008bc00000, 0x000000008bd00000|  0%| F|  |TAMS 0x000000008bc00000| PB 0x000000008bc00000| Untracked 
|  87|0x000000008bd00000, 0x000000008bd00000, 0x000000008be00000|  0%| F|  |TAMS 0x000000008bd00000| PB 0x000000008bd00000| Untracked 
|  88|0x000000008be00000, 0x000000008be00000, 0x000000008bf00000|  0%| F|  |TAMS 0x000000008be00000| PB 0x000000008be00000| Untracked 
|  89|0x000000008bf00000, 0x000000008bf00000, 0x000000008c000000|  0%| F|  |TAMS 0x000000008bf00000| PB 0x000000008bf00000| Untracked 
|  90|0x000000008c000000, 0x000000008c000000, 0x000000008c100000|  0%| F|  |TAMS 0x000000008c000000| PB 0x000000008c000000| Untracked 
|  91|0x000000008c100000, 0x000000008c100000, 0x000000008c200000|  0%| F|  |TAMS 0x000000008c100000| PB 0x000000008c100000| Untracked 
|  92|0x000000008c200000, 0x000000008c200000, 0x000000008c300000|  0%| F|  |TAMS 0x000000008c200000| PB 0x000000008c200000| Untracked 
|  93|0x000000008c300000, 0x000000008c300000, 0x000000008c400000|  0%| F|  |TAMS 0x000000008c300000| PB 0x000000008c300000| Untracked 
|  94|0x000000008c400000, 0x000000008c400000, 0x000000008c500000|  0%| F|  |TAMS 0x000000008c400000| PB 0x000000008c400000| Untracked 
|  95|0x000000008c500000, 0x000000008c500000, 0x000000008c600000|  0%| F|  |TAMS 0x000000008c500000| PB 0x000000008c500000| Untracked 
|  96|0x000000008c600000, 0x000000008c700000, 0x000000008c700000|100%| S|CS|TAMS 0x000000008c600000| PB 0x000000008c600000| Complete 
|  97|0x000000008c700000, 0x000000008c800000, 0x000000008c800000|100%| S|CS|TAMS 0x000000008c700000| PB 0x000000008c700000| Complete 
|  98|0x000000008c800000, 0x000000008c900000, 0x000000008c900000|100%| S|CS|TAMS 0x000000008c800000| PB 0x000000008c800000| Complete 
|  99|0x000000008c900000, 0x000000008c900000, 0x000000008ca00000|  0%| F|  |TAMS 0x000000008c900000| PB 0x000000008c900000| Untracked 
| 100|0x000000008ca00000, 0x000000008ca00000, 0x000000008cb00000|  0%| F|  |TAMS 0x000000008ca00000| PB 0x000000008ca00000| Untracked 
| 101|0x000000008cb00000, 0x000000008cb00000, 0x000000008cc00000|  0%| F|  |TAMS 0x000000008cb00000| PB 0x000000008cb00000| Untracked 
| 102|0x000000008cc00000, 0x000000008cc00000, 0x000000008cd00000|  0%| F|  |TAMS 0x000000008cc00000| PB 0x000000008cc00000| Untracked 
| 103|0x000000008cd00000, 0x000000008cd00000, 0x000000008ce00000|  0%| F|  |TAMS 0x000000008cd00000| PB 0x000000008cd00000| Untracked 
| 104|0x000000008ce00000, 0x000000008ce00000, 0x000000008cf00000|  0%| F|  |TAMS 0x000000008ce00000| PB 0x000000008ce00000| Untracked 
| 105|0x000000008cf00000, 0x000000008cf00000, 0x000000008d000000|  0%| F|  |TAMS 0x000000008cf00000| PB 0x000000008cf00000| Untracked 
| 106|0x000000008d000000, 0x000000008d000000, 0x000000008d100000|  0%| F|  |TAMS 0x000000008d000000| PB 0x000000008d000000| Untracked 
| 107|0x000000008d100000, 0x000000008d100000, 0x000000008d200000|  0%| F|  |TAMS 0x000000008d100000| PB 0x000000008d100000| Untracked 
| 108|0x000000008d200000, 0x000000008d200000, 0x000000008d300000|  0%| F|  |TAMS 0x000000008d200000| PB 0x000000008d200000| Untracked 
| 109|0x000000008d300000, 0x000000008d300000, 0x000000008d400000|  0%| F|  |TAMS 0x000000008d300000| PB 0x000000008d300000| Untracked 
| 110|0x000000008d400000, 0x000000008d400000, 0x000000008d500000|  0%| F|  |TAMS 0x000000008d400000| PB 0x000000008d400000| Untracked 
| 111|0x000000008d500000, 0x000000008d500000, 0x000000008d600000|  0%| F|  |TAMS 0x000000008d500000| PB 0x000000008d500000| Untracked 
| 112|0x000000008d600000, 0x000000008d600000, 0x000000008d700000|  0%| F|  |TAMS 0x000000008d600000| PB 0x000000008d600000| Untracked 
| 113|0x000000008d700000, 0x000000008d700000, 0x000000008d800000|  0%| F|  |TAMS 0x000000008d700000| PB 0x000000008d700000| Untracked 
| 114|0x000000008d800000, 0x000000008d800000, 0x000000008d900000|  0%| F|  |TAMS 0x000000008d800000| PB 0x000000008d800000| Untracked 
| 115|0x000000008d900000, 0x000000008d900000, 0x000000008da00000|  0%| F|  |TAMS 0x000000008d900000| PB 0x000000008d900000| Untracked 
| 116|0x000000008da00000, 0x000000008da63ef0, 0x000000008db00000| 39%| E|  |TAMS 0x000000008da00000| PB 0x000000008da00000| Complete 
| 117|0x000000008db00000, 0x000000008dc00000, 0x000000008dc00000|100%| E|CS|TAMS 0x000000008db00000| PB 0x000000008db00000| Complete 
| 118|0x000000008dc00000, 0x000000008dd00000, 0x000000008dd00000|100%| E|CS|TAMS 0x000000008dc00000| PB 0x000000008dc00000| Complete 
| 119|0x000000008dd00000, 0x000000008de00000, 0x000000008de00000|100%| E|CS|TAMS 0x000000008dd00000| PB 0x000000008dd00000| Complete 
| 120|0x000000008de00000, 0x000000008df00000, 0x000000008df00000|100%| E|CS|TAMS 0x000000008de00000| PB 0x000000008de00000| Complete 
| 121|0x000000008df00000, 0x000000008e000000, 0x000000008e000000|100%| E|CS|TAMS 0x000000008df00000| PB 0x000000008df00000| Complete 
|1944|0x00000000ffe00000, 0x00000000fff00000, 0x00000000fff00000|100%| O|  |TAMS 0x00000000ffe00000| PB 0x00000000ffe00000| Untracked 
|1945|0x00000000fff00000, 0x00000000fff0c710, 0x0000000100000000|  4%| O|  |TAMS 0x00000000fff00000| PB 0x00000000fff00000| Untracked 

Card table byte_map: [0x0000737084200000,0x00007370845cd000] _byte_map_base: 0x0000737083dcd000

Marking Bits: (CMBitMap*) 0x0000737080071b90
 Bits: [0x0000737066800000, 0x0000737068668000)

Polling page: 0x000073708736d000

Metaspace:

Usage:
  Non-class:      5.34 MB used.
      Class:    709.10 KB used.
       Both:      6.03 MB used.

Virtual space:
  Non-class space:       64.00 MB reserved,       5.44 MB (  8%) committed,  1 nodes.
      Class space:        1.00 GB reserved,     832.00 KB ( <1%) committed,  1 nodes.
             Both:        1.06 GB reserved,       6.25 MB ( <1%) committed. 

Chunk freelists:
   Non-Class:  8.89 MB
       Class:  15.23 MB
        Both:  24.12 MB

MaxMetaspaceSize: unlimited
CompressedClassSpaceSize: 1.00 GB
Initial GC threshold: 21.00 MB
Current GC threshold: 21.00 MB
CDS: on
 - commit_granule_bytes: 65536.
 - commit_granule_words: 8192.
 - virtual_space_node_default_size: 8388608.
 - enlarge_chunks_in_place: 1.
 - use_allocation_guard: 0.


Internal statistics:

num_allocs_failed_limit: 0.
num_arena_births: 60.
num_arena_deaths: 0.
num_vsnodes_births: 2.
num_vsnodes_deaths: 0.
num_space_committed: 100.
num_space_uncommitted: 0.
num_chunks_returned_to_freelist: 0.
num_chunks_taken_from_freelist: 234.
num_chunk_merges: 0.
num_chunk_splits: 152.
num_chunks_enlarged: 124.
num_inconsistent_stats: 0.

CodeHeap 'non-profiled nmethods': size=120028Kb used=446Kb max_used=446Kb free=119581Kb
 bounds [0x00007370702c9000, 0x0000737070539000, 0x0000737077800000]
CodeHeap 'profiled nmethods': size=120028Kb used=2338Kb max_used=2338Kb free=117689Kb
 bounds [0x0000737068800000, 0x0000737068a70000, 0x000073706fd37000]
CodeHeap 'non-nmethods': size=5704Kb used=1343Kb max_used=1399Kb free=4360Kb
 bounds [0x000073706fd37000, 0x000073706ffa7000, 0x00007370702c9000]
 total_blobs=1681 nmethods=1217 adapters=370
 compilation: enabled
              stopped_count=0, restarted_count=0
 full_count=0

Compilation events (20 events):
Event: 0.343 Thread 0x0000737080163e50 1216       3       jdk.internal.jimage.ImageStringsReader::stringFromByteBufferMatches (138 bytes)
Event: 0.343 Thread 0x0000737080163e50 nmethod 1216 0x0000737068a3fe10 code [0x0000737068a400e0, 0x0000737068a411c0]
Event: 0.343 Thread 0x0000737080163e50 1212       3       jdk.internal.jimage.BasicImageReader::verifyLocation (39 bytes)
Event: 0.343 Thread 0x0000737080163e50 nmethod 1212 0x0000737068a41910 code [0x0000737068a41ae0, 0x0000737068a41db0]
Event: 0.343 Thread 0x0000737080163e50 1220       3       java.io.InputStreamReader::read (11 bytes)
Event: 0.344 Thread 0x0000737080163e50 nmethod 1220 0x0000737068a41f10 code [0x0000737068a420c0, 0x0000737068a42200]
Event: 0.344 Thread 0x0000737080163e50 1217       3       java.lang.CharacterDataLatin1::getType (11 bytes)
Event: 0.344 Thread 0x0000737080163e50 nmethod 1217 0x0000737068a42310 code [0x0000737068a424c0, 0x0000737068a42658]
Event: 0.344 Thread 0x0000737080163e50 1214       3       jdk.internal.jimage.ImageStringsReader::match (11 bytes)
Event: 0.344 Thread 0x0000737080163e50 nmethod 1214 0x0000737068a42790 code [0x0000737068a42940, 0x0000737068a42b08]
Event: 0.344 Thread 0x0000737080163e50 1215       3       jdk.internal.jimage.BasicImageReader::match (37 bytes)
Event: 0.344 Thread 0x0000737080163e50 nmethod 1215 0x0000737068a42c10 code [0x0000737068a42de0, 0x0000737068a43078]
Event: 0.344 Thread 0x0000737080163e50 1221       3       java.lang.System$2::getBytesNoRepl (6 bytes)
Event: 0.344 Thread 0x0000737080163e50 nmethod 1221 0x0000737068a43190 code [0x0000737068a43380, 0x0000737068a43b68]
Event: 0.344 Thread 0x0000737080163e50 1222   !   3       java.lang.String::getBytesNoRepl (29 bytes)
Event: 0.344 Thread 0x0000737080163e50 nmethod 1222 0x0000737068a43d90 code [0x0000737068a43f80, 0x0000737068a446e0]
Event: 0.344 Thread 0x0000737080163e50 1223       3       java.util.AbstractSet::<init> (5 bytes)
Event: 0.344 Thread 0x0000737080163e50 nmethod 1223 0x0000737068a44890 code [0x0000737068a44a40, 0x0000737068a44c00]
Event: 0.344 Thread 0x0000737080163e50 1224       3       java.io.BufferedReader::implReadLine (301 bytes)
Event: 0.345 Thread 0x0000737080163e50 nmethod 1224 0x0000737068a44d10 code [0x0000737068a45000, 0x0000737068a45fc0]

GC Heap History (2 events):
Event: 0.311 GC heap before
{Heap before GC invocations=0 (full 0):
 garbage-first heap   total 126976K, used 23601K [0x0000000086600000, 0x0000000100000000)
  region size 1024K, 23 young (23552K), 0 survivors (0K)
 Metaspace       used 5785K, committed 5952K, reserved 1114112K
  class space    used 665K, committed 768K, reserved 1048576K
}
Event: 0.314 GC heap after
{Heap after GC invocations=1 (full 0):
 garbage-first heap   total 126976K, used 4145K [0x0000000086600000, 0x0000000100000000)
  region size 1024K, 3 young (3072K), 3 survivors (3072K)
 Metaspace       used 5785K, committed 5952K, reserved 1114112K
  class space    used 665K, committed 768K, reserved 1048576K
}

Dll operation events (8 events):
Event: 0.001 Loaded shared library /usr/lib/jvm/java-21-openjdk-amd64/lib/libjava.so
Event: 0.017 Loaded shared library /usr/lib/jvm/java-21-openjdk-amd64/lib/libjsvml.so
Event: 0.021 Loaded shared library /usr/lib/jvm/java-21-openjdk-amd64/lib/libnio.so
Event: 0.023 Loaded shared library /usr/lib/jvm/java-21-openjdk-amd64/lib/libzip.so
Event: 0.028 Loaded shared library /usr/lib/jvm/java-21-openjdk-amd64/lib/libnet.so
Event: 0.078 Loaded shared library /usr/lib/jvm/java-21-openjdk-amd64/lib/libjimage.so
Event: 0.082 Loaded shared library /tmp/jansi-2.4.1-b5612d242b8c468a-libjansi.so
Event: 0.090 Loaded shared library /usr/lib/jvm/java-21-openjdk-amd64/lib/libverify.so

Deoptimization events (20 events):
Event: 0.314 Thread 0x0000737080153250 Uncommon trap: trap_request=0xffffff45 fr.pc=0x0000737070318548 relative=0x0000000000000048
Event: 0.314 Thread 0x0000737080153250 Uncommon trap: reason=unstable_if action=reinterpret pc=0x0000737070318548 method=java.util.concurrent.locks.AbstractQueuedSynchronizer.signalNext(Ljava/util/concurrent/locks/AbstractQueuedSynchronizer$Node;)V @ 1 c2
Event: 0.314 Thread 0x0000737080153250 DEOPT PACKING pc=0x0000737070318548 sp=0x000073705effe7f0
Event: 0.314 Thread 0x0000737080153250 DEOPT UNPACKING pc=0x000073706fd8af99 sp=0x000073705effe7a0 mode 2
Event: 0.315 Thread 0x0000737080153250 Uncommon trap: trap_request=0xffffff45 fr.pc=0x0000737070317d38 relative=0x0000000000000198
Event: 0.315 Thread 0x0000737080153250 Uncommon trap: reason=unstable_if action=reinterpret pc=0x0000737070317d38 method=java.util.concurrent.locks.ReentrantLock$NonfairSync.initialTryLock()Z @ 25 c2
Event: 0.315 Thread 0x0000737080153250 DEOPT PACKING pc=0x0000737070317d38 sp=0x000073705effe7f0
Event: 0.315 Thread 0x0000737080153250 DEOPT UNPACKING pc=0x000073706fd8af99 sp=0x000073705effe790 mode 2
Event: 0.323 Thread 0x00007370800197b0 Uncommon trap: trap_request=0xffffff45 fr.pc=0x00007370703238c4 relative=0x0000000000000264
Event: 0.323 Thread 0x00007370800197b0 Uncommon trap: reason=unstable_if action=reinterpret pc=0x00007370703238c4 method=java.io.Reader.read()I @ 12 c2
Event: 0.323 Thread 0x00007370800197b0 DEOPT PACKING pc=0x00007370703238c4 sp=0x00007370859fd380
Event: 0.323 Thread 0x00007370800197b0 DEOPT UNPACKING pc=0x000073706fd8af99 sp=0x00007370859fd2a8 mode 2
Event: 0.325 Thread 0x00007370800197b0 Uncommon trap: trap_request=0xffffff45 fr.pc=0x0000737070328584 relative=0x0000000000000ba4
Event: 0.325 Thread 0x00007370800197b0 Uncommon trap: reason=unstable_if action=reinterpret pc=0x0000737070328584 method=org.codehaus.plexus.util.xml.pull.MXParser.nextImpl()I @ 241 c2
Event: 0.325 Thread 0x00007370800197b0 DEOPT PACKING pc=0x0000737070328584 sp=0x00007370859fd8f0
Event: 0.325 Thread 0x00007370800197b0 DEOPT UNPACKING pc=0x000073706fd8af99 sp=0x00007370859fd870 mode 2
Event: 0.343 Thread 0x00007370800197b0 Uncommon trap: trap_request=0xffffff45 fr.pc=0x000073707032f9f8 relative=0x0000000000001f58
Event: 0.343 Thread 0x00007370800197b0 Uncommon trap: reason=unstable_if action=reinterpret pc=0x000073707032f9f8 method=java.nio.charset.CharsetDecoder.decode(Ljava/nio/ByteBuffer;Ljava/nio/CharBuffer;Z)Ljava/nio/charset/CoderResult; @ 15 c2
Event: 0.343 Thread 0x00007370800197b0 DEOPT PACKING pc=0x000073707032f9f8 sp=0x00007370859fd5c0
Event: 0.343 Thread 0x00007370800197b0 DEOPT UNPACKING pc=0x000073706fd8af99 sp=0x00007370859fd3b0 mode 2

Classes loaded (20 events):
Event: 0.263 Loading class sun/misc/Unsafe
Event: 0.263 Loading class sun/misc/Unsafe done
Event: 0.263 Loading class java/lang/invoke/DirectMethodHandle$StaticAccessor
Event: 0.263 Loading class java/lang/invoke/DirectMethodHandle$StaticAccessor done
Event: 0.266 Loading class java/lang/reflect/ParameterizedType
Event: 0.266 Loading class java/lang/reflect/ParameterizedType done
Event: 0.267 Loading class java/lang/reflect/WildcardType
Event: 0.267 Loading class java/lang/reflect/WildcardType done
Event: 0.268 Loading class sun/reflect/generics/tree/TypeVariableSignature
Event: 0.268 Loading class sun/reflect/generics/tree/TypeVariableSignature done
Event: 0.274 Loading class java/lang/annotation/IncompleteAnnotationException
Event: 0.274 Loading class java/lang/annotation/IncompleteAnnotationException done
Event: 0.294 Loading class java/lang/foreign/MemorySegment
Event: 0.294 Loading class java/lang/foreign/MemorySegment done
Event: 0.325 Loading class sun/reflect/generics/reflectiveObjects/TypeVariableImpl
Event: 0.325 Loading class sun/reflect/generics/reflectiveObjects/LazyReflectiveObjectGenerator
Event: 0.325 Loading class sun/reflect/generics/reflectiveObjects/LazyReflectiveObjectGenerator done
Event: 0.325 Loading class sun/reflect/generics/reflectiveObjects/TypeVariableImpl done
Event: 0.325 Loading class sun/reflect/generics/reflectiveObjects/ParameterizedTypeImpl
Event: 0.325 Loading class sun/reflect/generics/reflectiveObjects/ParameterizedTypeImpl done

Classes unloaded (0 events):
No events

Classes redefined (0 events):
No events

Internal exceptions (20 events):
Event: 0.084 Thread 0x00007370800197b0 Exception <a 'java/lang/NullPointerException'{0x000000008db6c888}> (0x000000008db6c888) 
thrown [./src/hotspot/share/interpreter/linkResolver.cpp, line 1372]
Event: 0.084 Thread 0x00007370800197b0 Exception <a 'java/lang/NullPointerException'{0x000000008db6cb68}> (0x000000008db6cb68) 
thrown [./src/hotspot/share/interpreter/linkResolver.cpp, line 1372]
Event: 0.084 Thread 0x00007370800197b0 Exception <a 'java/lang/NullPointerException'{0x000000008db6ce48}> (0x000000008db6ce48) 
thrown [./src/hotspot/share/interpreter/linkResolver.cpp, line 1372]
Event: 0.085 Thread 0x00007370800197b0 Exception <a 'java/lang/NullPointerException'{0x000000008db71d60}> (0x000000008db71d60) 
thrown [./src/hotspot/share/interpreter/linkResolver.cpp, line 1372]
Event: 0.086 Thread 0x00007370800197b0 Exception <a 'java/lang/NullPointerException'{0x000000008dbfad08}> (0x000000008dbfad08) 
thrown [./src/hotspot/share/interpreter/linkResolver.cpp, line 1372]
Event: 0.086 Thread 0x00007370800197b0 Exception <a 'java/lang/NullPointerException'{0x000000008dbfafe8}> (0x000000008dbfafe8) 
thrown [./src/hotspot/share/interpreter/linkResolver.cpp, line 1372]
Event: 0.086 Thread 0x00007370800197b0 Exception <a 'java/lang/NullPointerException'{0x000000008dbfb2c8}> (0x000000008dbfb2c8) 
thrown [./src/hotspot/share/interpreter/linkResolver.cpp, line 1372]
Event: 0.086 Thread 0x00007370800197b0 Exception <a 'java/lang/NullPointerException'{0x000000008dbfb610}> (0x000000008dbfb610) 
thrown [./src/hotspot/share/interpreter/linkResolver.cpp, line 1372]
Event: 0.094 Thread 0x00007370800197b0 Exception <a 'java/lang/NoSuchMethodError'{0x000000008da72348}: 'void java.lang.invoke.DirectMethodHandle$Holder.invokeStatic(java.lang.Object, java.lang.Object)'> (0x000000008da72348) 
thrown [./src/hotspot/share/interpreter/linkResolver.cpp, line 772]
Event: 0.094 Thread 0x00007370800197b0 Exception <a 'java/lang/NoSuchMethodError'{0x000000008da75758}: 'void java.lang.invoke.DirectMethodHandle$Holder.invokeStaticInit(java.lang.Object, java.lang.Object)'> (0x000000008da75758) 
thrown [./src/hotspot/share/interpreter/linkResolver.cpp, line 772]
Event: 0.100 Thread 0x00007370800197b0 Exception <a 'java/lang/NoSuchMethodError'{0x000000008daba610}: 'void java.lang.invoke.DirectMethodHandle$Holder.invokeStatic(java.lang.Object, java.lang.Object, java.lang.Object)'> (0x000000008daba610) 
thrown [./src/hotspot/share/interpreter/linkResolver.cpp, line 772]
Event: 0.127 Thread 0x00007370800197b0 Exception <a 'java/lang/NoSuchMethodError'{0x000000008d859018}: 'java.lang.Object java.lang.invoke.DirectMethodHandle$Holder.invokeSpecialIFC(java.lang.Object, java.lang.Object, java.lang.Object, java.lang.Object)'> (0x000000008d859018) 
thrown [./src/hotspot/share/interpreter/linkResolver.cpp, line 772]
Event: 0.210 Thread 0x00007370800197b0 Exception <a 'java/lang/NoSuchMethodError'{0x000000008d3cde68}: 'void java.lang.invoke.DirectMethodHandle$Holder.invokeSpecial(java.lang.Object, java.lang.Object, java.lang.Object)'> (0x000000008d3cde68) 
thrown [./src/hotspot/share/interpreter/linkResolver.cpp, line 772]
Event: 0.226 Thread 0x00007370800197b0 Exception <a 'java/lang/NoSuchMethodError'{0x000000008d122308}: 'java.lang.Object java.lang.invoke.DirectMethodHandle$Holder.invokeInterface(java.lang.Object, java.lang.Object)'> (0x000000008d122308) 
thrown [./src/hotspot/share/interpreter/linkResolver.cpp, line 772]
Event: 0.234 Thread 0x00007370800197b0 Exception <a 'java/lang/NoSuchMethodError'{0x000000008d1bf218}: 'int java.lang.invoke.DirectMethodHandle$Holder.invokeStatic(java.lang.Object, java.lang.Object, java.lang.Object, java.lang.Object)'> (0x000000008d1bf218) 
thrown [./src/hotspot/share/interpreter/linkResolver.cpp, line 772]
Event: 0.234 Thread 0x00007370800197b0 Exception <a 'java/lang/NoSuchMethodError'{0x000000008d1c28e8}: 'java.lang.Object java.lang.invoke.Invokers$Holder.invokeExact_MT(java.lang.Object, java.lang.Object, java.lang.Object, java.lang.Object, java.lang.Object, java.lang.Object)'> (0x000000008d1c28e8) 
thrown [./src/hotspot/share/interpreter/linkResolver.cpp, line 772]
Event: 0.236 Thread 0x00007370800197b0 Exception <a 'java/lang/NoSuchMethodError'{0x000000008d1d13e8}: 'int java.lang.invoke.DirectMethodHandle$Holder.invokeSpecialIFC(java.lang.Object, java.lang.Object, java.lang.Object, java.lang.Object, java.lang.Object)'> (0x000000008d1d13e8) 
thrown [./src/hotspot/share/interpreter/linkResolver.cpp, line 772]
Event: 0.258 Thread 0x00007370800197b0 Exception <a 'java/lang/NoSuchMethodError'{0x000000008cf592e8}: 'java.lang.Object java.lang.invoke.DirectMethodHandle$Holder.newInvokeSpecial(java.lang.Object, java.lang.Object, java.lang.Object, java.lang.Object, java.lang.Object)'> (0x000000008cf592e8) 
thrown [./src/hotspot/share/interpreter/linkResolver.cpp, line 772]
Event: 0.271 Thread 0x00007370800197b0 Exception <a 'java/lang/NoSuchMethodError'{0x000000008ce59468}: 'int java.lang.invoke.DirectMethodHandle$Holder.invokeStaticInit(java.lang.Object, java.lang.Object)'> (0x000000008ce59468) 
thrown [./src/hotspot/share/interpreter/linkResolver.cpp, line 772]
Event: 0.274 Thread 0x00007370800197b0 Exception <a 'java/lang/NoClassDefFoundError'{0x000000008ce8eef0}: javax/enterprise/inject/Typed> (0x000000008ce8eef0) 
thrown [./src/hotspot/share/classfile/systemDictionary.cpp, line 301]

ZGC Phase Switch (0 events):
No events

VM Operations (6 events):
Event: 0.079 Executing VM operation: HandshakeAllThreads (Deoptimize)
Event: 0.079 Executing VM operation: HandshakeAllThreads (Deoptimize) done
Event: 0.297 Executing VM operation: ICBufferFull
Event: 0.297 Executing VM operation: ICBufferFull done
Event: 0.311 Executing VM operation: G1CollectForAllocation (G1 Evacuation Pause)
Event: 0.314 Executing VM operation: G1CollectForAllocation (G1 Evacuation Pause) done

Memory protections (13 events):
Event: 0.001 Protecting memory [0x0000737085900000,0x0000737085904000] with protection modes 0
Event: 0.016 Protecting memory [0x000073705ef00000,0x000073705ef04000] with protection modes 0
Event: 0.016 Protecting memory [0x000073705ee00000,0x000073705ee04000] with protection modes 0
Event: 0.016 Protecting memory [0x000073705ed00000,0x000073705ed04000] with protection modes 0
Event: 0.016 Protecting memory [0x000073705ec00000,0x000073705ec04000] with protection modes 0
Event: 0.016 Protecting memory [0x000073705eb00000,0x000073705eb04000] with protection modes 0
Event: 0.017 Protecting memory [0x000073705ea00000,0x000073705ea04000] with protection modes 0
Event: 0.017 Protecting memory [0x000073705e900000,0x000073705e904000] with protection modes 0
Event: 0.020 Protecting memory [0x000073705e800000,0x000073705e804000] with protection modes 0
Event: 0.020 Protecting memory [0x000073705e700000,0x000073705e704000] with protection modes 0
Event: 0.077 Protecting memory [0x000073705e600000,0x000073705e604000] with protection modes 0
Event: 0.109 Protecting memory [0x000073705e600000,0x000073705e604000] with protection modes 0
Event: 0.290 Protecting memory [0x000073705e500000,0x000073705e504000] with protection modes 0

Nmethod flushes (0 events):
No events

Events (14 events):
Event: 0.009 Thread 0x00007370800197b0 Thread added: 0x00007370800197b0
Event: 0.016 Thread 0x00007370800197b0 Thread added: 0x0000737080153250
Event: 0.016 Thread 0x00007370800197b0 Thread added: 0x00007370801548e0
Event: 0.016 Thread 0x00007370800197b0 Thread added: 0x0000737080156080
Event: 0.016 Thread 0x00007370800197b0 Thread added: 0x00007370801576c0
Event: 0.016 Thread 0x00007370800197b0 Thread added: 0x0000737080158c60
Event: 0.017 Thread 0x00007370800197b0 Thread added: 0x000073708015a7a0
Event: 0.017 Thread 0x00007370800197b0 Thread added: 0x0000737080163e50
Event: 0.019 Thread 0x00007370800197b0 Thread added: 0x000073708016fcf0
Event: 0.020 Thread 0x00007370800197b0 Thread added: 0x0000737080173020
Event: 0.077 Thread 0x00007370800197b0 Thread added: 0x00007370803b67d0
Event: 0.080 Thread 0x00007370803b67d0 Thread exited: 0x00007370803b67d0
Event: 0.109 Thread 0x000073708015a7a0 Thread added: 0x0000736fd00d7ed0
Event: 0.290 Thread 0x0000737080163e50 Thread added: 0x0000736fcc2d04b0


Dynamic libraries:
86600000-8e000000 rw-p 00000000 00:00 0 
8e000000-ffe00000 ---p 00000000 00:00 0 
ffe00000-fff0d000 rw-p 00cd6000 08:25 2543604                            /usr/lib/jvm/java-21-openjdk-amd64/lib/server/classes.jsa
fff0d000-100000000 rw-p 00000000 00:00 0 
649e095e5000-649e095e6000 r--p 00000000 08:25 2148401                    /usr/lib/jvm/java-21-openjdk-amd64/bin/java
649e095e6000-649e095e7000 r-xp 00001000 08:25 2148401                    /usr/lib/jvm/java-21-openjdk-amd64/bin/java
649e095e7000-649e095e8000 r--p 00002000 08:25 2148401                    /usr/lib/jvm/java-21-openjdk-amd64/bin/java
649e095e8000-649e095e9000 r--p 00002000 08:25 2148401                    /usr/lib/jvm/java-21-openjdk-amd64/bin/java
649e095e9000-649e095ea000 rw-p 00003000 08:25 2148401                    /usr/lib/jvm/java-21-openjdk-amd64/bin/java
649e32880000-649e328c7000 rw-p 00000000 00:00 0                          [heap]
736fa8000000-736fa8021000 rw-p 00000000 00:00 0 
736fa8021000-736fac000000 ---p 00000000 00:00 0 
736fac000000-736fac021000 rw-p 00000000 00:00 0 
736fac021000-736fb0000000 ---p 00000000 00:00 0 
736fb4000000-736fb4410000 rw-p 00000000 00:00 0 
736fb4410000-736fb8000000 ---p 00000000 00:00 0 
736fb8000000-736fb8652000 rw-p 00000000 00:00 0 
736fb8652000-736fbc000000 ---p 00000000 00:00 0 
736fc0000000-736fc0021000 rw-p 00000000 00:00 0 
736fc0021000-736fc4000000 ---p 00000000 00:00 0 
736fc4000000-736fc4021000 rw-p 00000000 00:00 0 
736fc4021000-736fc8000000 ---p 00000000 00:00 0 
736fcc000000-736fcc448000 rw-p 00000000 00:00 0 
736fcc448000-736fd0000000 ---p 00000000 00:00 0 
736fd0000000-736fd07bb000 rw-p 00000000 00:00 0 
736fd07bb000-736fd4000000 ---p 00000000 00:00 0 
736fd8000000-736fd8021000 rw-p 00000000 00:00 0 
736fd8021000-736fdc000000 ---p 00000000 00:00 0 
736fdc000000-736fdc021000 rw-p 00000000 00:00 0 
736fdc021000-736fe0000000 ---p 00000000 00:00 0 
736fe4000000-736fe4021000 rw-p 00000000 00:00 0 
736fe4021000-736fe8000000 ---p 00000000 00:00 0 
736fe8000000-736fe8021000 rw-p 00000000 00:00 0 
736fe8021000-736fec000000 ---p 00000000 00:00 0 
736ff0000000-736ff0021000 rw-p 00000000 00:00 0 
736ff0021000-736ff4000000 ---p 00000000 00:00 0 
736ff4000000-736ff4021000 rw-p 00000000 00:00 0 
736ff4021000-736ff8000000 ---p 00000000 00:00 0 
736ffc000000-736ffc250000 rw-p 00000000 00:00 0 
736ffc250000-736ffc400000 ---p 00000000 00:00 0 
736ffc400000-736ffc720000 rw-p 00000000 00:00 0 
736ffc720000-737000000000 ---p 00000000 00:00 0 
737000000000-737000021000 rw-p 00000000 00:00 0 
737000021000-737004000000 ---p 00000000 00:00 0 
737007000000-737007c97000 rw-p 00001000 08:25 2543604                    /usr/lib/jvm/java-21-openjdk-amd64/lib/server/classes.jsa
737007c97000-737008000000 ---p 00000000 00:00 0 
737008000000-737008030000 rw-p 00000000 00:00 0 
737008030000-737008070000 rw-p 00000000 00:00 0 
737008070000-7370080d0000 rw-p 00000000 00:00 0 
7370080d0000-737048000000 ---p 00000000 00:00 0 
737048000000-737048021000 rw-p 00000000 00:00 0 
737048021000-73704c000000 ---p 00000000 00:00 0 
73704c000000-73704c021000 rw-p 00000000 00:00 0 
73704c021000-737050000000 ---p 00000000 00:00 0 
737054000000-737054021000 rw-p 00000000 00:00 0 
737054021000-737058000000 ---p 00000000 00:00 0 
737058000000-737058021000 rw-p 00000000 00:00 0 
737058021000-73705c000000 ---p 00000000 00:00 0 
73705da00000-73705dce2000 rw-p 00000000 00:00 0 
73705de80000-73705e000000 rw-p 00000000 00:00 0 
73705e000000-73705e003000 r-xp 00000000 08:25 2299379                    /tmp/jansi-2.4.1-b5612d242b8c468a-libjansi.so
73705e003000-73705e202000 ---p 00003000 08:25 2299379                    /tmp/jansi-2.4.1-b5612d242b8c468a-libjansi.so
73705e202000-73705e203000 r--p 00002000 08:25 2299379                    /tmp/jansi-2.4.1-b5612d242b8c468a-libjansi.so
73705e203000-73705e204000 rw-p 00003000 08:25 2299379                    /tmp/jansi-2.4.1-b5612d242b8c468a-libjansi.so
73705e2fe000-73705e2ff000 ---p 00000000 00:00 0 
73705e2ff000-73705e3ff000 rw-p 00000000 00:00 0 
73705e3ff000-73705e400000 ---p 00000000 00:00 0 
73705e400000-73705e500000 rw-p 00000000 00:00 0 
73705e500000-73705e504000 ---p 00000000 00:00 0 
73705e504000-73705e600000 rw-p 00000000 00:00 0 
73705e600000-73705e604000 ---p 00000000 00:00 0 
73705e604000-73705e700000 rw-p 00000000 00:00 0 
73705e700000-73705e704000 ---p 00000000 00:00 0 
73705e704000-73705e800000 rw-p 00000000 00:00 0 
73705e800000-73705e804000 ---p 00000000 00:00 0 
73705e804000-73705e900000 rw-p 00000000 00:00 0 
73705e900000-73705e904000 ---p 00000000 00:00 0 
73705e904000-73705ea00000 rw-p 00000000 00:00 0 
73705ea00000-73705ea04000 ---p 00000000 00:00 0 
73705ea04000-73705eb00000 rw-p 00000000 00:00 0 
73705eb00000-73705eb04000 ---p 00000000 00:00 0 
73705eb04000-73705ec00000 rw-p 00000000 00:00 0 
73705ec00000-73705ec04000 ---p 00000000 00:00 0 
73705ec04000-73705ed00000 rw-p 00000000 00:00 0 
73705ed00000-73705ed04000 ---p 00000000 00:00 0 
73705ed04000-73705ee00000 rw-p 00000000 00:00 0 
73705ee00000-73705ee04000 ---p 00000000 00:00 0 
73705ee04000-73705ef00000 rw-p 00000000 00:00 0 
73705ef00000-73705ef04000 ---p 00000000 00:00 0 
73705ef04000-73705f000000 rw-p 00000000 00:00 0 
73705f000000-73705f803000 r--p 00000000 08:25 1850347                    /usr/lib/locale/locale-archive
73705f8f9000-73705f8fa000 ---p 00000000 00:00 0 
73705f8fa000-73705f9fa000 rw-p 00000000 00:00 0 
73705f9fa000-73705f9fb000 ---p 00000000 00:00 0 
73705f9fb000-73705fafb000 rw-p 00000000 00:00 0 
73705fafb000-73705fafc000 ---p 00000000 00:00 0 
73705fafc000-73705fbfc000 rw-p 00000000 00:00 0 
73705fbfc000-73705fbfd000 ---p 00000000 00:00 0 
73705fbfd000-73705fcfd000 rw-p 00000000 00:00 0 
73705fcfd000-737060021000 rw-p 00000000 00:00 0 
737060021000-737064000000 ---p 00000000 00:00 0 
7370640f9000-7370669e8000 rw-p 00000000 00:00 0 
7370669e8000-737068660000 ---p 00000000 00:00 0 
737068660000-737068668000 rw-p 00000000 00:00 0 
7370686ff000-737068700000 ---p 00000000 00:00 0 
737068700000-737068800000 rw-p 00000000 00:00 0 
737068800000-737068a70000 rwxp 00000000 00:00 0 
737068a70000-73706fd37000 ---p 00000000 00:00 0 
73706fd37000-73706ffa7000 rwxp 00000000 00:00 0 
73706ffa7000-7370702c9000 ---p 00000000 00:00 0 
7370702c9000-737070539000 rwxp 00000000 00:00 0 
737070539000-737077800000 ---p 00000000 00:00 0 
737077800000-73707fe0d000 r--s 00000000 08:25 2543601                    /usr/lib/jvm/java-21-openjdk-amd64/lib/modules
73707fe2e000-73707fe33000 r--p 00000000 08:25 2543585                    /usr/lib/jvm/java-21-openjdk-amd64/lib/libjsvml.so
73707fe33000-73707fe74000 r-xp 00005000 08:25 2543585                    /usr/lib/jvm/java-21-openjdk-amd64/lib/libjsvml.so
73707fe74000-73707fefd000 r--p 00046000 08:25 2543585                    /usr/lib/jvm/java-21-openjdk-amd64/lib/libjsvml.so
73707fefd000-73707fefe000 r--p 000ce000 08:25 2543585                    /usr/lib/jvm/java-21-openjdk-amd64/lib/libjsvml.so
73707fefe000-73707feff000 rw-p 000cf000 08:25 2543585                    /usr/lib/jvm/java-21-openjdk-amd64/lib/libjsvml.so
73707feff000-73707ff00000 ---p 00000000 00:00 0 
73707ff00000-737080000000 rw-p 00000000 00:00 0 
737080000000-7370807a3000 rw-p 00000000 00:00 0 
7370807a3000-737084000000 ---p 00000000 00:00 0 
737084023000-7370840ff000 rw-p 00000000 00:00 0 
7370840ff000-737084100000 ---p 00000000 00:00 0 
737084100000-737084200000 rw-p 00000000 00:00 0 
737084200000-73708423d000 rw-p 00000000 00:00 0 
73708423d000-7370845cc000 ---p 00000000 00:00 0 
7370845cc000-7370845cd000 rw-p 00000000 00:00 0 
737084600000-73708463d000 rw-p 00000000 00:00 0 
73708463d000-7370849cc000 ---p 00000000 00:00 0 
7370849cc000-7370849cd000 rw-p 00000000 00:00 0 
737084a20000-73708542f000 rw-p 00000000 00:00 0 
73708542f000-737085515000 ---p 00000000 00:00 0 
737085515000-73708551a000 rw-p 00000000 00:00 0 
73708551a000-737085600000 ---p 00000000 00:00 0 
737085600000-73708569d000 r--p 00000000 08:25 1869011                    /usr/lib/x86_64-linux-gnu/libstdc++.so.6.0.33
73708569d000-7370857e5000 r-xp 0009d000 08:25 1869011                    /usr/lib/x86_64-linux-gnu/libstdc++.so.6.0.33
7370857e5000-73708586c000 r--p 001e5000 08:25 1869011                    /usr/lib/x86_64-linux-gnu/libstdc++.so.6.0.33
73708586c000-737085877000 r--p 0026b000 08:25 1869011                    /usr/lib/x86_64-linux-gnu/libstdc++.so.6.0.33
737085877000-73708587a000 rw-p 00276000 08:25 1869011                    /usr/lib/x86_64-linux-gnu/libstdc++.so.6.0.33
73708587a000-73708587e000 rw-p 00000000 00:00 0 
737085887000-73708588e000 r--s 00000000 08:25 1870331                    /usr/lib/x86_64-linux-gnu/gconv/gconv-modules.cache
73708588e000-737085892000 r--p 00000000 08:25 2543599                    /usr/lib/jvm/java-21-openjdk-amd64/lib/libverify.so
737085892000-737085899000 r-xp 00004000 08:25 2543599                    /usr/lib/jvm/java-21-openjdk-amd64/lib/libverify.so
737085899000-73708589b000 r--p 0000b000 08:25 2543599                    /usr/lib/jvm/java-21-openjdk-amd64/lib/libverify.so
73708589b000-73708589d000 r--p 0000c000 08:25 2543599                    /usr/lib/jvm/java-21-openjdk-amd64/lib/libverify.so
73708589d000-73708589e000 rw-p 0000e000 08:25 2543599                    /usr/lib/jvm/java-21-openjdk-amd64/lib/libverify.so
73708589e000-7370858a0000 r--p 00000000 08:25 2543600                    /usr/lib/jvm/java-21-openjdk-amd64/lib/libzip.so
7370858a0000-7370858a5000 r-xp 00002000 08:25 2543600                    /usr/lib/jvm/java-21-openjdk-amd64/lib/libzip.so
7370858a5000-7370858a7000 r--p 00007000 08:25 2543600                    /usr/lib/jvm/java-21-openjdk-amd64/lib/libzip.so
7370858a7000-7370858a8000 r--p 00008000 08:25 2543600                    /usr/lib/jvm/java-21-openjdk-amd64/lib/libzip.so
7370858a8000-7370858a9000 rw-p 00009000 08:25 2543600                    /usr/lib/jvm/java-21-openjdk-amd64/lib/libzip.so
7370858a9000-7370858b0000 r--p 00000000 08:25 2543593                    /usr/lib/jvm/java-21-openjdk-amd64/lib/libnio.so
7370858b0000-7370858b9000 r-xp 00007000 08:25 2543593                    /usr/lib/jvm/java-21-openjdk-amd64/lib/libnio.so
7370858b9000-7370858bd000 r--p 00010000 08:25 2543593                    /usr/lib/jvm/java-21-openjdk-amd64/lib/libnio.so
7370858bd000-7370858be000 r--p 00014000 08:25 2543593                    /usr/lib/jvm/java-21-openjdk-amd64/lib/libnio.so
7370858be000-7370858bf000 rw-p 00015000 08:25 2543593                    /usr/lib/jvm/java-21-openjdk-amd64/lib/libnio.so
7370858bf000-737085900000 rw-p 00000000 00:00 0 
737085900000-737085904000 ---p 00000000 00:00 0 
737085904000-737085a00000 rw-p 00000000 00:00 0 
737085a00000-737085ca1000 r--p 00000000 08:25 2543607                    /usr/lib/jvm/java-21-openjdk-amd64/lib/server/libjvm.so
737085ca1000-737086b0d000 r-xp 002a1000 08:25 2543607                    /usr/lib/jvm/java-21-openjdk-amd64/lib/server/libjvm.so
737086b0d000-737086de5000 r--p 0110d000 08:25 2543607                    /usr/lib/jvm/java-21-openjdk-amd64/lib/server/libjvm.so
737086de5000-737086eb8000 r--p 013e5000 08:25 2543607                    /usr/lib/jvm/java-21-openjdk-amd64/lib/server/libjvm.so
737086eb8000-737086ee8000 rw-p 014b8000 08:25 2543607                    /usr/lib/jvm/java-21-openjdk-amd64/lib/server/libjvm.so
737086ee8000-737086f4e000 rw-p 00000000 00:00 0 
737086f4f000-737086f52000 r--p 00000000 08:25 2543592                    /usr/lib/jvm/java-21-openjdk-amd64/lib/libnet.so
737086f52000-737086f5a000 r-xp 00003000 08:25 2543592                    /usr/lib/jvm/java-21-openjdk-amd64/lib/libnet.so
737086f5a000-737086f5c000 r--p 0000b000 08:25 2543592                    /usr/lib/jvm/java-21-openjdk-amd64/lib/libnet.so
737086f5c000-737086f5d000 r--p 0000c000 08:25 2543592                    /usr/lib/jvm/java-21-openjdk-amd64/lib/libnet.so
737086f5d000-737086f5e000 rw-p 0000d000 08:25 2543592                    /usr/lib/jvm/java-21-openjdk-amd64/lib/libnet.so
737086f5e000-737086fdc000 rw-p 00000000 00:00 0 
737086fdc000-737086fe9000 r--p 00000000 08:25 2543578                    /usr/lib/jvm/java-21-openjdk-amd64/lib/libjava.so
737086fe9000-737086ff8000 r-xp 0000d000 08:25 2543578                    /usr/lib/jvm/java-21-openjdk-amd64/lib/libjava.so
737086ff8000-737086ffd000 r--p 0001c000 08:25 2543578                    /usr/lib/jvm/java-21-openjdk-amd64/lib/libjava.so
737086ffd000-737086ffe000 r--p 00021000 08:25 2543578                    /usr/lib/jvm/java-21-openjdk-amd64/lib/libjava.so
737086ffe000-737086fff000 rw-p 00022000 08:25 2543578                    /usr/lib/jvm/java-21-openjdk-amd64/lib/libjava.so
737086fff000-737087000000 rw-p 00000000 00:00 0 
737087000000-737087028000 r--p 00000000 08:25 1867753                    /usr/lib/x86_64-linux-gnu/libc.so.6
737087028000-7370871b0000 r-xp 00028000 08:25 1867753                    /usr/lib/x86_64-linux-gnu/libc.so.6
7370871b0000-7370871ff000 r--p 001b0000 08:25 1867753                    /usr/lib/x86_64-linux-gnu/libc.so.6
7370871ff000-737087203000 r--p 001fe000 08:25 1867753                    /usr/lib/x86_64-linux-gnu/libc.so.6
737087203000-737087205000 rw-p 00202000 08:25 1867753                    /usr/lib/x86_64-linux-gnu/libc.so.6
737087205000-737087212000 rw-p 00000000 00:00 0 
737087213000-737087218000 rw-p 00000000 00:00 0 
737087218000-73708721f000 ---p 00000000 00:00 0 
73708721f000-737087223000 r--p 00000000 08:25 1868124                    /usr/lib/x86_64-linux-gnu/libgcc_s.so.1
737087223000-737087247000 r-xp 00004000 08:25 1868124                    /usr/lib/x86_64-linux-gnu/libgcc_s.so.1
737087247000-73708724b000 r--p 00028000 08:25 1868124                    /usr/lib/x86_64-linux-gnu/libgcc_s.so.1
73708724b000-73708724c000 r--p 0002b000 08:25 1868124                    /usr/lib/x86_64-linux-gnu/libgcc_s.so.1
73708724c000-73708724d000 rw-p 0002c000 08:25 1868124                    /usr/lib/x86_64-linux-gnu/libgcc_s.so.1
73708724d000-73708725d000 r--p 00000000 08:25 1868504                    /usr/lib/x86_64-linux-gnu/libm.so.6
73708725d000-7370872dc000 r-xp 00010000 08:25 1868504                    /usr/lib/x86_64-linux-gnu/libm.so.6
7370872dc000-737087334000 r--p 0008f000 08:25 1868504                    /usr/lib/x86_64-linux-gnu/libm.so.6
737087334000-737087335000 r--p 000e7000 08:25 1868504                    /usr/lib/x86_64-linux-gnu/libm.so.6
737087335000-737087336000 rw-p 000e8000 08:25 1868504                    /usr/lib/x86_64-linux-gnu/libm.so.6
737087336000-737087338000 rw-p 00000000 00:00 0 
737087338000-73708733a000 r--p 00000000 08:25 2543582                    /usr/lib/jvm/java-21-openjdk-amd64/lib/libjli.so
73708733a000-737087344000 r-xp 00002000 08:25 2543582                    /usr/lib/jvm/java-21-openjdk-amd64/lib/libjli.so
737087344000-737087347000 r--p 0000c000 08:25 2543582                    /usr/lib/jvm/java-21-openjdk-amd64/lib/libjli.so
737087347000-737087348000 r--p 0000f000 08:25 2543582                    /usr/lib/jvm/java-21-openjdk-amd64/lib/libjli.so
737087348000-737087349000 rw-p 00010000 08:25 2543582                    /usr/lib/jvm/java-21-openjdk-amd64/lib/libjli.so
737087349000-73708734b000 r--p 00000000 08:25 1869333                    /usr/lib/x86_64-linux-gnu/libz.so.1.3
73708734b000-73708735d000 r-xp 00002000 08:25 1869333                    /usr/lib/x86_64-linux-gnu/libz.so.1.3
73708735d000-737087363000 r--p 00014000 08:25 1869333                    /usr/lib/x86_64-linux-gnu/libz.so.1.3
737087363000-737087364000 r--p 0001a000 08:25 1869333                    /usr/lib/x86_64-linux-gnu/libz.so.1.3
737087364000-737087365000 rw-p 0001b000 08:25 1869333                    /usr/lib/x86_64-linux-gnu/libz.so.1.3
737087365000-73708736d000 rw-s 00000000 08:25 2658447                    /tmp/hsperfdata_edu/4800
73708736d000-73708736e000 ---p 00000000 00:00 0 
73708736e000-73708736f000 r--p 00000000 00:00 0 
73708736f000-737087370000 ---p 00000000 00:00 0 
737087370000-737087372000 r--p 00000000 08:25 2543581                    /usr/lib/jvm/java-21-openjdk-amd64/lib/libjimage.so
737087372000-737087375000 r-xp 00002000 08:25 2543581                    /usr/lib/jvm/java-21-openjdk-amd64/lib/libjimage.so
737087375000-737087376000 r--p 00005000 08:25 2543581                    /usr/lib/jvm/java-21-openjdk-amd64/lib/libjimage.so
737087376000-737087377000 r--p 00006000 08:25 2543581                    /usr/lib/jvm/java-21-openjdk-amd64/lib/libjimage.so
737087377000-737087378000 rw-p 00007000 08:25 2543581                    /usr/lib/jvm/java-21-openjdk-amd64/lib/libjimage.so
737087378000-73708737a000 rw-p 00000000 00:00 0 
73708737a000-73708737b000 r--p 00000000 08:25 1867323                    /usr/lib/x86_64-linux-gnu/ld-linux-x86-64.so.2
73708737b000-7370873a6000 r-xp 00001000 08:25 1867323                    /usr/lib/x86_64-linux-gnu/ld-linux-x86-64.so.2
7370873a6000-7370873b0000 r--p 0002c000 08:25 1867323                    /usr/lib/x86_64-linux-gnu/ld-linux-x86-64.so.2
7370873b0000-7370873b2000 r--p 00036000 08:25 1867323                    /usr/lib/x86_64-linux-gnu/ld-linux-x86-64.so.2
7370873b2000-7370873b4000 rw-p 00038000 08:25 1867323                    /usr/lib/x86_64-linux-gnu/ld-linux-x86-64.so.2
7fff03bb4000-7fff03bd5000 rw-p 00000000 00:00 0                          [stack]
7fff03bd6000-7fff03bda000 r--p 00000000 00:00 0                          [vvar]
7fff03bda000-7fff03bdc000 r-xp 00000000 00:00 0                          [vdso]
ffffffffff600000-ffffffffff601000 --xp 00000000 00:00 0                  [vsyscall]
Total number of mappings: 226


VM Arguments:
jvm_args: -Dclassworlds.conf=/usr/lib/apache-netbeans/java/maven/bin/m2.conf -Dmaven.home=/usr/lib/apache-netbeans/java/maven -Dlibrary.jansi.path=/usr/lib/apache-netbeans/java/maven/lib/jansi-native -Dmaven.multiModuleProjectDirectory=/home/edu/IPC2-2025/Hyrule-events/HyruleEvents 
java_command: org.codehaus.plexus.classworlds.launcher.Launcher -Dexec.vmArgs= -Dexec.args=${exec.vmArgs} -classpath %classpath ${exec.mainClass} ${exec.appArgs} -Dexec.appArgs= -Dexec.mainClass=com.mycompany.hyruleevents.HyruleEvents -Dexec.executable=/usr/lib/jvm/java-21-openjdk-amd64/bin/java -Dmaven.ext.class.path=/usr/lib/apache-netbeans/java/maven-nblib/netbeans-eventspy.jar --no-transfer-progress process-classes org.codehaus.mojo:exec-maven-plugin:3.1.0:exec
java_class_path (initial): /usr/lib/apache-netbeans/java/maven/boot/plexus-classworlds-2.8.0.jar
Launcher Type: SUN_STANDARD

[Global flags]
     intx CICompilerCount                          = 4                                         {product} {ergonomic}
     uint ConcGCThreads                            = 3                                         {product} {ergonomic}
     uint G1ConcRefinementThreads                  = 10                                        {product} {ergonomic}
   size_t G1HeapRegionSize                         = 1048576                                   {product} {ergonomic}
    uintx GCDrainStackTargetSize                   = 64                                        {product} {ergonomic}
   size_t InitialHeapSize                          = 127926272                                 {product} {ergonomic}
   size_t MarkStackSize                            = 4194304                                   {product} {ergonomic}
   size_t MaxHeapSize                              = 2040528896                                {product} {ergonomic}
   size_t MaxNewSize                               = 1223688192                                {product} {ergonomic}
   size_t MinHeapDeltaBytes                        = 1048576                                   {product} {ergonomic}
   size_t MinHeapSize                              = 8388608                                   {product} {ergonomic}
    uintx NonNMethodCodeHeapSize                   = 5839372                                {pd product} {ergonomic}
    uintx NonProfiledCodeHeapSize                  = 122909434                              {pd product} {ergonomic}
    uintx ProfiledCodeHeapSize                     = 122909434                              {pd product} {ergonomic}
    uintx ReservedCodeCacheSize                    = 251658240                              {pd product} {ergonomic}
     bool SegmentedCodeCache                       = true                                      {product} {ergonomic}
   size_t SoftMaxHeapSize                          = 2040528896                             {manageable} {ergonomic}
     bool UseCompressedOops                        = true                           {product lp64_product} {ergonomic}
     bool UseG1GC                                  = true                                      {product} {ergonomic}

Logging:
Log output configuration:
 #0: stdout all=warning uptime,level,tags foldmultilines=false
 #1: stderr all=off uptime,level,tags foldmultilines=false

Environment Variables:
JAVA_HOME=/usr/lib/jvm/java-21-openjdk-amd64
PATH=/usr/local/sbin:/usr/local/bin:/usr/sbin:/usr/bin:/sbin:/bin:/usr/games:/usr/local/games:/snap/bin
SHELL=/bin/bash
DISPLAY=:0
LANG=es_GT.UTF-8

Active Locale:
LC_ALL=es_GT.UTF-8
LC_COLLATE=es_GT.UTF-8
LC_CTYPE=es_GT.UTF-8
LC_MESSAGES=es_GT.UTF-8
LC_MONETARY=es_GT.UTF-8
LC_NUMERIC=es_GT.UTF-8
LC_TIME=es_GT.UTF-8

Signal Handlers:
   SIGSEGV: crash_handler in libjvm.so, mask=11100100010111111101111111111110, flags=SA_RESTART|SA_SIGINFO, unblocked
    SIGBUS: crash_handler in libjvm.so, mask=11100100010111111101111111111110, flags=SA_RESTART|SA_SIGINFO, unblocked
    SIGFPE: crash_handler in libjvm.so, mask=11100100010111111101111111111110, flags=SA_RESTART|SA_SIGINFO, unblocked
   SIGPIPE: javaSignalHandler in libjvm.so, mask=11100100010111111101111111111110, flags=SA_RESTART|SA_SIGINFO, blocked
   SIGXFSZ: javaSignalHandler in libjvm.so, mask=11100100010111111101111111111110, flags=SA_RESTART|SA_SIGINFO, blocked
    SIGILL: crash_handler in libjvm.so, mask=11100100010111111101111111111110, flags=SA_RESTART|SA_SIGINFO, unblocked
   SIGUSR2: SR_handler in libjvm.so, mask=00000000000000000000000000000000, flags=SA_RESTART|SA_SIGINFO, blocked
    SIGHUP: UserHandler in libjvm.so, mask=11100100010111111101111111111110, flags=SA_RESTART|SA_SIGINFO, blocked
    SIGINT: SIG_IGN, mask=00000000000000000000000000000000, flags=none, blocked
   SIGTERM: UserHandler in libjvm.so, mask=11100100010111111101111111111110, flags=SA_RESTART|SA_SIGINFO, blocked
   SIGQUIT: UserHandler in libjvm.so, mask=11100100010111111101111111111110, flags=SA_RESTART|SA_SIGINFO, blocked
   SIGTRAP: crash_handler in libjvm.so, mask=11100100010111111101111111111110, flags=SA_RESTART|SA_SIGINFO, unblocked


Periodic native trim disabled

---------------  S Y S T E M  ---------------

OS:
DISTRIB_ID=LinuxMint
DISTRIB_RELEASE=22.1
DISTRIB_CODENAME=xia
DISTRIB_DESCRIPTION="Linux Mint 22.1 Xia"
uname: Linux 6.8.0-51-generic #52-Ubuntu SMP PREEMPT_DYNAMIC Thu Dec  5 13:09:44 UTC 2024 x86_64
OS uptime: 0 days 0:31 hours
libc: glibc 2.39 NPTL 2.39 
rlimit (soft/hard): STACK 8192k/infinity , CORE 0k/infinity , NPROC 30798/30798 , NOFILE 1048576/1048576 , AS infinity/infinity , CPU infinity/infinity , DATA infinity/infinity , FSIZE infinity/infinity , MEMLOCK 995356k/995356k
load average: 0.69 0.62 0.50

/proc/meminfo:
MemTotal:        7962876 kB
MemFree:         2064232 kB
MemAvailable:    3986696 kB
Buffers:          119252 kB
Cached:          2371908 kB
SwapCached:            0 kB
Active:          4005448 kB
Inactive:        1071948 kB
Active(anon):    2994332 kB
Inactive(anon):        0 kB
Active(file):    1011116 kB
Inactive(file):  1071948 kB
Unevictable:      339760 kB
Mlocked:              64 kB
SwapTotal:      15997944 kB
SwapFree:       15997944 kB
Zswap:                 0 kB
Zswapped:              0 kB
Dirty:               220 kB
Writeback:             0 kB
AnonPages:       2926252 kB
Mapped:           615168 kB
Shmem:            408096 kB
KReclaimable:     126524 kB
Slab:             265896 kB
SReclaimable:     126524 kB
SUnreclaim:       139372 kB
KernelStack:       15440 kB
PageTables:        40676 kB
SecPageTables:         0 kB
NFS_Unstable:          0 kB
Bounce:                0 kB
WritebackTmp:          0 kB
CommitLimit:    19979380 kB
Committed_AS:   15747444 kB
VmallocTotal:   34359738367 kB
VmallocUsed:       39872 kB
VmallocChunk:          0 kB
Percpu:             8064 kB
HardwareCorrupted:     0 kB
AnonHugePages:         0 kB
ShmemHugePages:        0 kB
ShmemPmdMapped:        0 kB
FileHugePages:         0 kB
FilePmdMapped:         0 kB
Unaccepted:            0 kB
HugePages_Total:       0
HugePages_Free:        0
HugePages_Rsvd:        0
HugePages_Surp:        0
Hugepagesize:       2048 kB
Hugetlb:               0 kB
DirectMap4k:      168484 kB
DirectMap2M:     4909056 kB
DirectMap1G:     3145728 kB

/sys/kernel/mm/transparent_hugepage/enabled: always [madvise] never
/sys/kernel/mm/transparent_hugepage/hpage_pmd_size: 2097152
/sys/kernel/mm/transparent_hugepage/defrag (defrag/compaction efforts parameter): always defer defer+madvise [madvise] never

Process Memory:
Virtual Size: 5044432K (peak: 5045168K)
Resident Set Size: 109424K (peak: 109680K) (anon: 84412K, file: 25012K, shmem: 0K)
Swapped out: 0K
C-Heap outstanding allocations: 53975K, retained: 5412K
glibc malloc tunables: (default)

/proc/sys/kernel/threads-max (system-wide limit on the number of threads): 61597
/proc/sys/vm/max_map_count (maximum number of memory map areas a process may have): 1048576
/proc/sys/vm/swappiness (control to define how aggressively the kernel swaps out anonymous memory): 60
/proc/sys/kernel/pid_max (system-wide limit on number of process identifiers): 4194304

container (cgroup) information:
container_type: cgroupv2
cpu_cpuset_cpus: not supported
cpu_memory_nodes: not supported
active_processor_count: 12
cpu_quota: no quota
cpu_period: 100000
cpu_shares: no shares
memory_limit_in_bytes: unlimited
memory_and_swap_limit_in_bytes: unlimited
memory_soft_limit_in_bytes: unlimited
memory_usage_in_bytes: 3751792 k
memory_max_usage_in_bytes: not supported
memory_swap_current_in_bytes: unlimited
memory_swap_max_limit_in_bytes: unlimited
maximum number of tasks: unlimited
current number of tasks: 478

Steal ticks since vm start: 0
Steal ticks percentage since vm start:  0.000

CPU: total 12 (initial active 12) (6 cores per cpu, 2 threads per core) family 6 model 165 stepping 3 microcode 0xfc, cx8, cmov, fxsr, ht, mmx, 3dnowpref, sse, sse2, sse3, ssse3, sse4.1, sse4.2, popcnt, lzcnt, tsc, tscinvbit, avx, avx2, aes, erms, clmul, bmi1, bmi2, adx, fma, vzeroupper, clflush, clflushopt, rdtscp, f16c
CPU Model and flags from /proc/cpuinfo:
model name	: Intel(R) Core(TM) i5-10400 CPU @ 2.90GHz
flags		: fpu vme de pse tsc msr pae mce cx8 apic sep mtrr pge mca cmov pat pse36 clflush dts acpi mmx fxsr sse sse2 ss ht tm pbe syscall nx pdpe1gb rdtscp lm constant_tsc art arch_perfmon pebs bts rep_good nopl xtopology nonstop_tsc cpuid aperfmperf pni pclmulqdq dtes64 monitor ds_cpl vmx est tm2 ssse3 sdbg fma cx16 xtpr pdcm pcid sse4_1 sse4_2 x2apic movbe popcnt tsc_deadline_timer aes xsave avx f16c rdrand lahf_lm abm 3dnowprefetch cpuid_fault epb ssbd ibrs ibpb stibp ibrs_enhanced tpr_shadow flexpriority ept vpid ept_ad fsgsbase tsc_adjust bmi1 avx2 smep bmi2 erms invpcid mpx rdseed adx smap clflushopt intel_pt xsaveopt xsavec xgetbv1 xsaves dtherm ida arat pln pts hwp hwp_notify hwp_act_window hwp_epp vnmi md_clear flush_l1d arch_capabilities

Online cpus: 0-11
Offline cpus: 
BIOS frequency limitation: <Not Available>
Frequency switch latency (ns): 0
Available cpu frequencies: <Not Available>
Current governor: powersave
Core performance/turbo boost: <Not Available>

Memory: 4k page, physical 7962876k(3986696k free), swap 15997944k(15997944k free)
Page Sizes: 4k

vm_info: OpenJDK 64-Bit Server VM (21.0.6+7-Ubuntu-124.04.1) for linux-amd64 JRE (21.0.6+7-Ubuntu-124.04.1), built on 2025-01-23T22:52:35Z by "buildd" with gcc 13.3.0

END.
